#
# There is insufficient memory for the Java Runtime Environment to continue.
# Native memory allocation (malloc) failed to allocate 72351744 bytes for committing reserved memory.
# Possible reasons:
#   The system is out of physical RAM or swap space
#   In 32 bit mode, the process size limit was hit
# Possible solutions:
#   Reduce memory load on the system
#   Increase physical memory or swap space
#   Check if swap backing store is full
#   Use 64 bit Java on a 64 bit OS
#   Decrease Java heap size (-Xmx/-Xms)
#   Decrease number of Java threads
#   Decrease Java thread stack sizes (-Xss)
#   Set larger code cache with -XX:ReservedCodeCacheSize=
# This output file may be truncated or incomplete.
#
#  Out of Memory Error (os_linux.cpp:2809), pid=10974, tid=140499787704064
#
# JRE version: OpenJDK Runtime Environment (7.0_79-b14) (build 1.7.0_79-b14)
# Java VM: OpenJDK 64-Bit Server VM (24.79-b02 mixed mode linux-amd64 compressed oops)
# Derivative: IcedTea 2.5.6
# Distribution: Ubuntu 14.04 LTS, package 7u79-2.5.6-0ubuntu1.14.04.1
# Failed to write core dump. Core dumps have been disabled. To enable core dumping, try "ulimit -c unlimited" before starting Java again
#

---------------  T H R E A D  ---------------

Current thread (0x00007fc8b4076000):  VMThread [stack: 0x00007fc8a7dfe000,0x00007fc8a7eff000] [id=11008]

Stack: [0x00007fc8a7dfe000,0x00007fc8a7eff000],  sp=0x00007fc8a7efd490,  free space=1021k
Native frames: (J=compiled Java code, j=interpreted, Vv=VM code, C=native code)
V  [libjvm.so+0x94afd5]  VMError::report_and_die()+0x175
V  [libjvm.so+0x48b9f4]  report_vm_out_of_memory(char const*, int, unsigned long, char const*)+0x74
V  [libjvm.so+0x7c809b]  os::pd_commit_memory(char*, unsigned long, unsigned long, bool)+0xeb
V  [libjvm.so+0x7c2b3f]  os::commit_memory(char*, unsigned long, unsigned long, bool)+0x1f
V  [libjvm.so+0x83503b]  PSVirtualSpace::expand_by(unsigned long)+0x5b
V  [libjvm.so+0x835e90]  PSYoungGen::resize_generation(unsigned long, unsigned long)+0xb0
V  [libjvm.so+0x83657b]  PSYoungGen::resize(unsigned long, unsigned long)+0x1b
V  [libjvm.so+0x832860]  PSScavenge::invoke_no_policy()+0xde0
V  [libjvm.so+0x833038]  PSScavenge::invoke()+0x38
V  [libjvm.so+0x7e9723]  ParallelScavengeHeap::failed_mem_allocate(unsigned long)+0x63
V  [libjvm.so+0x94c9d4]  VM_ParallelGCFailedAllocation::doit()+0x84
V  [libjvm.so+0x950ed7]  VM_Operation::evaluate()+0x47
V  [libjvm.so+0x94f848]  VMThread::evaluate_operation(VM_Operation*)+0x318
V  [libjvm.so+0x94fca9]  VMThread::loop()+0x219
V  [libjvm.so+0x9500f2]  VMThread::run()+0x72
V  [libjvm.so+0x7c4f62]  java_start(Thread*)+0xf2

VM_Operation (0x00007fc8a5895010): ParallelGCFailedAllocation, mode: safepoint, requested by thread 0x00007fc8b418b000


---------------  P R O C E S S  ---------------

Java Threads: ( => current thread )
  0x00007fc8b418d000 JavaThread "pool-2-thread-1" [_thread_blocked, id=11040, stack(0x00007fc8a5695000,0x00007fc8a5796000)]
  0x00007fc8b418b000 JavaThread "pool-1-thread-1" [_thread_blocked, id=11039, stack(0x00007fc8a5796000,0x00007fc8a5897000)]
  0x00007fc8b40b1000 JavaThread "Service Thread" daemon [_thread_blocked, id=11022, stack(0x00007fc8a7116000,0x00007fc8a7217000)]
  0x00007fc8b40ae800 JavaThread "C2 CompilerThread1" daemon [_thread_blocked, id=11021, stack(0x00007fc8a7217000,0x00007fc8a7318000)]
  0x00007fc8b40ab800 JavaThread "C2 CompilerThread0" daemon [_thread_in_native, id=11020, stack(0x00007fc8a7318000,0x00007fc8a7419000)]
  0x00007fc8b40a9800 JavaThread "Signal Dispatcher" daemon [_thread_blocked, id=11019, stack(0x00007fc8a7419000,0x00007fc8a751a000)]
  0x00007fc8b407c000 JavaThread "Finalizer" daemon [_thread_blocked, id=11011, stack(0x00007fc8a7bfc000,0x00007fc8a7cfd000)]
  0x00007fc8b407a000 JavaThread "Reference Handler" daemon [_thread_blocked, id=11010, stack(0x00007fc8a7cfd000,0x00007fc8a7dfe000)]
  0x00007fc8b400a800 JavaThread "main" [_thread_blocked, id=10975, stack(0x00007fc8ba54c000,0x00007fc8ba64d000)]

Other Threads:
=>0x00007fc8b4076000 VMThread [stack: 0x00007fc8a7dfe000,0x00007fc8a7eff000] [id=11008]
  0x00007fc8b40bb800 WatcherThread [stack: 0x00007fc8a7015000,0x00007fc8a7116000] [id=11028]

VM state:at safepoint (normal execution)

VM Mutex/Monitor currently owned by a thread:  ([mutex/lock_event])
[0x00007fc8b40069b0] Threads_lock - owner thread: 0x00007fc8b4076000
[0x00007fc8b4006eb0] Heap_lock - owner thread: 0x00007fc8b418b000

Heap
 PSYoungGen      total 70656K, used 8172K [0x00000000eaa80000, 0x00000000ef880000, 0x0000000100000000)
  eden space 62464K, 0% used [0x00000000eaa80000,0x00000000eaa80000,0x00000000ee780000)
  from space 8192K, 99% used [0x00000000ee780000,0x00000000eef7b0b0,0x00000000eef80000)
  to   space 7168K, 0% used [0x00000000eef80000,0x00000000eef80000,0x00000000ef680000)
 ParOldGen       total 40960K, used 22866K [0x00000000c0000000, 0x00000000c2800000, 0x00000000eaa80000)
  object space 40960K, 55% used [0x00000000c0000000,0x00000000c16548f8,0x00000000c2800000)
 PSPermGen       total 21504K, used 6143K [0x00000000b5a00000, 0x00000000b6f00000, 0x00000000c0000000)
  object space 21504K, 28% used [0x00000000b5a00000,0x00000000b5ffffd8,0x00000000b6f00000)

Card table byte_map: [0x00007fc8aff28000,0x00007fc8b017c000] byte_map_base: 0x00007fc8af97b000

Polling page: 0x00007fc8ba66d000

Code Cache  [0x00007fc8b017c000, 0x00007fc8b03ec000, 0x00007fc8b317c000)
 total_blobs=487 nmethods=256 adapters=184 free_code_cache=48039Kb largest_free_block=49155520

Compilation events (10 events):
Event: 10.963 Thread 0x00007fc8b40ae800 nmethod 255 0x00007fc8b02855d0 code [0x00007fc8b0285720, 0x00007fc8b02857b8]
Event: 10.963 Thread 0x00007fc8b40ae800  256             java.util.TreeMap::getEntry (84 bytes)
Event: 10.976 Thread 0x00007fc8b40ae800 nmethod 256 0x00007fc8b0285210 code [0x00007fc8b0285360, 0x00007fc8b0285498]
Event: 10.976 Thread 0x00007fc8b40ae800  257             com.android.dx.rop.code.CstInsn::getConstant (5 bytes)
Event: 10.976 Thread 0x00007fc8b40ae800 nmethod 257 0x00007fc8b01f96d0 code [0x00007fc8b01f9800, 0x00007fc8b01f9858]
Event: 10.976 Thread 0x00007fc8b40ae800  258             com.android.dx.rop.code.InsnList::getLast (11 bytes)
Event: 10.977 Thread 0x00007fc8b40ae800 nmethod 258 0x00007fc8b0213fd0 code [0x00007fc8b0214120, 0x00007fc8b02141f8]
Event: 10.977 Thread 0x00007fc8b40ae800  259   !         com.android.dx.rop.cst.StdConstantPool::get (24 bytes)
Event: 10.978 Thread 0x00007fc8b40ae800 nmethod 259 0x00007fc8b01fad90 code [0x00007fc8b01faee0, 0x00007fc8b01faf98]
Event: 10.978 Thread 0x00007fc8b40ae800  260   !         com.android.dx.cf.code.Ropper::processBlock (1101 bytes)

GC Heap History (10 events):
Event: 2.313 GC heap after
Heap after GC invocations=2 (full 0):
 PSYoungGen      total 18432K, used 2537K [0x00000000eaa80000, 0x00000000ece80000, 0x0000000100000000)
  eden space 15872K, 0% used [0x00000000eaa80000,0x00000000eaa80000,0x00000000eba00000)
  from space 2560K, 99% used [0x00000000ebc80000,0x00000000ebefa790,0x00000000ebf00000)
  to   space 2560K, 0% used [0x00000000eba00000,0x00000000eba00000,0x00000000ebc80000)
 ParOldGen       total 40960K, used 4286K [0x00000000c0000000, 0x00000000c2800000, 0x00000000eaa80000)
  object space 40960K, 10% used [0x00000000c0000000,0x00000000c042f910,0x00000000c2800000)
 PSPermGen       total 21504K, used 5984K [0x00000000b5a00000, 0x00000000b6f00000, 0x00000000c0000000)
  object space 21504K, 27% used [0x00000000b5a00000,0x00000000b5fd8368,0x00000000b6f00000)
}
Event: 3.061 GC heap before
{Heap before GC invocations=3 (full 0):
 PSYoungGen      total 18432K, used 18409K [0x00000000eaa80000, 0x00000000ece80000, 0x0000000100000000)
  eden space 15872K, 100% used [0x00000000eaa80000,0x00000000eba00000,0x00000000eba00000)
  from space 2560K, 99% used [0x00000000ebc80000,0x00000000ebefa790,0x00000000ebf00000)
  to   space 2560K, 0% used [0x00000000eba00000,0x00000000eba00000,0x00000000ebc80000)
 ParOldGen       total 40960K, used 4286K [0x00000000c0000000, 0x00000000c2800000, 0x00000000eaa80000)
  object space 40960K, 10% used [0x00000000c0000000,0x00000000c042f910,0x00000000c2800000)
 PSPermGen       total 21504K, used 6030K [0x00000000b5a00000, 0x00000000b6f00000, 0x00000000c0000000)
  object space 21504K, 28% used [0x00000000b5a00000,0x00000000b5fe3b18,0x00000000b6f00000)
Event: 3.081 GC heap after
Heap after GC invocations=3 (full 0):
 PSYoungGen      total 18432K, used 2540K [0x00000000eaa80000, 0x00000000ece80000, 0x0000000100000000)
  eden space 15872K, 0% used [0x00000000eaa80000,0x00000000eaa80000,0x00000000eba00000)
  from space 2560K, 99% used [0x00000000eba00000,0x00000000ebc7b010,0x00000000ebc80000)
  to   space 2560K, 0% used [0x00000000ecc00000,0x00000000ecc00000,0x00000000ece80000)
 ParOldGen       total 40960K, used 7037K [0x00000000c0000000, 0x00000000c2800000, 0x00000000eaa80000)
  object space 40960K, 17% used [0x00000000c0000000,0x00000000c06df560,0x00000000c2800000)
 PSPermGen       total 21504K, used 6030K [0x00000000b5a00000, 0x00000000b6f00000, 0x00000000c0000000)
  object space 21504K, 28% used [0x00000000b5a00000,0x00000000b5fe3b18,0x00000000b6f00000)
}
Event: 3.859 GC heap before
{Heap before GC invocations=4 (full 0):
 PSYoungGen      total 18432K, used 18412K [0x00000000eaa80000, 0x00000000ece80000, 0x0000000100000000)
  eden space 15872K, 100% used [0x00000000eaa80000,0x00000000eba00000,0x00000000eba00000)
  from space 2560K, 99% used [0x00000000eba00000,0x00000000ebc7b010,0x00000000ebc80000)
  to   space 2560K, 0% used [0x00000000ecc00000,0x00000000ecc00000,0x00000000ece80000)
 ParOldGen       total 40960K, used 7037K [0x00000000c0000000, 0x00000000c2800000, 0x00000000eaa80000)
  object space 40960K, 17% used [0x00000000c0000000,0x00000000c06df560,0x00000000c2800000)
 PSPermGen       total 21504K, used 6054K [0x00000000b5a00000, 0x00000000b6f00000, 0x00000000c0000000)
  object space 21504K, 28% used [0x00000000b5a00000,0x00000000b5fe9b60,0x00000000b6f00000)
Event: 3.899 GC heap after
Heap after GC invocations=4 (full 0):
 PSYoungGen      total 34304K, used 2529K [0x00000000eaa80000, 0x00000000ece80000, 0x0000000100000000)
  eden space 31744K, 0% used [0x00000000eaa80000,0x00000000eaa80000,0x00000000ec980000)
  from space 2560K, 98% used [0x00000000ecc00000,0x00000000ece78538,0x00000000ece80000)
  to   space 2560K, 0% used [0x00000000ec980000,0x00000000ec980000,0x00000000ecc00000)
 ParOldGen       total 40960K, used 10335K [0x00000000c0000000, 0x00000000c2800000, 0x00000000eaa80000)
  object space 40960K, 25% used [0x00000000c0000000,0x00000000c0a17ca0,0x00000000c2800000)
 PSPermGen       total 21504K, used 6054K [0x00000000b5a00000, 0x00000000b6f00000, 0x00000000c0000000)
  object space 21504K, 28% used [0x00000000b5a00000,0x00000000b5fe9b60,0x00000000b6f00000)
}
Event: 6.060 GC heap before
{Heap before GC invocations=5 (full 0):
 PSYoungGen      total 34304K, used 34252K [0x00000000eaa80000, 0x00000000ece80000, 0x0000000100000000)
  eden space 31744K, 99% used [0x00000000eaa80000,0x00000000ec97aea0,0x00000000ec980000)
  from space 2560K, 98% used [0x00000000ecc00000,0x00000000ece78538,0x00000000ece80000)
  to   space 2560K, 0% used [0x00000000ec980000,0x00000000ec980000,0x00000000ecc00000)
 ParOldGen       total 40960K, used 10335K [0x00000000c0000000, 0x00000000c2800000, 0x00000000eaa80000)
  object space 40960K, 25% used [0x00000000c0000000,0x00000000c0a17ca0,0x00000000c2800000)
 PSPermGen       total 21504K, used 6073K [0x00000000b5a00000, 0x00000000b6f00000, 0x00000000c0000000)
  object space 21504K, 28% used [0x00000000b5a00000,0x00000000b5fee760,0x00000000b6f00000)
Event: 6.109 GC heap after
Heap after GC invocations=5 (full 0):
 PSYoungGen      total 34304K, used 2548K [0x00000000eaa80000, 0x00000000ef680000, 0x0000000100000000)
  eden space 31744K, 0% used [0x00000000eaa80000,0x00000000eaa80000,0x00000000ec980000)
  from space 2560K, 99% used [0x00000000ec980000,0x00000000ecbfd030,0x00000000ecc00000)
  to   space 7168K, 0% used [0x00000000eef80000,0x00000000eef80000,0x00000000ef680000)
 ParOldGen       total 40960K, used 14702K [0x00000000c0000000, 0x00000000c2800000, 0x00000000eaa80000)
  object space 40960K, 35% used [0x00000000c0000000,0x00000000c0e5b838,0x00000000c2800000)
 PSPermGen       total 21504K, used 6073K [0x00000000b5a00000, 0x00000000b6f00000, 0x00000000c0000000)
  object space 21504K, 28% used [0x00000000b5a00000,0x00000000b5fee760,0x00000000b6f00000)
}
Event: 7.800 GC heap before
{Heap before GC invocations=6 (full 0):
 PSYoungGen      total 34304K, used 34292K [0x00000000eaa80000, 0x00000000ef680000, 0x0000000100000000)
  eden space 31744K, 100% used [0x00000000eaa80000,0x00000000ec980000,0x00000000ec980000)
  from space 2560K, 99% used [0x00000000ec980000,0x00000000ecbfd030,0x00000000ecc00000)
  to   space 7168K, 0% used [0x00000000eef80000,0x00000000eef80000,0x00000000ef680000)
 ParOldGen       total 40960K, used 14702K [0x00000000c0000000, 0x00000000c2800000, 0x00000000eaa80000)
  object space 40960K, 35% used [0x00000000c0000000,0x00000000c0e5b838,0x00000000c2800000)
 PSPermGen       total 21504K, used 6094K [0x00000000b5a00000, 0x00000000b6f00000, 0x00000000c0000000)
  object space 21504K, 28% used [0x00000000b5a00000,0x00000000b5ff3bf0,0x00000000b6f00000)
Event: 7.847 GC heap after
Heap after GC invocations=6 (full 0):
 PSYoungGen      total 69632K, used 7167K [0x00000000eaa80000, 0x00000000ef880000, 0x0000000100000000)
  eden space 62464K, 0% used [0x00000000eaa80000,0x00000000eaa80000,0x00000000ee780000)
  from space 7168K, 99% used [0x00000000eef80000,0x00000000ef67fcb0,0x00000000ef680000)
  to   space 8192K, 0% used [0x00000000ee780000,0x00000000ee780000,0x00000000eef80000)
 ParOldGen       total 40960K, used 14991K [0x00000000c0000000, 0x00000000c2800000, 0x00000000eaa80000)
  object space 40960K, 36% used [0x00000000c0000000,0x00000000c0ea3ec0,0x00000000c2800000)
 PSPermGen       total 21504K, used 6094K [0x00000000b5a00000, 0x00000000b6f00000, 0x00000000c0000000)
  object space 21504K, 28% used [0x00000000b5a00000,0x00000000b5ff3bf0,0x00000000b6f00000)
}
Event: 11.034 GC heap before
{Heap before GC invocations=7 (full 0):
 PSYoungGen      total 69632K, used 69631K [0x00000000eaa80000, 0x00000000ef880000, 0x0000000100000000)
  eden space 62464K, 100% used [0x00000000eaa80000,0x00000000ee780000,0x00000000ee780000)
  from space 7168K, 99% used [0x00000000eef80000,0x00000000ef67fcb0,0x00000000ef680000)
  to   space 8192K, 0% used [0x00000000ee780000,0x00000000ee780000,0x00000000eef80000)
 ParOldGen       total 40960K, used 14991K [0x00000000c0000000, 0x00000000c2800000, 0x00000000eaa80000)
  object space 40960K, 36% used [0x00000000c0000000,0x00000000c0ea3ec0,0x00000000c2800000)
 PSPermGen       total 21504K, used 6143K [0x00000000b5a00000, 0x00000000b6f00000, 0x00000000c0000000)
  object space 21504K, 28% used [0x00000000b5a00000,0x00000000b5ffffd8,0x00000000b6f00000)

Deoptimization events (8 events):
Event: 1.208 Thread 0x00007fc8b418b000 Uncommon trap: reason=class_check action=maybe_recompile pc=0x00007fc8b01f8fac method=com.android.dx.ssa.NormalSsaInsn.accept(Lcom/android/dx/ssa/SsaInsn$Visitor;)V @ 9
Event: 1.715 Thread 0x00007fc8b4198000 Uncommon trap: reason=class_check action=maybe_recompile pc=0x00007fc8b01f8fac method=com.android.dx.ssa.NormalSsaInsn.accept(Lcom/android/dx/ssa/SsaInsn$Visitor;)V @ 9
Event: 1.715 Thread 0x00007fc8b4198000 Uncommon trap: reason=class_check action=maybe_recompile pc=0x00007fc8b01f8fac method=com.android.dx.ssa.NormalSsaInsn.accept(Lcom/android/dx/ssa/SsaInsn$Visitor;)V @ 9
Event: 1.715 Thread 0x00007fc8b4198000 Uncommon trap: reason=class_check action=maybe_recompile pc=0x00007fc8b01f8fac method=com.android.dx.ssa.NormalSsaInsn.accept(Lcom/android/dx/ssa/SsaInsn$Visitor;)V @ 9
Event: 2.015 Thread 0x00007fc8b4198000 Uncommon trap: reason=null_check action=make_not_entrant pc=0x00007fc8b020205c method=com.android.dx.ssa.SsaRenamer.getLocalForNewReg(I)Lcom/android/dx/rop/code/LocalItem; @ 19
Event: 2.247 Thread 0x00007fc8b4197000 Uncommon trap: reason=unreached action=reinterpret pc=0x00007fc8b01fe404 method=com.android.dx.rop.cst.Constant.compareTo(Lcom/android/dx/rop/cst/Constant;)I @ 12
Event: 2.936 Thread 0x00007fc8b418b000 Uncommon trap: reason=null_check action=make_not_entrant pc=0x00007fc8b0214254 method=com.android.dx.rop.type.Type.equals(Ljava/lang/Object;)Z @ 8
Event: 9.073 Thread 0x00007fc8b400a800 Uncommon trap: reason=null_check action=make_not_entrant pc=0x00007fc8b027ce18 method=com.android.dx.rop.type.Type.putIntern(Lcom/android/dx/rop/type/Type;)Lcom/android/dx/rop/type/Type; @ 18

Internal exceptions (10 events):
Event: 0.799 Thread 0x00007fc8b418b000 Threw 0x00000000eb54aae8 at /build/openjdk-7-FO0dNI/openjdk-7-7u79-2.5.6/build/openjdk/hotspot/src/share/vm/prims/jvm.cpp:1284
Event: 0.835 Thread 0x00007fc8b418b000 Threw 0x00000000eb5569c8 at /build/openjdk-7-FO0dNI/openjdk-7-7u79-2.5.6/build/openjdk/hotspot/src/share/vm/prims/jvm.cpp:1284
Event: 0.914 Thread 0x00007fc8b418b000 Threw 0x00000000eb57cf78 at /build/openjdk-7-FO0dNI/openjdk-7-7u79-2.5.6/build/openjdk/hotspot/src/share/vm/prims/jvm.cpp:1284
Event: 1.532 Thread 0x00007fc8b400a800 Threw 0x00000000eadfbe60 at /build/openjdk-7-FO0dNI/openjdk-7-7u79-2.5.6/build/openjdk/hotspot/src/share/vm/prims/jvm.cpp:1284
Event: 1.951 Thread 0x00007fc8b4195000 Threw 0x00000000eb49ddd8 at /build/openjdk-7-FO0dNI/openjdk-7-7u79-2.5.6/build/openjdk/hotspot/src/share/vm/prims/jvm.cpp:1284
Event: 2.015 Thread 0x00007fc8b4198000 Implicit null exception at 0x00007fc8b02015d6 to 0x00007fc8b0202045
Event: 2.936 Thread 0x00007fc8b418b000 Implicit null exception at 0x00007fc8b0214152 to 0x00007fc8b0214246
Event: 5.934 Thread 0x00007fc8b4197000 Threw 0x00000000ec705418 at /build/openjdk-7-FO0dNI/openjdk-7-7u79-2.5.6/build/openjdk/hotspot/src/share/vm/prims/jvm.cpp:1284
Event: 9.073 Thread 0x00007fc8b400a800 Implicit null exception at 0x00007fc8b027c6e3 to 0x00007fc8b027ce09
Event: 9.751 Thread 0x00007fc8b400a800 Threw 0x00000000ecd30428 at /build/openjdk-7-FO0dNI/openjdk-7-7u79-2.5.6/build/openjdk/hotspot/src/share/vm/prims/jvm.cpp:1284

Events (10 events):
Event: 9.751 loading class 0x00007fc8b4115650 done
Event: 9.812 loading class 0x00007fc8ad1b0a40
Event: 9.820 loading class 0x00007fc8ad1b0a40 done
Event: 9.820 loading class 0x00007fc8ad1b09b0
Event: 9.820 loading class 0x00007fc8ad1b09b0 done
Event: 10.202 Thread 0x00007fc8b4197000 Thread exited: 0x00007fc8b4197000
Event: 10.776 Thread 0x00007fc8b4198000 Thread exited: 0x00007fc8b4198000
Event: 10.790 Thread 0x00007fc8b4195000 Thread exited: 0x00007fc8b4195000
Event: 10.976 Thread 0x00007fc8b40ae800 flushing nmethod 0x00007fc8b0213fd0
Event: 11.034 Executing VM operation: ParallelGCFailedAllocation


Dynamic libraries:
00400000-00401000 r-xp 00000000 08:05 1068837                            /usr/lib/jvm/java-7-openjdk-amd64/jre/bin/java
00600000-00601000 r--p 00000000 08:05 1068837                            /usr/lib/jvm/java-7-openjdk-amd64/jre/bin/java
00601000-00602000 rw-p 00001000 08:05 1068837                            /usr/lib/jvm/java-7-openjdk-amd64/jre/bin/java
01a1c000-01a3d000 rw-p 00000000 00:00 0                                  [heap]
b5a00000-b6f00000 rw-p 00000000 00:00 0 
b6f00000-c0000000 rw-p 00000000 00:00 0 
c0000000-c2800000 rw-p 00000000 00:00 0 
c2800000-eaa80000 rw-p 00000000 00:00 0 
eaa80000-ef880000 rw-p 00000000 00:00 0 
f3d80000-100000000 rw-p 00000000 00:00 0 
7fc860000000-7fc860021000 rw-p 00000000 00:00 0 
7fc860021000-7fc864000000 ---p 00000000 00:00 0 
7fc868000000-7fc868021000 rw-p 00000000 00:00 0 
7fc868021000-7fc86c000000 ---p 00000000 00:00 0 
7fc86c000000-7fc86c021000 rw-p 00000000 00:00 0 
7fc86c021000-7fc870000000 ---p 00000000 00:00 0 
7fc870000000-7fc870055000 rw-p 00000000 00:00 0 
7fc870055000-7fc874000000 ---p 00000000 00:00 0 
7fc874000000-7fc874021000 rw-p 00000000 00:00 0 
7fc874021000-7fc878000000 ---p 00000000 00:00 0 
7fc878000000-7fc878021000 rw-p 00000000 00:00 0 
7fc878021000-7fc87c000000 ---p 00000000 00:00 0 
7fc87c000000-7fc87c021000 rw-p 00000000 00:00 0 
7fc87c021000-7fc880000000 ---p 00000000 00:00 0 
7fc880000000-7fc881a34000 rw-p 00000000 00:00 0 
7fc881a34000-7fc884000000 ---p 00000000 00:00 0 
7fc884000000-7fc884e8f000 rw-p 00000000 00:00 0 
7fc884e8f000-7fc888000000 ---p 00000000 00:00 0 
7fc888000000-7fc888021000 rw-p 00000000 00:00 0 
7fc888021000-7fc88c000000 ---p 00000000 00:00 0 
7fc88c000000-7fc88c021000 rw-p 00000000 00:00 0 
7fc88c021000-7fc890000000 ---p 00000000 00:00 0 
7fc890000000-7fc890241000 rw-p 00000000 00:00 0 
7fc890241000-7fc894000000 ---p 00000000 00:00 0 
7fc894000000-7fc894021000 rw-p 00000000 00:00 0 
7fc894021000-7fc898000000 ---p 00000000 00:00 0 
7fc898000000-7fc898021000 rw-p 00000000 00:00 0 
7fc898021000-7fc89c000000 ---p 00000000 00:00 0 
7fc89c000000-7fc89c021000 rw-p 00000000 00:00 0 
7fc89c021000-7fc8a0000000 ---p 00000000 00:00 0 
7fc8a0000000-7fc8a0021000 rw-p 00000000 00:00 0 
7fc8a0021000-7fc8a4000000 ---p 00000000 00:00 0 
7fc8a5392000-7fc8a5395000 ---p 00000000 00:00 0 
7fc8a5395000-7fc8a5493000 rw-p 00000000 00:00 0 
7fc8a5493000-7fc8a5496000 ---p 00000000 00:00 0 
7fc8a5496000-7fc8a5594000 rw-p 00000000 00:00 0 
7fc8a5594000-7fc8a5597000 ---p 00000000 00:00 0 
7fc8a5597000-7fc8a5695000 rw-p 00000000 00:00 0 
7fc8a5695000-7fc8a5698000 ---p 00000000 00:00 0 
7fc8a5698000-7fc8a5796000 rw-p 00000000 00:00 0                          [stack:11040]
7fc8a5796000-7fc8a5799000 ---p 00000000 00:00 0 
7fc8a5799000-7fc8a5897000 rw-p 00000000 00:00 0                          [stack:11039]
7fc8a5897000-7fc8a58d4000 r-xp 00000000 08:05 2645095                    /lib/x86_64-linux-gnu/libpcre.so.3.13.1
7fc8a58d4000-7fc8a5ad3000 ---p 0003d000 08:05 2645095                    /lib/x86_64-linux-gnu/libpcre.so.3.13.1
7fc8a5ad3000-7fc8a5ad4000 r--p 0003c000 08:05 2645095                    /lib/x86_64-linux-gnu/libpcre.so.3.13.1
7fc8a5ad4000-7fc8a5ad5000 rw-p 0003d000 08:05 2645095                    /lib/x86_64-linux-gnu/libpcre.so.3.13.1
7fc8a5ad5000-7fc8a5adc000 r-xp 00000000 08:05 140488                     /usr/lib/x86_64-linux-gnu/libffi.so.6.0.1
7fc8a5adc000-7fc8a5cdb000 ---p 00007000 08:05 140488                     /usr/lib/x86_64-linux-gnu/libffi.so.6.0.1
7fc8a5cdb000-7fc8a5cdc000 r--p 00006000 08:05 140488                     /usr/lib/x86_64-linux-gnu/libffi.so.6.0.1
7fc8a5cdc000-7fc8a5cdd000 rw-p 00007000 08:05 140488                     /usr/lib/x86_64-linux-gnu/libffi.so.6.0.1
7fc8a5cdd000-7fc8a5cf4000 r-xp 00000000 08:05 2625561                    /lib/x86_64-linux-gnu/libresolv-2.19.so
7fc8a5cf4000-7fc8a5ef4000 ---p 00017000 08:05 2625561                    /lib/x86_64-linux-gnu/libresolv-2.19.so
7fc8a5ef4000-7fc8a5ef5000 r--p 00017000 08:05 2625561                    /lib/x86_64-linux-gnu/libresolv-2.19.so
7fc8a5ef5000-7fc8a5ef6000 rw-p 00018000 08:05 2625561                    /lib/x86_64-linux-gnu/libresolv-2.19.so
7fc8a5ef6000-7fc8a5ef8000 rw-p 00000000 00:00 0 
7fc8a5ef8000-7fc8a5f18000 r-xp 00000000 08:05 2625686                    /lib/x86_64-linux-gnu/libselinux.so.1
7fc8a5f18000-7fc8a6117000 ---p 00020000 08:05 2625686                    /lib/x86_64-linux-gnu/libselinux.so.1
7fc8a6117000-7fc8a6118000 r--p 0001f000 08:05 2625686                    /lib/x86_64-linux-gnu/libselinux.so.1
7fc8a6118000-7fc8a6119000 rw-p 00020000 08:05 2625686                    /lib/x86_64-linux-gnu/libselinux.so.1
7fc8a6119000-7fc8a611b000 rw-p 00000000 00:00 0 
7fc8a611b000-7fc8a611e000 r-xp 00000000 08:05 131436                     /usr/lib/x86_64-linux-gnu/libgmodule-2.0.so.0.4002.0
7fc8a611e000-7fc8a631d000 ---p 00003000 08:05 131436                     /usr/lib/x86_64-linux-gnu/libgmodule-2.0.so.0.4002.0
7fc8a631d000-7fc8a631e000 r--p 00002000 08:05 131436                     /usr/lib/x86_64-linux-gnu/libgmodule-2.0.so.0.4002.0
7fc8a631e000-7fc8a631f000 rw-p 00003000 08:05 131436                     /usr/lib/x86_64-linux-gnu/libgmodule-2.0.so.0.4002.0
7fc8a631f000-7fc8a6425000 r-xp 00000000 08:05 2625714                    /lib/x86_64-linux-gnu/libglib-2.0.so.0.4002.0
7fc8a6425000-7fc8a6624000 ---p 00106000 08:05 2625714                    /lib/x86_64-linux-gnu/libglib-2.0.so.0.4002.0
7fc8a6624000-7fc8a6625000 r--p 00105000 08:05 2625714                    /lib/x86_64-linux-gnu/libglib-2.0.so.0.4002.0
7fc8a6625000-7fc8a6626000 rw-p 00106000 08:05 2625714                    /lib/x86_64-linux-gnu/libglib-2.0.so.0.4002.0
7fc8a6626000-7fc8a6627000 rw-p 00000000 00:00 0 
7fc8a6627000-7fc8a6676000 r-xp 00000000 08:05 131454                     /usr/lib/x86_64-linux-gnu/libgobject-2.0.so.0.4002.0
7fc8a6676000-7fc8a6876000 ---p 0004f000 08:05 131454                     /usr/lib/x86_64-linux-gnu/libgobject-2.0.so.0.4002.0
7fc8a6876000-7fc8a6877000 r--p 0004f000 08:05 131454                     /usr/lib/x86_64-linux-gnu/libgobject-2.0.so.0.4002.0
7fc8a6877000-7fc8a6878000 rw-p 00050000 08:05 131454                     /usr/lib/x86_64-linux-gnu/libgobject-2.0.so.0.4002.0
7fc8a6878000-7fc8a69e4000 r-xp 00000000 08:05 131458                     /usr/lib/x86_64-linux-gnu/libgio-2.0.so.0.4002.0
7fc8a69e4000-7fc8a6be3000 ---p 0016c000 08:05 131458                     /usr/lib/x86_64-linux-gnu/libgio-2.0.so.0.4002.0
7fc8a6be3000-7fc8a6be7000 r--p 0016b000 08:05 131458                     /usr/lib/x86_64-linux-gnu/libgio-2.0.so.0.4002.0
7fc8a6be7000-7fc8a6be9000 rw-p 0016f000 08:05 131458                     /usr/lib/x86_64-linux-gnu/libgio-2.0.so.0.4002.0
7fc8a6be9000-7fc8a6beb000 rw-p 00000000 00:00 0 
7fc8a6beb000-7fc8a6c02000 r-xp 00000000 08:05 1061257                    /usr/lib/jvm/java-7-openjdk-amd64/jre/lib/amd64/libnet.so
7fc8a6c02000-7fc8a6e01000 ---p 00017000 08:05 1061257                    /usr/lib/jvm/java-7-openjdk-amd64/jre/lib/amd64/libnet.so
7fc8a6e01000-7fc8a6e02000 r--p 00016000 08:05 1061257                    /usr/lib/jvm/java-7-openjdk-amd64/jre/lib/amd64/libnet.so
7fc8a6e02000-7fc8a6e03000 rw-p 00017000 08:05 1061257                    /usr/lib/jvm/java-7-openjdk-amd64/jre/lib/amd64/libnet.so
7fc8a6e03000-7fc8a6e13000 r-xp 00000000 08:05 1061262                    /usr/lib/jvm/java-7-openjdk-amd64/jre/lib/amd64/libnio.so
7fc8a6e13000-7fc8a7013000 ---p 00010000 08:05 1061262                    /usr/lib/jvm/java-7-openjdk-amd64/jre/lib/amd64/libnio.so
7fc8a7013000-7fc8a7014000 r--p 00010000 08:05 1061262                    /usr/lib/jvm/java-7-openjdk-amd64/jre/lib/amd64/libnio.so
7fc8a7014000-7fc8a7015000 rw-p 00011000 08:05 1061262                    /usr/lib/jvm/java-7-openjdk-amd64/jre/lib/amd64/libnio.so
7fc8a7015000-7fc8a7016000 ---p 00000000 00:00 0 
7fc8a7016000-7fc8a7116000 rw-p 00000000 00:00 0                          [stack:11028]
7fc8a7116000-7fc8a7119000 ---p 00000000 00:00 0 
7fc8a7119000-7fc8a7217000 rw-p 00000000 00:00 0                          [stack:11022]
7fc8a7217000-7fc8a721a000 ---p 00000000 00:00 0 
7fc8a721a000-7fc8a7318000 rw-p 00000000 00:00 0                          [stack:11021]
7fc8a7318000-7fc8a731b000 ---p 00000000 00:00 0 
7fc8a731b000-7fc8a7419000 rw-p 00000000 00:00 0                          [stack:11020]
7fc8a7419000-7fc8a741c000 ---p 00000000 00:00 0 
7fc8a741c000-7fc8a751a000 rw-p 00000000 00:00 0                          [stack:11019]
7fc8a751a000-7fc8a7bfc000 r--p 00000000 08:05 139074                     /usr/lib/locale/locale-archive
7fc8a7bfc000-7fc8a7bff000 ---p 00000000 00:00 0 
7fc8a7bff000-7fc8a7cfd000 rw-p 00000000 00:00 0                          [stack:11011]
7fc8a7cfd000-7fc8a7d00000 ---p 00000000 00:00 0 
7fc8a7d00000-7fc8a7dfe000 rw-p 00000000 00:00 0                          [stack:11010]
7fc8a7dfe000-7fc8a7dff000 ---p 00000000 00:00 0 
7fc8a7dff000-7fc8a8000000 rw-p 00000000 00:00 0                          [stack:11008]
7fc8a8000000-7fc8a8021000 rw-p 00000000 00:00 0 
7fc8a8021000-7fc8ac000000 ---p 00000000 00:00 0 
7fc8ac005000-7fc8ac036000 rw-p 00000000 00:00 0 
7fc8ac052000-7fc8acf4e000 rw-p 00000000 00:00 0 
7fc8acf4e000-7fc8ad0ff000 r--s 01d29000 08:05 1060481                    /usr/lib/jvm/java-7-openjdk-amd64/jre/lib/rt.jar
7fc8ad0ff000-7fc8af97b000 rw-p 00000000 00:00 0 
7fc8af97b000-7fc8af97c000 ---p 00000000 00:00 0 
7fc8af97c000-7fc8afa7c000 rw-p 00000000 00:00 0                          [stack:10988]
7fc8afa7c000-7fc8afa7d000 ---p 00000000 00:00 0 
7fc8afa7d000-7fc8afb7d000 rw-p 00000000 00:00 0                          [stack:10987]
7fc8afb7d000-7fc8afb7e000 ---p 00000000 00:00 0 
7fc8afb7e000-7fc8afc7e000 rw-p 00000000 00:00 0                          [stack:10986]
7fc8afc7e000-7fc8afc7f000 ---p 00000000 00:00 0 
7fc8afc7f000-7fc8afd8a000 rw-p 00000000 00:00 0                          [stack:10985]
7fc8afd8a000-7fc8afdd2000 rw-p 00000000 00:00 0 
7fc8afdd2000-7fc8afde6000 rw-p 00000000 00:00 0 
7fc8afde6000-7fc8aff28000 rw-p 00000000 00:00 0 
7fc8aff28000-7fc8aff33000 rw-p 00000000 00:00 0 
7fc8aff33000-7fc8aff7b000 rw-p 00000000 00:00 0 
7fc8aff7b000-7fc8aff8f000 rw-p 00000000 00:00 0 
7fc8aff8f000-7fc8b00d0000 rw-p 00000000 00:00 0 
7fc8b00d0000-7fc8b00f8000 rw-p 00000000 00:00 0 
7fc8b00f8000-7fc8b017b000 rw-p 00000000 00:00 0 
7fc8b017b000-7fc8b017c000 rw-p 00000000 00:00 0 
7fc8b017c000-7fc8b03ec000 rwxp 00000000 00:00 0 
7fc8b03ec000-7fc8b317c000 rw-p 00000000 00:00 0 
7fc8b317c000-7fc8b3184000 r-xp 00000000 08:05 1061232                    /usr/lib/jvm/java-7-openjdk-amd64/jre/lib/amd64/libzip.so
7fc8b3184000-7fc8b3383000 ---p 00008000 08:05 1061232                    /usr/lib/jvm/java-7-openjdk-amd64/jre/lib/amd64/libzip.so
7fc8b3383000-7fc8b3384000 r--p 00007000 08:05 1061232                    /usr/lib/jvm/java-7-openjdk-amd64/jre/lib/amd64/libzip.so
7fc8b3384000-7fc8b3385000 rw-p 00008000 08:05 1061232                    /usr/lib/jvm/java-7-openjdk-amd64/jre/lib/amd64/libzip.so
7fc8b3385000-7fc8b3390000 r-xp 00000000 08:05 2637386                    /lib/x86_64-linux-gnu/libnss_files-2.19.so
7fc8b3390000-7fc8b358f000 ---p 0000b000 08:05 2637386                    /lib/x86_64-linux-gnu/libnss_files-2.19.so
7fc8b358f000-7fc8b3590000 r--p 0000a000 08:05 2637386                    /lib/x86_64-linux-gnu/libnss_files-2.19.so
7fc8b3590000-7fc8b3591000 rw-p 0000b000 08:05 2637386                    /lib/x86_64-linux-gnu/libnss_files-2.19.so
7fc8b3591000-7fc8b359c000 r-xp 00000000 08:05 2637424                    /lib/x86_64-linux-gnu/libnss_nis-2.19.so
7fc8b359c000-7fc8b379b000 ---p 0000b000 08:05 2637424                    /lib/x86_64-linux-gnu/libnss_nis-2.19.so
7fc8b379b000-7fc8b379c000 r--p 0000a000 08:05 2637424                    /lib/x86_64-linux-gnu/libnss_nis-2.19.so
7fc8b379c000-7fc8b379d000 rw-p 0000b000 08:05 2637424                    /lib/x86_64-linux-gnu/libnss_nis-2.19.so
7fc8b379d000-7fc8b37b4000 r-xp 00000000 08:05 2637401                    /lib/x86_64-linux-gnu/libnsl-2.19.so
7fc8b37b4000-7fc8b39b3000 ---p 00017000 08:05 2637401                    /lib/x86_64-linux-gnu/libnsl-2.19.so
7fc8b39b3000-7fc8b39b4000 r--p 00016000 08:05 2637401                    /lib/x86_64-linux-gnu/libnsl-2.19.so
7fc8b39b4000-7fc8b39b5000 rw-p 00017000 08:05 2637401                    /lib/x86_64-linux-gnu/libnsl-2.19.so
7fc8b39b5000-7fc8b39b7000 rw-p 00000000 00:00 0 
7fc8b39b7000-7fc8b39c0000 r-xp 00000000 08:05 2637400                    /lib/x86_64-linux-gnu/libnss_compat-2.19.so
7fc8b39c0000-7fc8b3bbf000 ---p 00009000 08:05 2637400                    /lib/x86_64-linux-gnu/libnss_compat-2.19.so
7fc8b3bbf000-7fc8b3bc0000 r--p 00008000 08:05 2637400                    /lib/x86_64-linux-gnu/libnss_compat-2.19.so
7fc8b3bc0000-7fc8b3bc1000 rw-p 00009000 08:05 2637400                    /lib/x86_64-linux-gnu/libnss_compat-2.19.so
7fc8b3bc1000-7fc8b3bec000 r-xp 00000000 08:05 1061265                    /usr/lib/jvm/java-7-openjdk-amd64/jre/lib/amd64/libjava.so
7fc8b3bec000-7fc8b3deb000 ---p 0002b000 08:05 1061265                    /usr/lib/jvm/java-7-openjdk-amd64/jre/lib/amd64/libjava.so
7fc8b3deb000-7fc8b3dec000 r--p 0002a000 08:05 1061265                    /usr/lib/jvm/java-7-openjdk-amd64/jre/lib/amd64/libjava.so
7fc8b3dec000-7fc8b3dee000 rw-p 0002b000 08:05 1061265                    /usr/lib/jvm/java-7-openjdk-amd64/jre/lib/amd64/libjava.so
7fc8b3dee000-7fc8b3dfe000 r-xp 00000000 08:05 1061247                    /usr/lib/jvm/java-7-openjdk-amd64/jre/lib/amd64/libverify.so
7fc8b3dfe000-7fc8b3ffd000 ---p 00010000 08:05 1061247                    /usr/lib/jvm/java-7-openjdk-amd64/jre/lib/amd64/libverify.so
7fc8b3ffd000-7fc8b3fff000 r--p 0000f000 08:05 1061247                    /usr/lib/jvm/java-7-openjdk-amd64/jre/lib/amd64/libverify.so
7fc8b3fff000-7fc8b4000000 rw-p 00011000 08:05 1061247                    /usr/lib/jvm/java-7-openjdk-amd64/jre/lib/amd64/libverify.so
7fc8b4000000-7fc8b41b3000 rw-p 00000000 00:00 0 
7fc8b41b3000-7fc8b8000000 ---p 00000000 00:00 0 
7fc8b8005000-7fc8b8014000 r--s 000df000 08:05 409110                     /home/lord_tyler/Android/Sdk/build-tools/23.0.1/lib/dx.jar
7fc8b8014000-7fc8b801b000 r-xp 00000000 08:05 2637418                    /lib/x86_64-linux-gnu/librt-2.19.so
7fc8b801b000-7fc8b821a000 ---p 00007000 08:05 2637418                    /lib/x86_64-linux-gnu/librt-2.19.so
7fc8b821a000-7fc8b821b000 r--p 00006000 08:05 2637418                    /lib/x86_64-linux-gnu/librt-2.19.so
7fc8b821b000-7fc8b821c000 rw-p 00007000 08:05 2637418                    /lib/x86_64-linux-gnu/librt-2.19.so
7fc8b821c000-7fc8b8232000 r-xp 00000000 08:05 2625485                    /lib/x86_64-linux-gnu/libgcc_s.so.1
7fc8b8232000-7fc8b8431000 ---p 00016000 08:05 2625485                    /lib/x86_64-linux-gnu/libgcc_s.so.1
7fc8b8431000-7fc8b8432000 rw-p 00015000 08:05 2625485                    /lib/x86_64-linux-gnu/libgcc_s.so.1
7fc8b8432000-7fc8b8537000 r-xp 00000000 08:05 2628562                    /lib/x86_64-linux-gnu/libm-2.19.so
7fc8b8537000-7fc8b8736000 ---p 00105000 08:05 2628562                    /lib/x86_64-linux-gnu/libm-2.19.so
7fc8b8736000-7fc8b8737000 r--p 00104000 08:05 2628562                    /lib/x86_64-linux-gnu/libm-2.19.so
7fc8b8737000-7fc8b8738000 rw-p 00105000 08:05 2628562                    /lib/x86_64-linux-gnu/libm-2.19.so
7fc8b8738000-7fc8b881e000 r-xp 00000000 08:05 135324                     /usr/lib/x86_64-linux-gnu/libstdc++.so.6.0.19
7fc8b881e000-7fc8b8a1d000 ---p 000e6000 08:05 135324                     /usr/lib/x86_64-linux-gnu/libstdc++.so.6.0.19
7fc8b8a1d000-7fc8b8a25000 r--p 000e5000 08:05 135324                     /usr/lib/x86_64-linux-gnu/libstdc++.so.6.0.19
7fc8b8a25000-7fc8b8a27000 rw-p 000ed000 08:05 135324                     /usr/lib/x86_64-linux-gnu/libstdc++.so.6.0.19
7fc8b8a27000-7fc8b8a3c000 rw-p 00000000 00:00 0 
7fc8b8a3c000-7fc8b9555000 r-xp 00000000 08:05 1061235                    /usr/lib/jvm/java-7-openjdk-amd64/jre/lib/amd64/server/libjvm.so
7fc8b9555000-7fc8b9755000 ---p 00b19000 08:05 1061235                    /usr/lib/jvm/java-7-openjdk-amd64/jre/lib/amd64/server/libjvm.so
7fc8b9755000-7fc8b97ef000 r--p 00b19000 08:05 1061235                    /usr/lib/jvm/java-7-openjdk-amd64/jre/lib/amd64/server/libjvm.so
7fc8b97ef000-7fc8b9812000 rw-p 00bb3000 08:05 1061235                    /usr/lib/jvm/java-7-openjdk-amd64/jre/lib/amd64/server/libjvm.so
7fc8b9812000-7fc8b9840000 rw-p 00000000 00:00 0 
7fc8b9840000-7fc8b9858000 r-xp 00000000 08:05 2625719                    /lib/x86_64-linux-gnu/libz.so.1.2.8
7fc8b9858000-7fc8b9a57000 ---p 00018000 08:05 2625719                    /lib/x86_64-linux-gnu/libz.so.1.2.8
7fc8b9a57000-7fc8b9a58000 r--p 00017000 08:05 2625719                    /lib/x86_64-linux-gnu/libz.so.1.2.8
7fc8b9a58000-7fc8b9a59000 rw-p 00018000 08:05 2625719                    /lib/x86_64-linux-gnu/libz.so.1.2.8
7fc8b9a59000-7fc8b9a72000 r-xp 00000000 08:05 2637414                    /lib/x86_64-linux-gnu/libpthread-2.19.so
7fc8b9a72000-7fc8b9c71000 ---p 00019000 08:05 2637414                    /lib/x86_64-linux-gnu/libpthread-2.19.so
7fc8b9c71000-7fc8b9c72000 r--p 00018000 08:05 2637414                    /lib/x86_64-linux-gnu/libpthread-2.19.so
7fc8b9c72000-7fc8b9c73000 rw-p 00019000 08:05 2637414                    /lib/x86_64-linux-gnu/libpthread-2.19.so
7fc8b9c73000-7fc8b9c77000 rw-p 00000000 00:00 0 
7fc8b9c77000-7fc8b9c7a000 r-xp 00000000 08:05 2637394                    /lib/x86_64-linux-gnu/libdl-2.19.so
7fc8b9c7a000-7fc8b9e79000 ---p 00003000 08:05 2637394                    /lib/x86_64-linux-gnu/libdl-2.19.so
7fc8b9e79000-7fc8b9e7a000 r--p 00002000 08:05 2637394                    /lib/x86_64-linux-gnu/libdl-2.19.so
7fc8b9e7a000-7fc8b9e7b000 rw-p 00003000 08:05 2637394                    /lib/x86_64-linux-gnu/libdl-2.19.so
7fc8b9e7b000-7fc8ba036000 r-xp 00000000 08:05 2637412                    /lib/x86_64-linux-gnu/libc-2.19.so
7fc8ba036000-7fc8ba235000 ---p 001bb000 08:05 2637412                    /lib/x86_64-linux-gnu/libc-2.19.so
7fc8ba235000-7fc8ba239000 r--p 001ba000 08:05 2637412                    /lib/x86_64-linux-gnu/libc-2.19.so
7fc8ba239000-7fc8ba23b000 rw-p 001be000 08:05 2637412                    /lib/x86_64-linux-gnu/libc-2.19.so
7fc8ba23b000-7fc8ba240000 rw-p 00000000 00:00 0 
7fc8ba240000-7fc8ba24d000 r-xp 00000000 08:05 1442905                    /usr/lib/jvm/java-7-openjdk-amd64/jre/lib/amd64/jli/libjli.so
7fc8ba24d000-7fc8ba44c000 ---p 0000d000 08:05 1442905                    /usr/lib/jvm/java-7-openjdk-amd64/jre/lib/amd64/jli/libjli.so
7fc8ba44c000-7fc8ba44d000 r--p 0000c000 08:05 1442905                    /usr/lib/jvm/java-7-openjdk-amd64/jre/lib/amd64/jli/libjli.so
7fc8ba44d000-7fc8ba44e000 rw-p 0000d000 08:05 1442905                    /usr/lib/jvm/java-7-openjdk-amd64/jre/lib/amd64/jli/libjli.so
7fc8ba44e000-7fc8ba471000 r-xp 00000000 08:05 2637406                    /lib/x86_64-linux-gnu/ld-2.19.so
7fc8ba471000-7fc8ba472000 rw-p 00000000 00:00 0 
7fc8ba472000-7fc8ba474000 r--s 00006000 08:05 540611                     /usr/share/java/java-atk-wrapper.jar
7fc8ba474000-7fc8ba496000 rw-p 00000000 00:00 0 
7fc8ba496000-7fc8ba54c000 rw-p 00000000 00:00 0 
7fc8ba54c000-7fc8ba54f000 ---p 00000000 00:00 0 
7fc8ba54f000-7fc8ba652000 rw-p 00000000 00:00 0                          [stack:10975]
7fc8ba652000-7fc8ba656000 r--s 0003c000 08:05 1061222                    /usr/lib/jvm/java-7-openjdk-amd64/jre/lib/ext/sunpkcs11.jar
7fc8ba656000-7fc8ba65a000 r--s 00085000 08:05 1061219                    /usr/lib/jvm/java-7-openjdk-amd64/jre/lib/ext/localedata.jar
7fc8ba65a000-7fc8ba65b000 r--s 00002000 08:05 1061220                    /usr/lib/jvm/java-7-openjdk-amd64/jre/lib/ext/dnsns.jar
7fc8ba65b000-7fc8ba65e000 r--s 0000f000 08:05 1061223                    /usr/lib/jvm/java-7-openjdk-amd64/jre/lib/ext/icedtea-sound.jar
7fc8ba65e000-7fc8ba662000 r--s 00034000 08:05 1061221                    /usr/lib/jvm/java-7-openjdk-amd64/jre/lib/ext/sunjce_provider.jar
7fc8ba662000-7fc8ba664000 r--s 00012000 08:05 1061224                    /usr/lib/jvm/java-7-openjdk-amd64/jre/lib/ext/zipfs.jar
7fc8ba664000-7fc8ba66c000 rw-s 00000000 08:05 1733647                    /tmp/hsperfdata_lord_tyler/10974
7fc8ba66c000-7fc8ba66d000 rw-p 00000000 00:00 0 
7fc8ba66d000-7fc8ba66e000 ---p 00000000 00:00 0 
7fc8ba66e000-7fc8ba670000 rw-p 00000000 00:00 0 
7fc8ba670000-7fc8ba671000 r--p 00022000 08:05 2637406                    /lib/x86_64-linux-gnu/ld-2.19.so
7fc8ba671000-7fc8ba672000 rw-p 00023000 08:05 2637406                    /lib/x86_64-linux-gnu/ld-2.19.so
7fc8ba672000-7fc8ba673000 rw-p 00000000 00:00 0 
7fff10c65000-7fff10c86000 rw-p 00000000 00:00 0                          [stack]
7fff10cf9000-7fff10cfb000 r-xp 00000000 00:00 0                          [vdso]
ffffffffff600000-ffffffffff601000 r-xp 00000000 00:00 0                  [vsyscall]

VM Arguments:
jvm_args: -Xmx1024M -Dfile.encoding=UTF-8 -Duser.country=US -Duser.language=en -Duser.variant 
java_command: com.android.dx.command.Main --dex --num-threads=4 --output /home/lord_tyler/AndroidStudioProjects/TECB131-MeLotto/app/build/intermediates/pre-dexed/debug/classes-9fdff58647f885606876be1efa1b80bfef24b340.jar /home/lord_tyler/AndroidStudioProjects/TECB131-MeLotto/app/build/intermediates/exploded-aar/com.android.support/recyclerview-v7/23.1.0/jars/classes.jar
Launcher Type: SUN_STANDARD

Environment Variables:
PATH=/usr/local/sbin:/usr/local/bin:/usr/sbin:/usr/bin:/sbin:/bin:/usr/games:/usr/local/games
LD_LIBRARY_PATH=/home/lord_tyler/android/android-studio/bin:
SHELL=/bin/bash
DISPLAY=:0

Signal Handlers:
SIGSEGV: [libjvm.so+0x94bab0], sa_mask[0]=0x7ffbfeff, sa_flags=0x10000004
SIGBUS: [libjvm.so+0x94bab0], sa_mask[0]=0x7ffbfeff, sa_flags=0x10000004
SIGFPE: [libjvm.so+0x7c38b0], sa_mask[0]=0x7ffbfeff, sa_flags=0x10000004
SIGPIPE: [libjvm.so+0x7c38b0], sa_mask[0]=0x7ffbfeff, sa_flags=0x10000004
SIGXFSZ: [libjvm.so+0x7c38b0], sa_mask[0]=0x7ffbfeff, sa_flags=0x10000004
SIGILL: [libjvm.so+0x7c38b0], sa_mask[0]=0x7ffbfeff, sa_flags=0x10000004
SIGUSR1: SIG_DFL, sa_mask[0]=0x00000000, sa_flags=0x00000000
SIGUSR2: [libjvm.so+0x7c3750], sa_mask[0]=0x00000004, sa_flags=0x10000004
SIGHUP: [libjvm.so+0x7c3930], sa_mask[0]=0x7ffbfeff, sa_flags=0x10000004
SIGINT: [libjvm.so+0x7c3930], sa_mask[0]=0x7ffbfeff, sa_flags=0x10000004
SIGTERM: [libjvm.so+0x7c3930], sa_mask[0]=0x7ffbfeff, sa_flags=0x10000004
SIGQUIT: [libjvm.so+0x7c3930], sa_mask[0]=0x7ffbfeff, sa_flags=0x10000004
SIGTRAP: SIG_DFL, sa_mask[0]=0x00000000, sa_flags=0x00000000


---------------  S Y S T E M  ---------------

OS:Ubuntu 14.04 (trusty)
uname:Linux 3.13.0-66-generic #108-Ubuntu SMP Wed Oct 7 15:20:27 UTC 2015 x86_64
libc:glibc 2.19 NPTL 2.19 
rlimit: STACK 8192k, CORE 0k, NPROC 30566, NOFILE 4096, AS infinity
load average:3.22 1.02 0.52

/proc/meminfo:
MemTotal:        3961256 kB
MemFree:          117544 kB
Buffers:             244 kB
Cached:           828236 kB
SwapCached:            0 kB
Active:          2868480 kB
Inactive:         822100 kB
Active(anon):    2866580 kB
Inactive(anon):   795272 kB
Active(file):       1900 kB
Inactive(file):    26828 kB
Unevictable:          32 kB
Mlocked:              32 kB
SwapTotal:             0 kB
SwapFree:              0 kB
Dirty:               308 kB
Writeback:             0 kB
AnonPages:       2862576 kB
Mapped:           119564 kB
Shmem:            799536 kB
Slab:              57832 kB
SReclaimable:      26224 kB
SUnreclaim:        31608 kB
KernelStack:        4680 kB
PageTables:        31600 kB
NFS_Unstable:          0 kB
Bounce:                0 kB
WritebackTmp:          0 kB
CommitLimit:     1980628 kB
Committed_AS:    6707436 kB
VmallocTotal:   34359738367 kB
VmallocUsed:      366504 kB
VmallocChunk:   34359364120 kB
HardwareCorrupted:     0 kB
AnonHugePages:   1241088 kB
HugePages_Total:       0
HugePages_Free:        0
HugePages_Rsvd:        0
HugePages_Surp:        0
Hugepagesize:       2048 kB
DirectMap4k:       81140 kB
DirectMap2M:     2977792 kB
DirectMap1G:     1048576 kB


CPU:total 4 (2 cores per cpu, 2 threads per core) family 6 model 69 stepping 1, cmov, cx8, fxsr, mmx, sse, sse2, sse3, ssse3, sse4.1, sse4.2, popcnt, avx, avx2, aes, erms, ht, tsc, tscinvbit

/proc/cpuinfo:
processor	: 0
vendor_id	: GenuineIntel
cpu family	: 6
model		: 69
model name	: Intel(R) Core(TM) i5-4200U CPU @ 1.60GHz
stepping	: 1
microcode	: 0x15
cpu MHz		: 2301.000
cache size	: 3072 KB
physical id	: 0
siblings	: 4
core id		: 0
cpu cores	: 2
apicid		: 0
initial apicid	: 0
fpu		: yes
fpu_exception	: yes
cpuid level	: 13
wp		: yes
flags		: fpu vme de pse tsc msr pae mce cx8 apic sep mtrr pge mca cmov pat pse36 clflush dts acpi mmx fxsr sse sse2 ss ht tm pbe syscall nx pdpe1gb rdtscp lm constant_tsc arch_perfmon pebs bts rep_good nopl xtopology nonstop_tsc aperfmperf eagerfpu pni pclmulqdq dtes64 monitor ds_cpl vmx est tm2 ssse3 fma cx16 xtpr pdcm pcid sse4_1 sse4_2 movbe popcnt tsc_deadline_timer aes xsave avx f16c rdrand lahf_lm abm ida arat epb xsaveopt pln pts dtherm tpr_shadow vnmi flexpriority ept vpid fsgsbase tsc_adjust bmi1 avx2 smep bmi2 erms invpcid
bogomips	: 4589.29
clflush size	: 64
cache_alignment	: 64
address sizes	: 39 bits physical, 48 bits virtual
power management:

processor	: 1
vendor_id	: GenuineIntel
cpu family	: 6
model		: 69
model name	: Intel(R) Core(TM) i5-4200U CPU @ 1.60GHz
stepping	: 1
microcode	: 0x15
cpu MHz		: 2301.000
cache size	: 3072 KB
physical id	: 0
siblings	: 4
core id		: 1
cpu cores	: 2
apicid		: 2
initial apicid	: 2
fpu		: yes
fpu_exception	: yes
cpuid level	: 13
wp		: yes
flags		: fpu vme de pse tsc msr pae mce cx8 apic sep mtrr pge mca cmov pat pse36 clflush dts acpi mmx fxsr sse sse2 ss ht tm pbe syscall nx pdpe1gb rdtscp lm constant_tsc arch_perfmon pebs bts rep_good nopl xtopology nonstop_tsc aperfmperf eagerfpu pni pclmulqdq dtes64 monitor ds_cpl vmx est tm2 ssse3 fma cx16 xtpr pdcm pcid sse4_1 sse4_2 movbe popcnt tsc_deadline_timer aes xsave avx f16c rdrand lahf_lm abm ida arat epb xsaveopt pln pts dtherm tpr_shadow vnmi flexpriority ept vpid fsgsbase tsc_adjust bmi1 avx2 smep bmi2 erms invpcid
bogomips	: 4589.29
clflush size	: 64
cache_alignment	: 64
address sizes	: 39 bits physical, 48 bits virtual
power management:

processor	: 2
vendor_id	: GenuineIntel
cpu family	: 6
model		: 69
model name	: Intel(R) Core(TM) i5-4200U CPU @ 1.60GHz
stepping	: 1
microcode	: 0x15
cpu MHz		: 2301.000
cache size	: 3072 KB
physical id	: 0
siblings	: 4
core id		: 0
cpu cores	: 2
apicid		: 1
initial apicid	: 1
fpu		: yes
fpu_exception	: yes
cpuid level	: 13
wp		: yes
flags		: fpu vme de pse tsc msr pae mce cx8 apic sep mtrr pge mca cmov pat pse36 clflush dts acpi mmx fxsr sse sse2 ss ht tm pbe syscall nx pdpe1gb rdtscp lm constant_tsc arch_perfmon pebs bts rep_good nopl xtopology nonstop_tsc aperfmperf eagerfpu pni pclmulqdq dtes64 monitor ds_cpl vmx est tm2 ssse3 fma cx16 xtpr pdcm pcid sse4_1 sse4_2 movbe popcnt tsc_deadline_timer aes xsave avx f16c rdrand lahf_lm abm ida arat epb xsaveopt pln pts dtherm tpr_shadow vnmi flexpriority ept vpid fsgsbase tsc_adjust bmi1 avx2 smep bmi2 erms invpcid
bogomips	: 4589.29
clflush size	: 64
cache_alignment	: 64
address sizes	: 39 bits physical, 48 bits virtual
power management:

processor	: 3
vendor_id	: GenuineIntel
cpu family	: 6
model		: 69
model name	: Intel(R) Core(TM) i5-4200U CPU @ 1.60GHz
stepping	: 1
microcode	: 0x15
cpu MHz		: 2301.000
cache size	: 3072 KB
physical id	: 0
siblings	: 4
core id		: 1
cpu cores	: 2
apicid		: 3
initial apicid	: 3
fpu		: yes
fpu_exception	: yes
cpuid level	: 13
wp		: yes
flags		: fpu vme de pse tsc msr pae mce cx8 apic sep mtrr pge mca cmov pat pse36 clflush dts acpi mmx fxsr sse sse2 ss ht tm pbe syscall nx pdpe1gb rdtscp lm constant_tsc arch_perfmon pebs bts rep_good nopl xtopology nonstop_tsc aperfmperf eagerfpu pni pclmulqdq dtes64 monitor ds_cpl vmx est tm2 ssse3 fma cx16 xtpr pdcm pcid sse4_1 sse4_2 movbe popcnt tsc_deadline_timer aes xsave avx f16c rdrand lahf_lm abm ida arat epb xsaveopt pln pts dtherm tpr_shadow vnmi flexpriority ept vpid fsgsbase tsc_adjust bmi1 avx2 smep bmi2 erms invpcid
bogomips	: 4589.29
clflush size	: 64
cache_alignment	: 64
address sizes	: 39 bits physical, 48 bits virtual
power management:



Memory: 4k page, physical 3961256k(113328k free), swap 0k(0k free)

vm_info: OpenJDK 64-Bit Server VM (24.79-b02) for linux-amd64 JRE (1.7.0_79-b14), built on Jul 24 2015 08:15:54 by "buildd" with gcc 4.8.2

time: Fri Oct 23 17:20:58 2015
elapsed time: 11 seconds

