#
# There is insufficient memory for the Java Runtime Environment to continue.
# Native memory allocation (malloc) failed to allocate 71303168 bytes for committing reserved memory.
# Possible reasons:
#   The system is out of physical RAM or swap space
#   In 32 bit mode, the process size limit was hit
# Possible solutions:
#   Reduce memory load on the system
#   Increase physical memory or swap space
#   Check if swap backing store is full
#   Use 64 bit Java on a 64 bit OS
#   Decrease Java heap size (-Xmx/-Xms)
#   Decrease number of Java threads
#   Decrease Java thread stack sizes (-Xss)
#   Set larger code cache with -XX:ReservedCodeCacheSize=
# This output file may be truncated or incomplete.
#
#  Out of Memory Error (os_linux.cpp:2809), pid=6383, tid=139819521529600
#
# JRE version: OpenJDK Runtime Environment (7.0_79-b14) (build 1.7.0_79-b14)
# Java VM: OpenJDK 64-Bit Server VM (24.79-b02 mixed mode linux-amd64 compressed oops)
# Derivative: IcedTea 2.5.6
# Distribution: Ubuntu 14.04 LTS, package 7u79-2.5.6-0ubuntu1.14.04.1
# Failed to write core dump. Core dumps have been disabled. To enable core dumping, try "ulimit -c unlimited" before starting Java again
#

---------------  T H R E A D  ---------------

Current thread (0x00007f2a40076000):  VMThread [stack: 0x00007f2a44d9d000,0x00007f2a44e9e000] [id=6393]

Stack: [0x00007f2a44d9d000,0x00007f2a44e9e000],  sp=0x00007f2a44e9c490,  free space=1021k
Native frames: (J=compiled Java code, j=interpreted, Vv=VM code, C=native code)
V  [libjvm.so+0x94afd5]  VMError::report_and_die()+0x175
V  [libjvm.so+0x48b9f4]  report_vm_out_of_memory(char const*, int, unsigned long, char const*)+0x74
V  [libjvm.so+0x7c809b]  os::pd_commit_memory(char*, unsigned long, unsigned long, bool)+0xeb
V  [libjvm.so+0x7c2b3f]  os::commit_memory(char*, unsigned long, unsigned long, bool)+0x1f
V  [libjvm.so+0x83503b]  PSVirtualSpace::expand_by(unsigned long)+0x5b
V  [libjvm.so+0x835e90]  PSYoungGen::resize_generation(unsigned long, unsigned long)+0xb0
V  [libjvm.so+0x83657b]  PSYoungGen::resize(unsigned long, unsigned long)+0x1b
V  [libjvm.so+0x832860]  PSScavenge::invoke_no_policy()+0xde0
V  [libjvm.so+0x833038]  PSScavenge::invoke()+0x38
V  [libjvm.so+0x7e9723]  ParallelScavengeHeap::failed_mem_allocate(unsigned long)+0x63
V  [libjvm.so+0x94c9d4]  VM_ParallelGCFailedAllocation::doit()+0x84
V  [libjvm.so+0x950ed7]  VM_Operation::evaluate()+0x47
V  [libjvm.so+0x94f848]  VMThread::evaluate_operation(VM_Operation*)+0x318
V  [libjvm.so+0x94fca9]  VMThread::loop()+0x219
V  [libjvm.so+0x9500f2]  VMThread::run()+0x72
V  [libjvm.so+0x7c4f62]  java_start(Thread*)+0xf2

VM_Operation (0x00007f2a35047ff0): ParallelGCFailedAllocation, mode: safepoint, requested by thread 0x00007f2a401ba800


---------------  P R O C E S S  ---------------

Java Threads: ( => current thread )
  0x00007f2a401c0000 JavaThread "pool-1-thread-4" [_thread_blocked, id=6424, stack(0x00007f2a34d47000,0x00007f2a34e48000)]
  0x00007f2a401bf000 JavaThread "pool-1-thread-3" [_thread_blocked, id=6423, stack(0x00007f2a34e48000,0x00007f2a34f49000)]
  0x00007f2a401ba800 JavaThread "pool-1-thread-2" [_thread_blocked, id=6422, stack(0x00007f2a34f49000,0x00007f2a3504a000)]
  0x00007f2a401b5800 JavaThread "pool-2-thread-1" [_thread_blocked, id=6421, stack(0x00007f2a3504a000,0x00007f2a3514b000)]
  0x00007f2a401b4000 JavaThread "pool-1-thread-1" [_thread_blocked, id=6420, stack(0x00007f2a3514b000,0x00007f2a3524c000)]
  0x00007f2a400b0800 JavaThread "Service Thread" daemon [_thread_blocked, id=6413, stack(0x00007f2a440b5000,0x00007f2a441b6000)]
  0x00007f2a400ae800 JavaThread "C2 CompilerThread1" daemon [_thread_in_native, id=6412, stack(0x00007f2a441b6000,0x00007f2a442b7000)]
  0x00007f2a400ab800 JavaThread "C2 CompilerThread0" daemon [_thread_in_native, id=6411, stack(0x00007f2a442b7000,0x00007f2a443b8000)]
  0x00007f2a400a9800 JavaThread "Signal Dispatcher" daemon [_thread_blocked, id=6410, stack(0x00007f2a443b8000,0x00007f2a444b9000)]
  0x00007f2a4007c000 JavaThread "Finalizer" daemon [_thread_blocked, id=6395, stack(0x00007f2a44b9b000,0x00007f2a44c9c000)]
  0x00007f2a4007a000 JavaThread "Reference Handler" daemon [_thread_blocked, id=6394, stack(0x00007f2a44c9c000,0x00007f2a44d9d000)]
  0x00007f2a4000a800 JavaThread "main" [_thread_blocked, id=6385, stack(0x00007f2a49f55000,0x00007f2a4a056000)]

Other Threads:
=>0x00007f2a40076000 VMThread [stack: 0x00007f2a44d9d000,0x00007f2a44e9e000] [id=6393]
  0x00007f2a400bb000 WatcherThread [stack: 0x00007f2a3ceff000,0x00007f2a3d000000] [id=6414]

VM state:at safepoint (normal execution)

VM Mutex/Monitor currently owned by a thread:  ([mutex/lock_event])
[0x00007f2a400069b0] Threads_lock - owner thread: 0x00007f2a40076000
[0x00007f2a40006eb0] Heap_lock - owner thread: 0x00007f2a401ba800

Heap
 PSYoungGen      total 71168K, used 9204K [0x00000000eaa80000, 0x00000000efa80000, 0x0000000100000000)
  eden space 61952K, 0% used [0x00000000eaa80000,0x00000000eaa80000,0x00000000ee700000)
  from space 9216K, 99% used [0x00000000ee700000,0x00000000eeffd3b0,0x00000000ef000000)
  to   space 7680K, 0% used [0x00000000ef000000,0x00000000ef000000,0x00000000ef780000)
 ParOldGen       total 40960K, used 21841K [0x00000000c0000000, 0x00000000c2800000, 0x00000000eaa80000)
  object space 40960K, 53% used [0x00000000c0000000,0x00000000c1554578,0x00000000c2800000)
 PSPermGen       total 21504K, used 6148K [0x00000000b5a00000, 0x00000000b6f00000, 0x00000000c0000000)
  object space 21504K, 28% used [0x00000000b5a00000,0x00000000b6001068,0x00000000b6f00000)

Card table byte_map: [0x00007f2a46945000,0x00007f2a46b99000] byte_map_base: 0x00007f2a46398000

Polling page: 0x00007f2a4a076000

Code Cache  [0x00007f2a3d000000, 0x00007f2a3d270000, 0x00007f2a40000000)
 total_blobs=488 nmethods=257 adapters=184 free_code_cache=48032Kb largest_free_block=49155712

Compilation events (10 events):
Event: 13.400 Thread 0x00007f2a400ab800 nmethod 253 0x00007f2a3d105810 code [0x00007f2a3d105960, 0x00007f2a3d1059f8]
Event: 13.400 Thread 0x00007f2a400ab800  254             java.lang.String::<init> (67 bytes)
Event: 13.426 Thread 0x00007f2a400ab800 nmethod 254 0x00007f2a3d105290 code [0x00007f2a3d1053e0, 0x00007f2a3d105678]
Event: 13.426 Thread 0x00007f2a400ab800  255             com.android.dx.rop.code.RegisterSpecSet::localItemToSpec (49 bytes)
Event: 13.449 Thread 0x00007f2a400ab800 nmethod 255 0x00007f2a3d0a6590 code [0x00007f2a3d0a6700, 0x00007f2a3d0a6b58]
Event: 13.449 Thread 0x00007f2a400ab800  256             java.lang.AbstractStringBuilder::append (48 bytes)
Event: 13.467 Thread 0x00007f2a400ab800 nmethod 256 0x00007f2a3d0a5d10 code [0x00007f2a3d0a5e80, 0x00007f2a3d0a6278]
Event: 13.467 Thread 0x00007f2a400ab800  257             java.lang.String::getChars (62 bytes)
Event: 13.471 Thread 0x00007f2a400ab800 nmethod 257 0x00007f2a3d0a5910 code [0x00007f2a3d0a5a60, 0x00007f2a3d0a5b98]
Event: 13.471 Thread 0x00007f2a400ab800  258   !         com.android.dx.cf.code.Ropper::processBlock (1101 bytes)

GC Heap History (10 events):
Event: 3.596 GC heap after
Heap after GC invocations=2 (full 0):
 PSYoungGen      total 18432K, used 2529K [0x00000000eaa80000, 0x00000000ece80000, 0x0000000100000000)
  eden space 15872K, 0% used [0x00000000eaa80000,0x00000000eaa80000,0x00000000eba00000)
  from space 2560K, 98% used [0x00000000ebc80000,0x00000000ebef8518,0x00000000ebf00000)
  to   space 2560K, 0% used [0x00000000eba00000,0x00000000eba00000,0x00000000ebc80000)
 ParOldGen       total 40960K, used 3931K [0x00000000c0000000, 0x00000000c2800000, 0x00000000eaa80000)
  object space 40960K, 9% used [0x00000000c0000000,0x00000000c03d6e48,0x00000000c2800000)
 PSPermGen       total 21504K, used 5974K [0x00000000b5a00000, 0x00000000b6f00000, 0x00000000c0000000)
  object space 21504K, 27% used [0x00000000b5a00000,0x00000000b5fd5930,0x00000000b6f00000)
}
Event: 4.496 GC heap before
{Heap before GC invocations=3 (full 0):
 PSYoungGen      total 18432K, used 18401K [0x00000000eaa80000, 0x00000000ece80000, 0x0000000100000000)
  eden space 15872K, 100% used [0x00000000eaa80000,0x00000000eba00000,0x00000000eba00000)
  from space 2560K, 98% used [0x00000000ebc80000,0x00000000ebef8518,0x00000000ebf00000)
  to   space 2560K, 0% used [0x00000000eba00000,0x00000000eba00000,0x00000000ebc80000)
 ParOldGen       total 40960K, used 3931K [0x00000000c0000000, 0x00000000c2800000, 0x00000000eaa80000)
  object space 40960K, 9% used [0x00000000c0000000,0x00000000c03d6e48,0x00000000c2800000)
 PSPermGen       total 21504K, used 6021K [0x00000000b5a00000, 0x00000000b6f00000, 0x00000000c0000000)
  object space 21504K, 28% used [0x00000000b5a00000,0x00000000b5fe1710,0x00000000b6f00000)
Event: 4.532 GC heap after
Heap after GC invocations=3 (full 0):
 PSYoungGen      total 18432K, used 2536K [0x00000000eaa80000, 0x00000000ece80000, 0x0000000100000000)
  eden space 15872K, 0% used [0x00000000eaa80000,0x00000000eaa80000,0x00000000eba00000)
  from space 2560K, 99% used [0x00000000eba00000,0x00000000ebc7a310,0x00000000ebc80000)
  to   space 2560K, 0% used [0x00000000ecc00000,0x00000000ecc00000,0x00000000ece80000)
 ParOldGen       total 40960K, used 6773K [0x00000000c0000000, 0x00000000c2800000, 0x00000000eaa80000)
  object space 40960K, 16% used [0x00000000c0000000,0x00000000c069d7e0,0x00000000c2800000)
 PSPermGen       total 21504K, used 6021K [0x00000000b5a00000, 0x00000000b6f00000, 0x00000000c0000000)
  object space 21504K, 28% used [0x00000000b5a00000,0x00000000b5fe1710,0x00000000b6f00000)
}
Event: 6.320 GC heap before
{Heap before GC invocations=4 (full 0):
 PSYoungGen      total 18432K, used 18408K [0x00000000eaa80000, 0x00000000ece80000, 0x0000000100000000)
  eden space 15872K, 100% used [0x00000000eaa80000,0x00000000eba00000,0x00000000eba00000)
  from space 2560K, 99% used [0x00000000eba00000,0x00000000ebc7a310,0x00000000ebc80000)
  to   space 2560K, 0% used [0x00000000ecc00000,0x00000000ecc00000,0x00000000ece80000)
 ParOldGen       total 40960K, used 6773K [0x00000000c0000000, 0x00000000c2800000, 0x00000000eaa80000)
  object space 40960K, 16% used [0x00000000c0000000,0x00000000c069d7e0,0x00000000c2800000)
 PSPermGen       total 21504K, used 6053K [0x00000000b5a00000, 0x00000000b6f00000, 0x00000000c0000000)
  object space 21504K, 28% used [0x00000000b5a00000,0x00000000b5fe94b0,0x00000000b6f00000)
Event: 6.349 GC heap after
Heap after GC invocations=4 (full 0):
 PSYoungGen      total 34304K, used 2549K [0x00000000eaa80000, 0x00000000ece80000, 0x0000000100000000)
  eden space 31744K, 0% used [0x00000000eaa80000,0x00000000eaa80000,0x00000000ec980000)
  from space 2560K, 99% used [0x00000000ecc00000,0x00000000ece7d5e8,0x00000000ece80000)
  to   space 2560K, 0% used [0x00000000ec980000,0x00000000ec980000,0x00000000ecc00000)
 ParOldGen       total 40960K, used 8987K [0x00000000c0000000, 0x00000000c2800000, 0x00000000eaa80000)
  object space 40960K, 21% used [0x00000000c0000000,0x00000000c08c6cc0,0x00000000c2800000)
 PSPermGen       total 21504K, used 6053K [0x00000000b5a00000, 0x00000000b6f00000, 0x00000000c0000000)
  object space 21504K, 28% used [0x00000000b5a00000,0x00000000b5fe94b0,0x00000000b6f00000)
}
Event: 8.192 GC heap before
{Heap before GC invocations=5 (full 0):
 PSYoungGen      total 34304K, used 34293K [0x00000000eaa80000, 0x00000000ece80000, 0x0000000100000000)
  eden space 31744K, 100% used [0x00000000eaa80000,0x00000000ec980000,0x00000000ec980000)
  from space 2560K, 99% used [0x00000000ecc00000,0x00000000ece7d5e8,0x00000000ece80000)
  to   space 2560K, 0% used [0x00000000ec980000,0x00000000ec980000,0x00000000ecc00000)
 ParOldGen       total 40960K, used 8987K [0x00000000c0000000, 0x00000000c2800000, 0x00000000eaa80000)
  object space 40960K, 21% used [0x00000000c0000000,0x00000000c08c6cc0,0x00000000c2800000)
 PSPermGen       total 21504K, used 6077K [0x00000000b5a00000, 0x00000000b6f00000, 0x00000000c0000000)
  object space 21504K, 28% used [0x00000000b5a00000,0x00000000b5fef4c0,0x00000000b6f00000)
Event: 8.233 GC heap after
Heap after GC invocations=5 (full 0):
 PSYoungGen      total 34304K, used 2535K [0x00000000eaa80000, 0x00000000ef780000, 0x0000000100000000)
  eden space 31744K, 0% used [0x00000000eaa80000,0x00000000eaa80000,0x00000000ec980000)
  from space 2560K, 99% used [0x00000000ec980000,0x00000000ecbf9ec8,0x00000000ecc00000)
  to   space 7680K, 0% used [0x00000000ef000000,0x00000000ef000000,0x00000000ef780000)
 ParOldGen       total 40960K, used 14221K [0x00000000c0000000, 0x00000000c2800000, 0x00000000eaa80000)
  object space 40960K, 34% used [0x00000000c0000000,0x00000000c0de3408,0x00000000c2800000)
 PSPermGen       total 21504K, used 6077K [0x00000000b5a00000, 0x00000000b6f00000, 0x00000000c0000000)
  object space 21504K, 28% used [0x00000000b5a00000,0x00000000b5fef4c0,0x00000000b6f00000)
}
Event: 11.334 GC heap before
{Heap before GC invocations=6 (full 0):
 PSYoungGen      total 34304K, used 34279K [0x00000000eaa80000, 0x00000000ef780000, 0x0000000100000000)
  eden space 31744K, 100% used [0x00000000eaa80000,0x00000000ec980000,0x00000000ec980000)
  from space 2560K, 99% used [0x00000000ec980000,0x00000000ecbf9ec8,0x00000000ecc00000)
  to   space 7680K, 0% used [0x00000000ef000000,0x00000000ef000000,0x00000000ef780000)
 ParOldGen       total 40960K, used 14221K [0x00000000c0000000, 0x00000000c2800000, 0x00000000eaa80000)
  object space 40960K, 34% used [0x00000000c0000000,0x00000000c0de3408,0x00000000c2800000)
 PSPermGen       total 21504K, used 6105K [0x00000000b5a00000, 0x00000000b6f00000, 0x00000000c0000000)
  object space 21504K, 28% used [0x00000000b5a00000,0x00000000b5ff66e0,0x00000000b6f00000)
Event: 11.413 GC heap after
Heap after GC invocations=6 (full 0):
 PSYoungGen      total 69632K, used 7665K [0x00000000eaa80000, 0x00000000efa80000, 0x0000000100000000)
  eden space 61952K, 0% used [0x00000000eaa80000,0x00000000eaa80000,0x00000000ee700000)
  from space 7680K, 99% used [0x00000000ef000000,0x00000000ef77c538,0x00000000ef780000)
  to   space 9216K, 0% used [0x00000000ee700000,0x00000000ee700000,0x00000000ef000000)
 ParOldGen       total 40960K, used 14628K [0x00000000c0000000, 0x00000000c2800000, 0x00000000eaa80000)
  object space 40960K, 35% used [0x00000000c0000000,0x00000000c0e49020,0x00000000c2800000)
 PSPermGen       total 21504K, used 6105K [0x00000000b5a00000, 0x00000000b6f00000, 0x00000000c0000000)
  object space 21504K, 28% used [0x00000000b5a00000,0x00000000b5ff66e0,0x00000000b6f00000)
}
Event: 14.173 GC heap before
{Heap before GC invocations=7 (full 0):
 PSYoungGen      total 69632K, used 69617K [0x00000000eaa80000, 0x00000000efa80000, 0x0000000100000000)
  eden space 61952K, 100% used [0x00000000eaa80000,0x00000000ee700000,0x00000000ee700000)
  from space 7680K, 99% used [0x00000000ef000000,0x00000000ef77c538,0x00000000ef780000)
  to   space 9216K, 0% used [0x00000000ee700000,0x00000000ee700000,0x00000000ef000000)
 ParOldGen       total 40960K, used 14628K [0x00000000c0000000, 0x00000000c2800000, 0x00000000eaa80000)
  object space 40960K, 35% used [0x00000000c0000000,0x00000000c0e49020,0x00000000c2800000)
 PSPermGen       total 21504K, used 6148K [0x00000000b5a00000, 0x00000000b6f00000, 0x00000000c0000000)
  object space 21504K, 28% used [0x00000000b5a00000,0x00000000b6001068,0x00000000b6f00000)

Deoptimization events (4 events):
Event: 3.827 Thread 0x00007f2a4000a800 Uncommon trap: reason=null_check action=make_not_entrant pc=0x00007f2a3d0a6464 method=com.android.dx.rop.type.Type.putIntern(Lcom/android/dx/rop/type/Type;)Lcom/android/dx/rop/type/Type; @ 18
Event: 6.213 Thread 0x00007f2a401bf000 Uncommon trap: reason=null_check action=make_not_entrant pc=0x00007f2a3d0cf8e0 method=com.android.dx.ssa.SsaRenamer.getLocalForNewReg(I)Lcom/android/dx/rop/code/LocalItem; @ 19
Event: 8.445 Thread 0x00007f2a401b4000 Uncommon trap: reason=unreached action=reinterpret pc=0x00007f2a3d0effcc method=com.android.dx.ssa.SsaMethod.updateOneDefinition(Lcom/android/dx/ssa/SsaInsn;Lcom/android/dx/rop/code/RegisterSpec;)V @ 4
Event: 13.545 Thread 0x00007f2a401bf000 Uncommon trap: reason=unreached action=reinterpret pc=0x00007f2a3d1128ec method=com.android.dx.rop.code.LocalVariableExtractor.processBlock(I)V @ 195

Internal exceptions (10 events):
Event: 2.475 Thread 0x00007f2a4000a800 Threw 0x00000000eadde8a0 at /build/openjdk-7-FO0dNI/openjdk-7-7u79-2.5.6/build/openjdk/hotspot/src/share/vm/prims/jvm.cpp:1284
Event: 2.670 Thread 0x00007f2a4000a800 Threw 0x00000000eafc3348 at /build/openjdk-7-FO0dNI/openjdk-7-7u79-2.5.6/build/openjdk/hotspot/src/share/vm/prims/jvm.cpp:1284
Event: 3.291 Thread 0x00007f2a4000a800 Threw 0x00000000eb566a48 at /build/openjdk-7-FO0dNI/openjdk-7-7u79-2.5.6/build/openjdk/hotspot/src/share/vm/prims/jvm.cpp:1284
Event: 3.827 Thread 0x00007f2a4000a800 Implicit null exception at 0x00007f2a3d0a5d23 to 0x00007f2a3d0a6455
Event: 6.184 Thread 0x00007f2a401ba800 Threw 0x00000000eb87f1f8 at /build/openjdk-7-FO0dNI/openjdk-7-7u79-2.5.6/build/openjdk/hotspot/src/share/vm/prims/jvm.cpp:1284
Event: 6.213 Thread 0x00007f2a401bf000 Implicit null exception at 0x00007f2a3d0cdb4c to 0x00007f2a3d0cf8a9
Event: 7.295 Thread 0x00007f2a401bf000 Threw 0x00000000eb9c5980 at /build/openjdk-7-FO0dNI/openjdk-7-7u79-2.5.6/build/openjdk/hotspot/src/share/vm/prims/jvm.cpp:1284
Event: 8.445 Thread 0x00007f2a401b4000 Threw 0x00000000eae50b38 at /build/openjdk-7-FO0dNI/openjdk-7-7u79-2.5.6/build/openjdk/hotspot/src/share/vm/prims/jvm.cpp:1284
Event: 9.384 Thread 0x00007f2a4000a800 Threw 0x00000000ebf3e578 at /build/openjdk-7-FO0dNI/openjdk-7-7u79-2.5.6/build/openjdk/hotspot/src/share/vm/prims/jvm.cpp:1284
Event: 13.332 Thread 0x00007f2a4000a800 Threw 0x00000000ed211ed0 at /build/openjdk-7-FO0dNI/openjdk-7-7u79-2.5.6/build/openjdk/hotspot/src/share/vm/prims/jvm.cpp:1284

Events (10 events):
Event: 11.414 Executing VM operation: RevokeBias done
Event: 11.414 Executing VM operation: BulkRevokeBias
Event: 11.414 Executing VM operation: BulkRevokeBias done
Event: 13.332 loading class 0x00007f2a40115410
Event: 13.332 loading class 0x00007f2a40115410 done
Event: 13.351 Thread 0x00007f2a400ab800 flushing nmethod 0x00007f2a3d0a5610
Event: 13.538 Thread 0x00007f2a401bf000 Uncommon trap: trap_request=0xffffffad fr.pc=0x00007f2a3d1128ec
Event: 13.545 Thread 0x00007f2a401bf000 DEOPT PACKING pc=0x00007f2a3d1128ec sp=0x00007f2a34f47300
Event: 13.548 Thread 0x00007f2a401bf000 DEOPT UNPACKING pc=0x00007f2a3d039445 sp=0x00007f2a34f472e0 mode 2
Event: 14.136 Executing VM operation: ParallelGCFailedAllocation


Dynamic libraries:
00400000-00401000 r-xp 00000000 08:05 1068837                            /usr/lib/jvm/java-7-openjdk-amd64/jre/bin/java
00600000-00601000 r--p 00000000 08:05 1068837                            /usr/lib/jvm/java-7-openjdk-amd64/jre/bin/java
00601000-00602000 rw-p 00001000 08:05 1068837                            /usr/lib/jvm/java-7-openjdk-amd64/jre/bin/java
01320000-01341000 rw-p 00000000 00:00 0                                  [heap]
b5a00000-b6f00000 rw-p 00000000 00:00 0 
b6f00000-c0000000 rw-p 00000000 00:00 0 
c0000000-c2800000 rw-p 00000000 00:00 0 
c2800000-eaa80000 rw-p 00000000 00:00 0 
eaa80000-efa80000 rw-p 00000000 00:00 0 
f3e80000-100000000 rw-p 00000000 00:00 0 
7f29f0000000-7f29f0024000 rw-p 00000000 00:00 0 
7f29f0024000-7f29f4000000 ---p 00000000 00:00 0 
7f29f4000000-7f29f4022000 rw-p 00000000 00:00 0 
7f29f4022000-7f29f8000000 ---p 00000000 00:00 0 
7f29f8000000-7f29f8021000 rw-p 00000000 00:00 0 
7f29f8021000-7f29fc000000 ---p 00000000 00:00 0 
7f29fc000000-7f29fc02f000 rw-p 00000000 00:00 0 
7f29fc02f000-7f2a00000000 ---p 00000000 00:00 0 
7f2a00000000-7f2a00021000 rw-p 00000000 00:00 0 
7f2a00021000-7f2a04000000 ---p 00000000 00:00 0 
7f2a04000000-7f2a04021000 rw-p 00000000 00:00 0 
7f2a04021000-7f2a08000000 ---p 00000000 00:00 0 
7f2a08000000-7f2a09483000 rw-p 00000000 00:00 0 
7f2a09483000-7f2a0c000000 ---p 00000000 00:00 0 
7f2a0c000000-7f2a0c021000 rw-p 00000000 00:00 0 
7f2a0c021000-7f2a10000000 ---p 00000000 00:00 0 
7f2a10000000-7f2a10021000 rw-p 00000000 00:00 0 
7f2a10021000-7f2a14000000 ---p 00000000 00:00 0 
7f2a14000000-7f2a15377000 rw-p 00000000 00:00 0 
7f2a15377000-7f2a18000000 ---p 00000000 00:00 0 
7f2a18000000-7f2a18021000 rw-p 00000000 00:00 0 
7f2a18021000-7f2a1c000000 ---p 00000000 00:00 0 
7f2a1c000000-7f2a1c021000 rw-p 00000000 00:00 0 
7f2a1c021000-7f2a20000000 ---p 00000000 00:00 0 
7f2a20000000-7f2a20021000 rw-p 00000000 00:00 0 
7f2a20021000-7f2a24000000 ---p 00000000 00:00 0 
7f2a24000000-7f2a24241000 rw-p 00000000 00:00 0 
7f2a24241000-7f2a28000000 ---p 00000000 00:00 0 
7f2a28000000-7f2a28021000 rw-p 00000000 00:00 0 
7f2a28021000-7f2a2c000000 ---p 00000000 00:00 0 
7f2a30000000-7f2a30021000 rw-p 00000000 00:00 0 
7f2a30021000-7f2a34000000 ---p 00000000 00:00 0 
7f2a34d47000-7f2a34d4a000 ---p 00000000 00:00 0 
7f2a34d4a000-7f2a34e48000 rw-p 00000000 00:00 0                          [stack:6424]
7f2a34e48000-7f2a34e4b000 ---p 00000000 00:00 0 
7f2a34e4b000-7f2a34f49000 rw-p 00000000 00:00 0                          [stack:6423]
7f2a34f49000-7f2a34f4c000 ---p 00000000 00:00 0 
7f2a34f4c000-7f2a3504a000 rw-p 00000000 00:00 0                          [stack:6422]
7f2a3504a000-7f2a3504d000 ---p 00000000 00:00 0 
7f2a3504d000-7f2a3514b000 rw-p 00000000 00:00 0                          [stack:6421]
7f2a3514b000-7f2a3514e000 ---p 00000000 00:00 0 
7f2a3514e000-7f2a3524c000 rw-p 00000000 00:00 0                          [stack:6420]
7f2a3524c000-7f2a35289000 r-xp 00000000 08:05 2645095                    /lib/x86_64-linux-gnu/libpcre.so.3.13.1
7f2a35289000-7f2a35488000 ---p 0003d000 08:05 2645095                    /lib/x86_64-linux-gnu/libpcre.so.3.13.1
7f2a35488000-7f2a35489000 r--p 0003c000 08:05 2645095                    /lib/x86_64-linux-gnu/libpcre.so.3.13.1
7f2a35489000-7f2a3548a000 rw-p 0003d000 08:05 2645095                    /lib/x86_64-linux-gnu/libpcre.so.3.13.1
7f2a3548a000-7f2a35491000 r-xp 00000000 08:05 140488                     /usr/lib/x86_64-linux-gnu/libffi.so.6.0.1
7f2a35491000-7f2a35690000 ---p 00007000 08:05 140488                     /usr/lib/x86_64-linux-gnu/libffi.so.6.0.1
7f2a35690000-7f2a35691000 r--p 00006000 08:05 140488                     /usr/lib/x86_64-linux-gnu/libffi.so.6.0.1
7f2a35691000-7f2a35692000 rw-p 00007000 08:05 140488                     /usr/lib/x86_64-linux-gnu/libffi.so.6.0.1
7f2a35692000-7f2a356a9000 r-xp 00000000 08:05 2625561                    /lib/x86_64-linux-gnu/libresolv-2.19.so
7f2a356a9000-7f2a358a9000 ---p 00017000 08:05 2625561                    /lib/x86_64-linux-gnu/libresolv-2.19.so
7f2a358a9000-7f2a358aa000 r--p 00017000 08:05 2625561                    /lib/x86_64-linux-gnu/libresolv-2.19.so
7f2a358aa000-7f2a358ab000 rw-p 00018000 08:05 2625561                    /lib/x86_64-linux-gnu/libresolv-2.19.so
7f2a358ab000-7f2a358ad000 rw-p 00000000 00:00 0 
7f2a358ad000-7f2a358cd000 r-xp 00000000 08:05 2625686                    /lib/x86_64-linux-gnu/libselinux.so.1
7f2a358cd000-7f2a35acc000 ---p 00020000 08:05 2625686                    /lib/x86_64-linux-gnu/libselinux.so.1
7f2a35acc000-7f2a35acd000 r--p 0001f000 08:05 2625686                    /lib/x86_64-linux-gnu/libselinux.so.1
7f2a35acd000-7f2a35ace000 rw-p 00020000 08:05 2625686                    /lib/x86_64-linux-gnu/libselinux.so.1
7f2a35ace000-7f2a38000000 rw-p 00000000 00:00 0 
7f2a38000000-7f2a38021000 rw-p 00000000 00:00 0 
7f2a38021000-7f2a3c000000 ---p 00000000 00:00 0 
7f2a3c005000-7f2a3c008000 r-xp 00000000 08:05 131436                     /usr/lib/x86_64-linux-gnu/libgmodule-2.0.so.0.4002.0
7f2a3c008000-7f2a3c207000 ---p 00003000 08:05 131436                     /usr/lib/x86_64-linux-gnu/libgmodule-2.0.so.0.4002.0
7f2a3c207000-7f2a3c208000 r--p 00002000 08:05 131436                     /usr/lib/x86_64-linux-gnu/libgmodule-2.0.so.0.4002.0
7f2a3c208000-7f2a3c209000 rw-p 00003000 08:05 131436                     /usr/lib/x86_64-linux-gnu/libgmodule-2.0.so.0.4002.0
7f2a3c209000-7f2a3c30f000 r-xp 00000000 08:05 2625714                    /lib/x86_64-linux-gnu/libglib-2.0.so.0.4002.0
7f2a3c30f000-7f2a3c50e000 ---p 00106000 08:05 2625714                    /lib/x86_64-linux-gnu/libglib-2.0.so.0.4002.0
7f2a3c50e000-7f2a3c50f000 r--p 00105000 08:05 2625714                    /lib/x86_64-linux-gnu/libglib-2.0.so.0.4002.0
7f2a3c50f000-7f2a3c510000 rw-p 00106000 08:05 2625714                    /lib/x86_64-linux-gnu/libglib-2.0.so.0.4002.0
7f2a3c510000-7f2a3c511000 rw-p 00000000 00:00 0 
7f2a3c511000-7f2a3c560000 r-xp 00000000 08:05 131454                     /usr/lib/x86_64-linux-gnu/libgobject-2.0.so.0.4002.0
7f2a3c560000-7f2a3c760000 ---p 0004f000 08:05 131454                     /usr/lib/x86_64-linux-gnu/libgobject-2.0.so.0.4002.0
7f2a3c760000-7f2a3c761000 r--p 0004f000 08:05 131454                     /usr/lib/x86_64-linux-gnu/libgobject-2.0.so.0.4002.0
7f2a3c761000-7f2a3c762000 rw-p 00050000 08:05 131454                     /usr/lib/x86_64-linux-gnu/libgobject-2.0.so.0.4002.0
7f2a3c762000-7f2a3c8ce000 r-xp 00000000 08:05 131458                     /usr/lib/x86_64-linux-gnu/libgio-2.0.so.0.4002.0
7f2a3c8ce000-7f2a3cacd000 ---p 0016c000 08:05 131458                     /usr/lib/x86_64-linux-gnu/libgio-2.0.so.0.4002.0
7f2a3cacd000-7f2a3cad1000 r--p 0016b000 08:05 131458                     /usr/lib/x86_64-linux-gnu/libgio-2.0.so.0.4002.0
7f2a3cad1000-7f2a3cad3000 rw-p 0016f000 08:05 131458                     /usr/lib/x86_64-linux-gnu/libgio-2.0.so.0.4002.0
7f2a3cad3000-7f2a3cad5000 rw-p 00000000 00:00 0 
7f2a3cad5000-7f2a3caec000 r-xp 00000000 08:05 1061257                    /usr/lib/jvm/java-7-openjdk-amd64/jre/lib/amd64/libnet.so
7f2a3caec000-7f2a3cceb000 ---p 00017000 08:05 1061257                    /usr/lib/jvm/java-7-openjdk-amd64/jre/lib/amd64/libnet.so
7f2a3cceb000-7f2a3ccec000 r--p 00016000 08:05 1061257                    /usr/lib/jvm/java-7-openjdk-amd64/jre/lib/amd64/libnet.so
7f2a3ccec000-7f2a3cced000 rw-p 00017000 08:05 1061257                    /usr/lib/jvm/java-7-openjdk-amd64/jre/lib/amd64/libnet.so
7f2a3cced000-7f2a3ccfd000 r-xp 00000000 08:05 1061262                    /usr/lib/jvm/java-7-openjdk-amd64/jre/lib/amd64/libnio.so
7f2a3ccfd000-7f2a3cefd000 ---p 00010000 08:05 1061262                    /usr/lib/jvm/java-7-openjdk-amd64/jre/lib/amd64/libnio.so
7f2a3cefd000-7f2a3cefe000 r--p 00010000 08:05 1061262                    /usr/lib/jvm/java-7-openjdk-amd64/jre/lib/amd64/libnio.so
7f2a3cefe000-7f2a3ceff000 rw-p 00011000 08:05 1061262                    /usr/lib/jvm/java-7-openjdk-amd64/jre/lib/amd64/libnio.so
7f2a3ceff000-7f2a3cf00000 ---p 00000000 00:00 0 
7f2a3cf00000-7f2a3d000000 rw-p 00000000 00:00 0                          [stack:6414]
7f2a3d000000-7f2a3d270000 rwxp 00000000 00:00 0 
7f2a3d270000-7f2a401e8000 rw-p 00000000 00:00 0 
7f2a401e8000-7f2a44000000 ---p 00000000 00:00 0 
7f2a4404f000-7f2a44080000 rw-p 00000000 00:00 0 
7f2a4409c000-7f2a440a6000 r--s 00087000 08:05 4083267                    /home/lord_tyler/AndroidStudioProjects/TECB131-MeLotto/app/build/intermediates/exploded-aar/com.android.support/appcompat-v7/23.1.0/jars/classes.jar
7f2a440a6000-7f2a440b5000 r--s 000df000 08:05 409110                     /home/lord_tyler/Android/Sdk/build-tools/23.0.1/lib/dx.jar
7f2a440b5000-7f2a440b8000 ---p 00000000 00:00 0 
7f2a440b8000-7f2a441b6000 rw-p 00000000 00:00 0                          [stack:6413]
7f2a441b6000-7f2a441b9000 ---p 00000000 00:00 0 
7f2a441b9000-7f2a442b7000 rw-p 00000000 00:00 0                          [stack:6412]
7f2a442b7000-7f2a442ba000 ---p 00000000 00:00 0 
7f2a442ba000-7f2a443b8000 rw-p 00000000 00:00 0                          [stack:6411]
7f2a443b8000-7f2a443bb000 ---p 00000000 00:00 0 
7f2a443bb000-7f2a444b9000 rw-p 00000000 00:00 0                          [stack:6410]
7f2a444b9000-7f2a44b9b000 r--p 00000000 08:05 139074                     /usr/lib/locale/locale-archive
7f2a44b9b000-7f2a44b9e000 ---p 00000000 00:00 0 
7f2a44b9e000-7f2a44c9c000 rw-p 00000000 00:00 0                          [stack:6395]
7f2a44c9c000-7f2a44c9f000 ---p 00000000 00:00 0 
7f2a44c9f000-7f2a44d9d000 rw-p 00000000 00:00 0                          [stack:6394]
7f2a44d9d000-7f2a44d9e000 ---p 00000000 00:00 0 
7f2a44d9e000-7f2a45e9b000 rw-p 00000000 00:00 0                          [stack:6393]
7f2a45e9b000-7f2a4604c000 r--s 01d29000 08:05 1060481                    /usr/lib/jvm/java-7-openjdk-amd64/jre/lib/rt.jar
7f2a4604c000-7f2a46398000 rw-p 00000000 00:00 0 
7f2a46398000-7f2a46399000 ---p 00000000 00:00 0 
7f2a46399000-7f2a46499000 rw-p 00000000 00:00 0                          [stack:6392]
7f2a46499000-7f2a4649a000 ---p 00000000 00:00 0 
7f2a4649a000-7f2a4659a000 rw-p 00000000 00:00 0                          [stack:6391]
7f2a4659a000-7f2a4659b000 ---p 00000000 00:00 0 
7f2a4659b000-7f2a4669b000 rw-p 00000000 00:00 0                          [stack:6390]
7f2a4669b000-7f2a4669c000 ---p 00000000 00:00 0 
7f2a4669c000-7f2a467a7000 rw-p 00000000 00:00 0                          [stack:6389]
7f2a467a7000-7f2a467ef000 rw-p 00000000 00:00 0 
7f2a467ef000-7f2a46803000 rw-p 00000000 00:00 0 
7f2a46803000-7f2a46945000 rw-p 00000000 00:00 0 
7f2a46945000-7f2a46950000 rw-p 00000000 00:00 0 
7f2a46950000-7f2a46998000 rw-p 00000000 00:00 0 
7f2a46998000-7f2a469ac000 rw-p 00000000 00:00 0 
7f2a469ac000-7f2a46aed000 rw-p 00000000 00:00 0 
7f2a46aed000-7f2a46b16000 rw-p 00000000 00:00 0 
7f2a46b16000-7f2a46b98000 rw-p 00000000 00:00 0 
7f2a46b98000-7f2a46b99000 rw-p 00000000 00:00 0 
7f2a46b99000-7f2a46ba1000 r-xp 00000000 08:05 1061232                    /usr/lib/jvm/java-7-openjdk-amd64/jre/lib/amd64/libzip.so
7f2a46ba1000-7f2a46da0000 ---p 00008000 08:05 1061232                    /usr/lib/jvm/java-7-openjdk-amd64/jre/lib/amd64/libzip.so
7f2a46da0000-7f2a46da1000 r--p 00007000 08:05 1061232                    /usr/lib/jvm/java-7-openjdk-amd64/jre/lib/amd64/libzip.so
7f2a46da1000-7f2a46da2000 rw-p 00008000 08:05 1061232                    /usr/lib/jvm/java-7-openjdk-amd64/jre/lib/amd64/libzip.so
7f2a46da2000-7f2a46dad000 r-xp 00000000 08:05 2637386                    /lib/x86_64-linux-gnu/libnss_files-2.19.so
7f2a46dad000-7f2a46fac000 ---p 0000b000 08:05 2637386                    /lib/x86_64-linux-gnu/libnss_files-2.19.so
7f2a46fac000-7f2a46fad000 r--p 0000a000 08:05 2637386                    /lib/x86_64-linux-gnu/libnss_files-2.19.so
7f2a46fad000-7f2a46fae000 rw-p 0000b000 08:05 2637386                    /lib/x86_64-linux-gnu/libnss_files-2.19.so
7f2a46fae000-7f2a46fb9000 r-xp 00000000 08:05 2637424                    /lib/x86_64-linux-gnu/libnss_nis-2.19.so
7f2a46fb9000-7f2a471b8000 ---p 0000b000 08:05 2637424                    /lib/x86_64-linux-gnu/libnss_nis-2.19.so
7f2a471b8000-7f2a471b9000 r--p 0000a000 08:05 2637424                    /lib/x86_64-linux-gnu/libnss_nis-2.19.so
7f2a471b9000-7f2a471ba000 rw-p 0000b000 08:05 2637424                    /lib/x86_64-linux-gnu/libnss_nis-2.19.so
7f2a471ba000-7f2a471d1000 r-xp 00000000 08:05 2637401                    /lib/x86_64-linux-gnu/libnsl-2.19.so
7f2a471d1000-7f2a473d0000 ---p 00017000 08:05 2637401                    /lib/x86_64-linux-gnu/libnsl-2.19.so
7f2a473d0000-7f2a473d1000 r--p 00016000 08:05 2637401                    /lib/x86_64-linux-gnu/libnsl-2.19.so
7f2a473d1000-7f2a473d2000 rw-p 00017000 08:05 2637401                    /lib/x86_64-linux-gnu/libnsl-2.19.so
7f2a473d2000-7f2a473d4000 rw-p 00000000 00:00 0 
7f2a473d4000-7f2a473dd000 r-xp 00000000 08:05 2637400                    /lib/x86_64-linux-gnu/libnss_compat-2.19.so
7f2a473dd000-7f2a475dc000 ---p 00009000 08:05 2637400                    /lib/x86_64-linux-gnu/libnss_compat-2.19.so
7f2a475dc000-7f2a475dd000 r--p 00008000 08:05 2637400                    /lib/x86_64-linux-gnu/libnss_compat-2.19.so
7f2a475dd000-7f2a475de000 rw-p 00009000 08:05 2637400                    /lib/x86_64-linux-gnu/libnss_compat-2.19.so
7f2a475de000-7f2a47609000 r-xp 00000000 08:05 1061265                    /usr/lib/jvm/java-7-openjdk-amd64/jre/lib/amd64/libjava.so
7f2a47609000-7f2a47808000 ---p 0002b000 08:05 1061265                    /usr/lib/jvm/java-7-openjdk-amd64/jre/lib/amd64/libjava.so
7f2a47808000-7f2a47809000 r--p 0002a000 08:05 1061265                    /usr/lib/jvm/java-7-openjdk-amd64/jre/lib/amd64/libjava.so
7f2a47809000-7f2a4780b000 rw-p 0002b000 08:05 1061265                    /usr/lib/jvm/java-7-openjdk-amd64/jre/lib/amd64/libjava.so
7f2a4780b000-7f2a4781b000 r-xp 00000000 08:05 1061247                    /usr/lib/jvm/java-7-openjdk-amd64/jre/lib/amd64/libverify.so
7f2a4781b000-7f2a47a1a000 ---p 00010000 08:05 1061247                    /usr/lib/jvm/java-7-openjdk-amd64/jre/lib/amd64/libverify.so
7f2a47a1a000-7f2a47a1c000 r--p 0000f000 08:05 1061247                    /usr/lib/jvm/java-7-openjdk-amd64/jre/lib/amd64/libverify.so
7f2a47a1c000-7f2a47a1d000 rw-p 00011000 08:05 1061247                    /usr/lib/jvm/java-7-openjdk-amd64/jre/lib/amd64/libverify.so
7f2a47a1d000-7f2a47a24000 r-xp 00000000 08:05 2637418                    /lib/x86_64-linux-gnu/librt-2.19.so
7f2a47a24000-7f2a47c23000 ---p 00007000 08:05 2637418                    /lib/x86_64-linux-gnu/librt-2.19.so
7f2a47c23000-7f2a47c24000 r--p 00006000 08:05 2637418                    /lib/x86_64-linux-gnu/librt-2.19.so
7f2a47c24000-7f2a47c25000 rw-p 00007000 08:05 2637418                    /lib/x86_64-linux-gnu/librt-2.19.so
7f2a47c25000-7f2a47c3b000 r-xp 00000000 08:05 2625485                    /lib/x86_64-linux-gnu/libgcc_s.so.1
7f2a47c3b000-7f2a47e3a000 ---p 00016000 08:05 2625485                    /lib/x86_64-linux-gnu/libgcc_s.so.1
7f2a47e3a000-7f2a47e3b000 rw-p 00015000 08:05 2625485                    /lib/x86_64-linux-gnu/libgcc_s.so.1
7f2a47e3b000-7f2a47f40000 r-xp 00000000 08:05 2628562                    /lib/x86_64-linux-gnu/libm-2.19.so
7f2a47f40000-7f2a4813f000 ---p 00105000 08:05 2628562                    /lib/x86_64-linux-gnu/libm-2.19.so
7f2a4813f000-7f2a48140000 r--p 00104000 08:05 2628562                    /lib/x86_64-linux-gnu/libm-2.19.so
7f2a48140000-7f2a48141000 rw-p 00105000 08:05 2628562                    /lib/x86_64-linux-gnu/libm-2.19.so
7f2a48141000-7f2a48227000 r-xp 00000000 08:05 135324                     /usr/lib/x86_64-linux-gnu/libstdc++.so.6.0.19
7f2a48227000-7f2a48426000 ---p 000e6000 08:05 135324                     /usr/lib/x86_64-linux-gnu/libstdc++.so.6.0.19
7f2a48426000-7f2a4842e000 r--p 000e5000 08:05 135324                     /usr/lib/x86_64-linux-gnu/libstdc++.so.6.0.19
7f2a4842e000-7f2a48430000 rw-p 000ed000 08:05 135324                     /usr/lib/x86_64-linux-gnu/libstdc++.so.6.0.19
7f2a48430000-7f2a48445000 rw-p 00000000 00:00 0 
7f2a48445000-7f2a48f5e000 r-xp 00000000 08:05 1061235                    /usr/lib/jvm/java-7-openjdk-amd64/jre/lib/amd64/server/libjvm.so
7f2a48f5e000-7f2a4915e000 ---p 00b19000 08:05 1061235                    /usr/lib/jvm/java-7-openjdk-amd64/jre/lib/amd64/server/libjvm.so
7f2a4915e000-7f2a491f8000 r--p 00b19000 08:05 1061235                    /usr/lib/jvm/java-7-openjdk-amd64/jre/lib/amd64/server/libjvm.so
7f2a491f8000-7f2a4921b000 rw-p 00bb3000 08:05 1061235                    /usr/lib/jvm/java-7-openjdk-amd64/jre/lib/amd64/server/libjvm.so
7f2a4921b000-7f2a49249000 rw-p 00000000 00:00 0 
7f2a49249000-7f2a49261000 r-xp 00000000 08:05 2625719                    /lib/x86_64-linux-gnu/libz.so.1.2.8
7f2a49261000-7f2a49460000 ---p 00018000 08:05 2625719                    /lib/x86_64-linux-gnu/libz.so.1.2.8
7f2a49460000-7f2a49461000 r--p 00017000 08:05 2625719                    /lib/x86_64-linux-gnu/libz.so.1.2.8
7f2a49461000-7f2a49462000 rw-p 00018000 08:05 2625719                    /lib/x86_64-linux-gnu/libz.so.1.2.8
7f2a49462000-7f2a4947b000 r-xp 00000000 08:05 2637414                    /lib/x86_64-linux-gnu/libpthread-2.19.so
7f2a4947b000-7f2a4967a000 ---p 00019000 08:05 2637414                    /lib/x86_64-linux-gnu/libpthread-2.19.so
7f2a4967a000-7f2a4967b000 r--p 00018000 08:05 2637414                    /lib/x86_64-linux-gnu/libpthread-2.19.so
7f2a4967b000-7f2a4967c000 rw-p 00019000 08:05 2637414                    /lib/x86_64-linux-gnu/libpthread-2.19.so
7f2a4967c000-7f2a49680000 rw-p 00000000 00:00 0 
7f2a49680000-7f2a49683000 r-xp 00000000 08:05 2637394                    /lib/x86_64-linux-gnu/libdl-2.19.so
7f2a49683000-7f2a49882000 ---p 00003000 08:05 2637394                    /lib/x86_64-linux-gnu/libdl-2.19.so
7f2a49882000-7f2a49883000 r--p 00002000 08:05 2637394                    /lib/x86_64-linux-gnu/libdl-2.19.so
7f2a49883000-7f2a49884000 rw-p 00003000 08:05 2637394                    /lib/x86_64-linux-gnu/libdl-2.19.so
7f2a49884000-7f2a49a3f000 r-xp 00000000 08:05 2637412                    /lib/x86_64-linux-gnu/libc-2.19.so
7f2a49a3f000-7f2a49c3e000 ---p 001bb000 08:05 2637412                    /lib/x86_64-linux-gnu/libc-2.19.so
7f2a49c3e000-7f2a49c42000 r--p 001ba000 08:05 2637412                    /lib/x86_64-linux-gnu/libc-2.19.so
7f2a49c42000-7f2a49c44000 rw-p 001be000 08:05 2637412                    /lib/x86_64-linux-gnu/libc-2.19.so
7f2a49c44000-7f2a49c49000 rw-p 00000000 00:00 0 
7f2a49c49000-7f2a49c56000 r-xp 00000000 08:05 1442905                    /usr/lib/jvm/java-7-openjdk-amd64/jre/lib/amd64/jli/libjli.so
7f2a49c56000-7f2a49e55000 ---p 0000d000 08:05 1442905                    /usr/lib/jvm/java-7-openjdk-amd64/jre/lib/amd64/jli/libjli.so
7f2a49e55000-7f2a49e56000 r--p 0000c000 08:05 1442905                    /usr/lib/jvm/java-7-openjdk-amd64/jre/lib/amd64/jli/libjli.so
7f2a49e56000-7f2a49e57000 rw-p 0000d000 08:05 1442905                    /usr/lib/jvm/java-7-openjdk-amd64/jre/lib/amd64/jli/libjli.so
7f2a49e57000-7f2a49e7a000 r-xp 00000000 08:05 2637406                    /lib/x86_64-linux-gnu/ld-2.19.so
7f2a49e7a000-7f2a49e7b000 rw-p 00000000 00:00 0 
7f2a49e7b000-7f2a49e7d000 r--s 00006000 08:05 540611                     /usr/share/java/java-atk-wrapper.jar
7f2a49e7d000-7f2a49e9f000 rw-p 00000000 00:00 0 
7f2a49e9f000-7f2a49f55000 rw-p 00000000 00:00 0 
7f2a49f55000-7f2a49f58000 ---p 00000000 00:00 0 
7f2a49f58000-7f2a4a05b000 rw-p 00000000 00:00 0                          [stack:6385]
7f2a4a05b000-7f2a4a05f000 r--s 0003c000 08:05 1061222                    /usr/lib/jvm/java-7-openjdk-amd64/jre/lib/ext/sunpkcs11.jar
7f2a4a05f000-7f2a4a063000 r--s 00085000 08:05 1061219                    /usr/lib/jvm/java-7-openjdk-amd64/jre/lib/ext/localedata.jar
7f2a4a063000-7f2a4a064000 r--s 00002000 08:05 1061220                    /usr/lib/jvm/java-7-openjdk-amd64/jre/lib/ext/dnsns.jar
7f2a4a064000-7f2a4a067000 r--s 0000f000 08:05 1061223                    /usr/lib/jvm/java-7-openjdk-amd64/jre/lib/ext/icedtea-sound.jar
7f2a4a067000-7f2a4a06b000 r--s 00034000 08:05 1061221                    /usr/lib/jvm/java-7-openjdk-amd64/jre/lib/ext/sunjce_provider.jar
7f2a4a06b000-7f2a4a06d000 r--s 00012000 08:05 1061224                    /usr/lib/jvm/java-7-openjdk-amd64/jre/lib/ext/zipfs.jar
7f2a4a06d000-7f2a4a075000 rw-s 00000000 08:05 1730169                    /tmp/hsperfdata_lord_tyler/6383
7f2a4a075000-7f2a4a076000 rw-p 00000000 00:00 0 
7f2a4a076000-7f2a4a077000 ---p 00000000 00:00 0 
7f2a4a077000-7f2a4a079000 rw-p 00000000 00:00 0 
7f2a4a079000-7f2a4a07a000 r--p 00022000 08:05 2637406                    /lib/x86_64-linux-gnu/ld-2.19.so
7f2a4a07a000-7f2a4a07b000 rw-p 00023000 08:05 2637406                    /lib/x86_64-linux-gnu/ld-2.19.so
7f2a4a07b000-7f2a4a07c000 rw-p 00000000 00:00 0 
7ffe1baaa000-7ffe1bacb000 rw-p 00000000 00:00 0                          [stack]
7ffe1bb11000-7ffe1bb13000 r-xp 00000000 00:00 0                          [vdso]
ffffffffff600000-ffffffffff601000 r-xp 00000000 00:00 0                  [vsyscall]

VM Arguments:
jvm_args: -Xmx1024M -Dfile.encoding=UTF-8 -Duser.country=US -Duser.language=en -Duser.variant 
java_command: com.android.dx.command.Main --dex --num-threads=4 --output /home/lord_tyler/AndroidStudioProjects/TECB131-MeLotto/app/build/intermediates/pre-dexed/debug/classes-344b2b6e352ac8b5acc5e7bcbe101e05c37f61a6.jar /home/lord_tyler/AndroidStudioProjects/TECB131-MeLotto/app/build/intermediates/exploded-aar/com.android.support/appcompat-v7/23.1.0/jars/classes.jar
Launcher Type: SUN_STANDARD

Environment Variables:
PATH=/usr/local/sbin:/usr/local/bin:/usr/sbin:/usr/bin:/sbin:/bin:/usr/games:/usr/local/games
LD_LIBRARY_PATH=/home/lord_tyler/android/android-studio/bin:
SHELL=/bin/bash
DISPLAY=:0

Signal Handlers:
SIGSEGV: [libjvm.so+0x94bab0], sa_mask[0]=0x7ffbfeff, sa_flags=0x10000004
SIGBUS: [libjvm.so+0x94bab0], sa_mask[0]=0x7ffbfeff, sa_flags=0x10000004
SIGFPE: [libjvm.so+0x7c38b0], sa_mask[0]=0x7ffbfeff, sa_flags=0x10000004
SIGPIPE: [libjvm.so+0x7c38b0], sa_mask[0]=0x7ffbfeff, sa_flags=0x10000004
SIGXFSZ: [libjvm.so+0x7c38b0], sa_mask[0]=0x7ffbfeff, sa_flags=0x10000004
SIGILL: [libjvm.so+0x7c38b0], sa_mask[0]=0x7ffbfeff, sa_flags=0x10000004
SIGUSR1: SIG_DFL, sa_mask[0]=0x00000000, sa_flags=0x00000000
SIGUSR2: [libjvm.so+0x7c3750], sa_mask[0]=0x00000004, sa_flags=0x10000004
SIGHUP: [libjvm.so+0x7c3930], sa_mask[0]=0x7ffbfeff, sa_flags=0x10000004
SIGINT: [libjvm.so+0x7c3930], sa_mask[0]=0x7ffbfeff, sa_flags=0x10000004
SIGTERM: [libjvm.so+0x7c3930], sa_mask[0]=0x7ffbfeff, sa_flags=0x10000004
SIGQUIT: [libjvm.so+0x7c3930], sa_mask[0]=0x7ffbfeff, sa_flags=0x10000004
SIGTRAP: SIG_DFL, sa_mask[0]=0x00000000, sa_flags=0x00000000


---------------  S Y S T E M  ---------------

OS:Ubuntu 14.04 (trusty)
uname:Linux 3.13.0-65-generic #106-Ubuntu SMP Fri Oct 2 22:08:27 UTC 2015 x86_64
libc:glibc 2.19 NPTL 2.19 
rlimit: STACK 8192k, CORE 0k, NPROC 30566, NOFILE 4096, AS infinity
load average:7.96 2.84 1.36

/proc/meminfo:
MemTotal:        3961256 kB
MemFree:           84412 kB
Buffers:             236 kB
Cached:           322392 kB
SwapCached:            0 kB
Active:          3403936 kB
Inactive:         317648 kB
Active(anon):    3402072 kB
Inactive(anon):   276540 kB
Active(file):       1864 kB
Inactive(file):    41108 kB
Unevictable:          32 kB
Mlocked:              32 kB
SwapTotal:             0 kB
SwapFree:              0 kB
Dirty:               148 kB
Writeback:             0 kB
AnonPages:       3399224 kB
Mapped:            62228 kB
Shmem:            279452 kB
Slab:              62008 kB
SReclaimable:      29888 kB
SUnreclaim:        32120 kB
KernelStack:        5256 kB
PageTables:        34292 kB
NFS_Unstable:          0 kB
Bounce:                0 kB
WritebackTmp:          0 kB
CommitLimit:     1980628 kB
Committed_AS:    7182384 kB
VmallocTotal:   34359738367 kB
VmallocUsed:      366504 kB
VmallocChunk:   34359362632 kB
HardwareCorrupted:     0 kB
AnonHugePages:   1323008 kB
HugePages_Total:       0
HugePages_Free:        0
HugePages_Rsvd:        0
HugePages_Surp:        0
Hugepagesize:       2048 kB
DirectMap4k:       64756 kB
DirectMap2M:     2994176 kB
DirectMap1G:     1048576 kB


CPU:total 4 (2 cores per cpu, 2 threads per core) family 6 model 69 stepping 1, cmov, cx8, fxsr, mmx, sse, sse2, sse3, ssse3, sse4.1, sse4.2, popcnt, avx, avx2, aes, erms, ht, tsc, tscinvbit

/proc/cpuinfo:
processor	: 0
vendor_id	: GenuineIntel
cpu family	: 6
model		: 69
model name	: Intel(R) Core(TM) i5-4200U CPU @ 1.60GHz
stepping	: 1
microcode	: 0x15
cpu MHz		: 2301.000
cache size	: 3072 KB
physical id	: 0
siblings	: 4
core id		: 0
cpu cores	: 2
apicid		: 0
initial apicid	: 0
fpu		: yes
fpu_exception	: yes
cpuid level	: 13
wp		: yes
flags		: fpu vme de pse tsc msr pae mce cx8 apic sep mtrr pge mca cmov pat pse36 clflush dts acpi mmx fxsr sse sse2 ss ht tm pbe syscall nx pdpe1gb rdtscp lm constant_tsc arch_perfmon pebs bts rep_good nopl xtopology nonstop_tsc aperfmperf eagerfpu pni pclmulqdq dtes64 monitor ds_cpl vmx est tm2 ssse3 fma cx16 xtpr pdcm pcid sse4_1 sse4_2 movbe popcnt tsc_deadline_timer aes xsave avx f16c rdrand lahf_lm abm ida arat epb xsaveopt pln pts dtherm tpr_shadow vnmi flexpriority ept vpid fsgsbase tsc_adjust bmi1 avx2 smep bmi2 erms invpcid
bogomips	: 4589.34
clflush size	: 64
cache_alignment	: 64
address sizes	: 39 bits physical, 48 bits virtual
power management:

processor	: 1
vendor_id	: GenuineIntel
cpu family	: 6
model		: 69
model name	: Intel(R) Core(TM) i5-4200U CPU @ 1.60GHz
stepping	: 1
microcode	: 0x15
cpu MHz		: 2301.000
cache size	: 3072 KB
physical id	: 0
siblings	: 4
core id		: 1
cpu cores	: 2
apicid		: 2
initial apicid	: 2
fpu		: yes
fpu_exception	: yes
cpuid level	: 13
wp		: yes
flags		: fpu vme de pse tsc msr pae mce cx8 apic sep mtrr pge mca cmov pat pse36 clflush dts acpi mmx fxsr sse sse2 ss ht tm pbe syscall nx pdpe1gb rdtscp lm constant_tsc arch_perfmon pebs bts rep_good nopl xtopology nonstop_tsc aperfmperf eagerfpu pni pclmulqdq dtes64 monitor ds_cpl vmx est tm2 ssse3 fma cx16 xtpr pdcm pcid sse4_1 sse4_2 movbe popcnt tsc_deadline_timer aes xsave avx f16c rdrand lahf_lm abm ida arat epb xsaveopt pln pts dtherm tpr_shadow vnmi flexpriority ept vpid fsgsbase tsc_adjust bmi1 avx2 smep bmi2 erms invpcid
bogomips	: 4589.34
clflush size	: 64
cache_alignment	: 64
address sizes	: 39 bits physical, 48 bits virtual
power management:

processor	: 2
vendor_id	: GenuineIntel
cpu family	: 6
model		: 69
model name	: Intel(R) Core(TM) i5-4200U CPU @ 1.60GHz
stepping	: 1
microcode	: 0x15
cpu MHz		: 2301.000
cache size	: 3072 KB
physical id	: 0
siblings	: 4
core id		: 0
cpu cores	: 2
apicid		: 1
initial apicid	: 1
fpu		: yes
fpu_exception	: yes
cpuid level	: 13
wp		: yes
flags		: fpu vme de pse tsc msr pae mce cx8 apic sep mtrr pge mca cmov pat pse36 clflush dts acpi mmx fxsr sse sse2 ss ht tm pbe syscall nx pdpe1gb rdtscp lm constant_tsc arch_perfmon pebs bts rep_good nopl xtopology nonstop_tsc aperfmperf eagerfpu pni pclmulqdq dtes64 monitor ds_cpl vmx est tm2 ssse3 fma cx16 xtpr pdcm pcid sse4_1 sse4_2 movbe popcnt tsc_deadline_timer aes xsave avx f16c rdrand lahf_lm abm ida arat epb xsaveopt pln pts dtherm tpr_shadow vnmi flexpriority ept vpid fsgsbase tsc_adjust bmi1 avx2 smep bmi2 erms invpcid
bogomips	: 4589.34
clflush size	: 64
cache_alignment	: 64
address sizes	: 39 bits physical, 48 bits virtual
power management:

processor	: 3
vendor_id	: GenuineIntel
cpu family	: 6
model		: 69
model name	: Intel(R) Core(TM) i5-4200U CPU @ 1.60GHz
stepping	: 1
microcode	: 0x15
cpu MHz		: 2301.000
cache size	: 3072 KB
physical id	: 0
siblings	: 4
core id		: 1
cpu cores	: 2
apicid		: 3
initial apicid	: 3
fpu		: yes
fpu_exception	: yes
cpuid level	: 13
wp		: yes
flags		: fpu vme de pse tsc msr pae mce cx8 apic sep mtrr pge mca cmov pat pse36 clflush dts acpi mmx fxsr sse sse2 ss ht tm pbe syscall nx pdpe1gb rdtscp lm constant_tsc arch_perfmon pebs bts rep_good nopl xtopology nonstop_tsc aperfmperf eagerfpu pni pclmulqdq dtes64 monitor ds_cpl vmx est tm2 ssse3 fma cx16 xtpr pdcm pcid sse4_1 sse4_2 movbe popcnt tsc_deadline_timer aes xsave avx f16c rdrand lahf_lm abm ida arat epb xsaveopt pln pts dtherm tpr_shadow vnmi flexpriority ept vpid fsgsbase tsc_adjust bmi1 avx2 smep bmi2 erms invpcid
bogomips	: 4589.34
clflush size	: 64
cache_alignment	: 64
address sizes	: 39 bits physical, 48 bits virtual
power management:



Memory: 4k page, physical 3961256k(85196k free), swap 0k(0k free)

vm_info: OpenJDK 64-Bit Server VM (24.79-b02) for linux-amd64 JRE (1.7.0_79-b14), built on Jul 24 2015 08:15:54 by "buildd" with gcc 4.8.2

time: Sat Oct 17 16:28:16 2015
elapsed time: 14 seconds

