#
# There is insufficient memory for the Java Runtime Environment to continue.
# Native memory allocation (malloc) failed to allocate 42991616 bytes for committing reserved memory.
# Possible reasons:
#   The system is out of physical RAM or swap space
#   In 32 bit mode, the process size limit was hit
# Possible solutions:
#   Reduce memory load on the system
#   Increase physical memory or swap space
#   Check if swap backing store is full
#   Use 64 bit Java on a 64 bit OS
#   Decrease Java heap size (-Xmx/-Xms)
#   Decrease number of Java threads
#   Decrease Java thread stack sizes (-Xss)
#   Set larger code cache with -XX:ReservedCodeCacheSize=
# This output file may be truncated or incomplete.
#
#  Out of Memory Error (os_linux.cpp:2809), pid=11068, tid=140689312139008
#
# JRE version: OpenJDK Runtime Environment (7.0_79-b14) (build 1.7.0_79-b14)
# Java VM: OpenJDK 64-Bit Server VM (24.79-b02 mixed mode linux-amd64 compressed oops)
# Derivative: IcedTea 2.5.6
# Distribution: Ubuntu 14.04 LTS, package 7u79-2.5.6-0ubuntu1.14.04.1
# Failed to write core dump. Core dumps have been disabled. To enable core dumping, try "ulimit -c unlimited" before starting Java again
#

---------------  T H R E A D  ---------------

Current thread (0x00007ff4cc076000):  VMThread [stack: 0x00007ff4c8694000,0x00007ff4c8795000] [id=11080]

Stack: [0x00007ff4c8694000,0x00007ff4c8795000],  sp=0x00007ff4c8793490,  free space=1021k
Native frames: (J=compiled Java code, j=interpreted, Vv=VM code, C=native code)
V  [libjvm.so+0x94afd5]  VMError::report_and_die()+0x175
V  [libjvm.so+0x48b9f4]  report_vm_out_of_memory(char const*, int, unsigned long, char const*)+0x74
V  [libjvm.so+0x7c809b]  os::pd_commit_memory(char*, unsigned long, unsigned long, bool)+0xeb
V  [libjvm.so+0x7c2b3f]  os::commit_memory(char*, unsigned long, unsigned long, bool)+0x1f
V  [libjvm.so+0x83503b]  PSVirtualSpace::expand_by(unsigned long)+0x5b
V  [libjvm.so+0x835e90]  PSYoungGen::resize_generation(unsigned long, unsigned long)+0xb0
V  [libjvm.so+0x83657b]  PSYoungGen::resize(unsigned long, unsigned long)+0x1b
V  [libjvm.so+0x832860]  PSScavenge::invoke_no_policy()+0xde0
V  [libjvm.so+0x833038]  PSScavenge::invoke()+0x38
V  [libjvm.so+0x7e9723]  ParallelScavengeHeap::failed_mem_allocate(unsigned long)+0x63
V  [libjvm.so+0x94c9d4]  VM_ParallelGCFailedAllocation::doit()+0x84
V  [libjvm.so+0x950ed7]  VM_Operation::evaluate()+0x47
V  [libjvm.so+0x94f848]  VMThread::evaluate_operation(VM_Operation*)+0x318
V  [libjvm.so+0x94fca9]  VMThread::loop()+0x219
V  [libjvm.so+0x9500f2]  VMThread::run()+0x72
V  [libjvm.so+0x7c4f62]  java_start(Thread*)+0xf2

VM_Operation (0x00007ff4d4961e10): ParallelGCFailedAllocation, mode: safepoint, requested by thread 0x00007ff4cc00a800


---------------  P R O C E S S  ---------------

Java Threads: ( => current thread )
  0x00007ff4cc1b8800 JavaThread "pool-1-thread-4" [_thread_blocked, id=11102, stack(0x00007ff4bb59b000,0x00007ff4bb69c000)]
  0x00007ff4cc1b4800 JavaThread "pool-1-thread-3" [_thread_blocked, id=11101, stack(0x00007ff4bb69c000,0x00007ff4bb79d000)]
  0x00007ff4cc1b3000 JavaThread "pool-1-thread-2" [_thread_blocked, id=11100, stack(0x00007ff4bb79d000,0x00007ff4bb89e000)]
  0x00007ff4cc1a2800 JavaThread "pool-2-thread-1" [_thread_blocked, id=11097, stack(0x00007ff4bb89e000,0x00007ff4bb99f000)]
  0x00007ff4cc19e000 JavaThread "pool-1-thread-1" [_thread_blocked, id=11095, stack(0x00007ff4c00cf000,0x00007ff4c01d0000)]
  0x00007ff4cc0b1000 JavaThread "Service Thread" daemon [_thread_blocked, id=11091, stack(0x00007ff4c808e000,0x00007ff4c818f000)]
  0x00007ff4cc0ae800 JavaThread "C2 CompilerThread1" daemon [_thread_blocked, id=11090, stack(0x00007ff4c818f000,0x00007ff4c8290000)]
  0x00007ff4cc0ab800 JavaThread "C2 CompilerThread0" daemon [_thread_in_native, id=11088, stack(0x00007ff4c8290000,0x00007ff4c8391000)]
  0x00007ff4cc0a9800 JavaThread "Signal Dispatcher" daemon [_thread_blocked, id=11086, stack(0x00007ff4c8391000,0x00007ff4c8492000)]
  0x00007ff4cc07c000 JavaThread "Finalizer" daemon [_thread_blocked, id=11082, stack(0x00007ff4c8492000,0x00007ff4c8593000)]
  0x00007ff4cc07a000 JavaThread "Reference Handler" daemon [_thread_blocked, id=11081, stack(0x00007ff4c8593000,0x00007ff4c8694000)]
  0x00007ff4cc00a800 JavaThread "main" [_thread_blocked, id=11070, stack(0x00007ff4d4863000,0x00007ff4d4964000)]

Other Threads:
=>0x00007ff4cc076000 VMThread [stack: 0x00007ff4c8694000,0x00007ff4c8795000] [id=11080]
  0x00007ff4cc0bb800 WatcherThread [stack: 0x00007ff4c12ed000,0x00007ff4c13ee000] [id=11092]

VM state:at safepoint (normal execution)

VM Mutex/Monitor currently owned by a thread:  ([mutex/lock_event])
[0x00007ff4cc0069b0] Threads_lock - owner thread: 0x00007ff4cc076000
[0x00007ff4cc006eb0] Heap_lock - owner thread: 0x00007ff4cc00a800
[0x00007ff4cc0074b0] MethodData_lock - owner thread: 0x00007ff4cc1b3000

Heap
 PSYoungGen      total 34304K, used 2559K [0x00000000eaa80000, 0x00000000ece80000, 0x0000000100000000)
  eden space 31744K, 0% used [0x00000000eaa80000,0x00000000eaa80000,0x00000000ec980000)
  from space 2560K, 99% used [0x00000000ec980000,0x00000000ecbffff8,0x00000000ecc00000)
  to   space 2560K, 0% used [0x00000000ecc00000,0x00000000ecc00000,0x00000000ece80000)
 ParOldGen       total 40960K, used 14809K [0x00000000c0000000, 0x00000000c2800000, 0x00000000eaa80000)
  object space 40960K, 36% used [0x00000000c0000000,0x00000000c0e76400,0x00000000c2800000)
 PSPermGen       total 21504K, used 6065K [0x00000000b5a00000, 0x00000000b6f00000, 0x00000000c0000000)
  object space 21504K, 28% used [0x00000000b5a00000,0x00000000b5fec4c0,0x00000000b6f00000)

Card table byte_map: [0x00007ff4d1253000,0x00007ff4d14a7000] byte_map_base: 0x00007ff4d0ca6000

Polling page: 0x00007ff4d4984000

Code Cache  [0x00007ff4c9000000, 0x00007ff4c9270000, 0x00007ff4cc000000)
 total_blobs=459 nmethods=228 adapters=184 free_code_cache=48207Kb largest_free_block=49330432

Compilation events (10 events):
Event: 7.200 Thread 0x00007ff4cc0ae800 nmethod 224 0x00007ff4c90e8150 code [0x00007ff4c90e8340, 0x00007ff4c90e8920]
Event: 7.200 Thread 0x00007ff4cc0ae800  225             com.android.dx.util.IntList::indexOf (16 bytes)
Event: 7.203 Thread 0x00007ff4cc0ae800 nmethod 225 0x00007ff4c90e64d0 code [0x00007ff4c90e6620, 0x00007ff4c90e67d8]
Event: 7.231 Thread 0x00007ff4cc0ae800  226             com.android.dx.ssa.SsaRenamer::access$000 (5 bytes)
Event: 7.237 Thread 0x00007ff4cc0ae800 nmethod 226 0x00007ff4c90e7f50 code [0x00007ff4c90e8080, 0x00007ff4c90e80d8]
Event: 7.237 Thread 0x00007ff4cc0ae800  227             com.android.dx.ssa.SsaMethod::buildUseList (112 bytes)
Event: 7.342 Thread 0x00007ff4cc0ae800 nmethod 227 0x00007ff4c908ff50 code [0x00007ff4c9090120, 0x00007ff4c9090988]
Event: 7.343 Thread 0x00007ff4cc0ae800  229             java.util.AbstractMap::<init> (15 bytes)
Event: 7.343 Thread 0x00007ff4cc0ae800 nmethod 229 0x00007ff4c90e7d50 code [0x00007ff4c90e7e80, 0x00007ff4c90e7ed8]
Event: 7.343 Thread 0x00007ff4cc0ae800  230             com.android.dx.ssa.SsaBasicBlock::newFromRop (183 bytes)

GC Heap History (9 events):
Event: 1.956 GC heap before
{Heap before GC invocations=1 (full 0):
 PSYoungGen      total 18432K, used 15872K [0x00000000eaa80000, 0x00000000ebf00000, 0x0000000100000000)
  eden space 15872K, 100% used [0x00000000eaa80000,0x00000000eba00000,0x00000000eba00000)
  from space 2560K, 0% used [0x00000000ebc80000,0x00000000ebc80000,0x00000000ebf00000)
  to   space 2560K, 0% used [0x00000000eba00000,0x00000000eba00000,0x00000000ebc80000)
 ParOldGen       total 40960K, used 0K [0x00000000c0000000, 0x00000000c2800000, 0x00000000eaa80000)
  object space 40960K, 0% used [0x00000000c0000000,0x00000000c0000000,0x00000000c2800000)
 PSPermGen       total 21504K, used 5765K [0x00000000b5a00000, 0x00000000b6f00000, 0x00000000c0000000)
  object space 21504K, 26% used [0x00000000b5a00000,0x00000000b5fa17b0,0x00000000b6f00000)
Event: 1.975 GC heap after
Heap after GC invocations=1 (full 0):
 PSYoungGen      total 18432K, used 2539K [0x00000000eaa80000, 0x00000000ebf00000, 0x0000000100000000)
  eden space 15872K, 0% used [0x00000000eaa80000,0x00000000eaa80000,0x00000000eba00000)
  from space 2560K, 99% used [0x00000000eba00000,0x00000000ebc7ad80,0x00000000ebc80000)
  to   space 2560K, 0% used [0x00000000ebc80000,0x00000000ebc80000,0x00000000ebf00000)
 ParOldGen       total 40960K, used 1903K [0x00000000c0000000, 0x00000000c2800000, 0x00000000eaa80000)
  object space 40960K, 4% used [0x00000000c0000000,0x00000000c01dbf08,0x00000000c2800000)
 PSPermGen       total 21504K, used 5765K [0x00000000b5a00000, 0x00000000b6f00000, 0x00000000c0000000)
  object space 21504K, 26% used [0x00000000b5a00000,0x00000000b5fa17b0,0x00000000b6f00000)
}
Event: 3.356 GC heap before
{Heap before GC invocations=2 (full 0):
 PSYoungGen      total 18432K, used 18411K [0x00000000eaa80000, 0x00000000ebf00000, 0x0000000100000000)
  eden space 15872K, 100% used [0x00000000eaa80000,0x00000000eba00000,0x00000000eba00000)
  from space 2560K, 99% used [0x00000000eba00000,0x00000000ebc7ad80,0x00000000ebc80000)
  to   space 2560K, 0% used [0x00000000ebc80000,0x00000000ebc80000,0x00000000ebf00000)
 ParOldGen       total 40960K, used 1903K [0x00000000c0000000, 0x00000000c2800000, 0x00000000eaa80000)
  object space 40960K, 4% used [0x00000000c0000000,0x00000000c01dbf08,0x00000000c2800000)
 PSPermGen       total 21504K, used 5964K [0x00000000b5a00000, 0x00000000b6f00000, 0x00000000c0000000)
  object space 21504K, 27% used [0x00000000b5a00000,0x00000000b5fd3290,0x00000000b6f00000)
Event: 3.404 GC heap after
Heap after GC invocations=2 (full 0):
 PSYoungGen      total 18432K, used 2539K [0x00000000eaa80000, 0x00000000ece80000, 0x0000000100000000)
  eden space 15872K, 0% used [0x00000000eaa80000,0x00000000eaa80000,0x00000000eba00000)
  from space 2560K, 99% used [0x00000000ebc80000,0x00000000ebefaed0,0x00000000ebf00000)
  to   space 2560K, 0% used [0x00000000eba00000,0x00000000eba00000,0x00000000ebc80000)
 ParOldGen       total 40960K, used 3848K [0x00000000c0000000, 0x00000000c2800000, 0x00000000eaa80000)
  object space 40960K, 9% used [0x00000000c0000000,0x00000000c03c23e0,0x00000000c2800000)
 PSPermGen       total 21504K, used 5964K [0x00000000b5a00000, 0x00000000b6f00000, 0x00000000c0000000)
  object space 21504K, 27% used [0x00000000b5a00000,0x00000000b5fd3290,0x00000000b6f00000)
}
Event: 4.588 GC heap before
{Heap before GC invocations=3 (full 0):
 PSYoungGen      total 18432K, used 18411K [0x00000000eaa80000, 0x00000000ece80000, 0x0000000100000000)
  eden space 15872K, 100% used [0x00000000eaa80000,0x00000000eba00000,0x00000000eba00000)
  from space 2560K, 99% used [0x00000000ebc80000,0x00000000ebefaed0,0x00000000ebf00000)
  to   space 2560K, 0% used [0x00000000eba00000,0x00000000eba00000,0x00000000ebc80000)
 ParOldGen       total 40960K, used 3848K [0x00000000c0000000, 0x00000000c2800000, 0x00000000eaa80000)
  object space 40960K, 9% used [0x00000000c0000000,0x00000000c03c23e0,0x00000000c2800000)
 PSPermGen       total 21504K, used 6005K [0x00000000b5a00000, 0x00000000b6f00000, 0x00000000c0000000)
  object space 21504K, 27% used [0x00000000b5a00000,0x00000000b5fdd508,0x00000000b6f00000)
Event: 4.608 GC heap after
Heap after GC invocations=3 (full 0):
 PSYoungGen      total 18432K, used 2558K [0x00000000eaa80000, 0x00000000ece80000, 0x0000000100000000)
  eden space 15872K, 0% used [0x00000000eaa80000,0x00000000eaa80000,0x00000000eba00000)
  from space 2560K, 99% used [0x00000000eba00000,0x00000000ebc7fbd8,0x00000000ebc80000)
  to   space 2560K, 0% used [0x00000000ecc00000,0x00000000ecc00000,0x00000000ece80000)
 ParOldGen       total 40960K, used 6491K [0x00000000c0000000, 0x00000000c2800000, 0x00000000eaa80000)
  object space 40960K, 15% used [0x00000000c0000000,0x00000000c0656d48,0x00000000c2800000)
 PSPermGen       total 21504K, used 6005K [0x00000000b5a00000, 0x00000000b6f00000, 0x00000000c0000000)
  object space 21504K, 27% used [0x00000000b5a00000,0x00000000b5fdd508,0x00000000b6f00000)
}
Event: 5.479 GC heap before
{Heap before GC invocations=4 (full 0):
 PSYoungGen      total 18432K, used 18430K [0x00000000eaa80000, 0x00000000ece80000, 0x0000000100000000)
  eden space 15872K, 100% used [0x00000000eaa80000,0x00000000eba00000,0x00000000eba00000)
  from space 2560K, 99% used [0x00000000eba00000,0x00000000ebc7fbd8,0x00000000ebc80000)
  to   space 2560K, 0% used [0x00000000ecc00000,0x00000000ecc00000,0x00000000ece80000)
 ParOldGen       total 40960K, used 6491K [0x00000000c0000000, 0x00000000c2800000, 0x00000000eaa80000)
  object space 40960K, 15% used [0x00000000c0000000,0x00000000c0656d48,0x00000000c2800000)
 PSPermGen       total 21504K, used 6035K [0x00000000b5a00000, 0x00000000b6f00000, 0x00000000c0000000)
  object space 21504K, 28% used [0x00000000b5a00000,0x00000000b5fe4ff8,0x00000000b6f00000)
Event: 5.506 GC heap after
Heap after GC invocations=4 (full 0):
 PSYoungGen      total 34304K, used 2539K [0x00000000eaa80000, 0x00000000ece80000, 0x0000000100000000)
  eden space 31744K, 0% used [0x00000000eaa80000,0x00000000eaa80000,0x00000000ec980000)
  from space 2560K, 99% used [0x00000000ecc00000,0x00000000ece7af40,0x00000000ece80000)
  to   space 2560K, 0% used [0x00000000ec980000,0x00000000ec980000,0x00000000ecc00000)
 ParOldGen       total 40960K, used 9363K [0x00000000c0000000, 0x00000000c2800000, 0x00000000eaa80000)
  object space 40960K, 22% used [0x00000000c0000000,0x00000000c0924e48,0x00000000c2800000)
 PSPermGen       total 21504K, used 6035K [0x00000000b5a00000, 0x00000000b6f00000, 0x00000000c0000000)
  object space 21504K, 28% used [0x00000000b5a00000,0x00000000b5fe4ff8,0x00000000b6f00000)
}
Event: 7.409 GC heap before
{Heap before GC invocations=5 (full 0):
 PSYoungGen      total 34304K, used 34283K [0x00000000eaa80000, 0x00000000ece80000, 0x0000000100000000)
  eden space 31744K, 100% used [0x00000000eaa80000,0x00000000ec980000,0x00000000ec980000)
  from space 2560K, 99% used [0x00000000ecc00000,0x00000000ece7af40,0x00000000ece80000)
  to   space 2560K, 0% used [0x00000000ec980000,0x00000000ec980000,0x00000000ecc00000)
 ParOldGen       total 40960K, used 9363K [0x00000000c0000000, 0x00000000c2800000, 0x00000000eaa80000)
  object space 40960K, 22% used [0x00000000c0000000,0x00000000c0924e48,0x00000000c2800000)
 PSPermGen       total 21504K, used 6065K [0x00000000b5a00000, 0x00000000b6f00000, 0x00000000c0000000)
  object space 21504K, 28% used [0x00000000b5a00000,0x00000000b5fec4c0,0x00000000b6f00000)

Deoptimization events (6 events):
Event: 1.830 Thread 0x00007ff4cc1b8800 Uncommon trap: reason=class_check action=maybe_recompile pc=0x00007ff4c9078d60 method=com.android.dx.ssa.NormalSsaInsn.accept(Lcom/android/dx/ssa/SsaInsn$Visitor;)V @ 9
Event: 1.831 Thread 0x00007ff4cc1b8800 Uncommon trap: reason=class_check action=maybe_recompile pc=0x00007ff4c9078d60 method=com.android.dx.ssa.NormalSsaInsn.accept(Lcom/android/dx/ssa/SsaInsn$Visitor;)V @ 9
Event: 1.831 Thread 0x00007ff4cc1b8800 Uncommon trap: reason=class_check action=maybe_recompile pc=0x00007ff4c9078d60 method=com.android.dx.ssa.NormalSsaInsn.accept(Lcom/android/dx/ssa/SsaInsn$Visitor;)V @ 9
Event: 1.846 Thread 0x00007ff4cc1b8800 Uncommon trap: reason=class_check action=maybe_recompile pc=0x00007ff4c9078d60 method=com.android.dx.ssa.NormalSsaInsn.accept(Lcom/android/dx/ssa/SsaInsn$Visitor;)V @ 9
Event: 2.513 Thread 0x00007ff4cc19e000 Uncommon trap: reason=null_check action=make_not_entrant pc=0x00007ff4c908e7b0 method=com.android.dx.ssa.SsaRenamer.getLocalForNewReg(I)Lcom/android/dx/rop/code/LocalItem; @ 19
Event: 5.213 Thread 0x00007ff4cc1b8800 Uncommon trap: reason=unreached action=reinterpret pc=0x00007ff4c90d1248 method=com.android.dx.rop.code.RegisterSpec.intersect(Lcom/android/dx/rop/code/RegisterSpec;Z)Lcom/android/dx/rop/code/RegisterSpec; @ 8

Internal exceptions (10 events):
Event: 1.304 Thread 0x00007ff4cc1b8800 Threw 0x00000000eb486218 at /build/openjdk-7-FO0dNI/openjdk-7-7u79-2.5.6/build/openjdk/hotspot/src/share/vm/prims/jvm.cpp:1284
Event: 1.306 Thread 0x00007ff4cc1b8800 Threw 0x00000000eb48b068 at /build/openjdk-7-FO0dNI/openjdk-7-7u79-2.5.6/build/openjdk/hotspot/src/share/vm/prims/jvm.cpp:1284
Event: 1.308 Thread 0x00007ff4cc00a800 Threw 0x00000000eb2740d0 at /build/openjdk-7-FO0dNI/openjdk-7-7u79-2.5.6/build/openjdk/hotspot/src/share/vm/prims/jvm.cpp:1284
Event: 1.323 Thread 0x00007ff4cc19e000 Threw 0x00000000eb3a50f0 at /build/openjdk-7-FO0dNI/openjdk-7-7u79-2.5.6/build/openjdk/hotspot/src/share/vm/prims/jvm.cpp:1284
Event: 1.482 Thread 0x00007ff4cc1b4800 Threw 0x00000000eb538c60 at /build/openjdk-7-FO0dNI/openjdk-7-7u79-2.5.6/build/openjdk/hotspot/src/share/vm/prims/jvm.cpp:1284
Event: 1.496 Thread 0x00007ff4cc1b3000 Threw 0x00000000eb505018 at /build/openjdk-7-FO0dNI/openjdk-7-7u79-2.5.6/build/openjdk/hotspot/src/share/vm/prims/jvm.cpp:1284
Event: 1.515 Thread 0x00007ff4cc19e000 Threw 0x00000000eb5cd790 at /build/openjdk-7-FO0dNI/openjdk-7-7u79-2.5.6/build/openjdk/hotspot/src/share/vm/prims/jvm.cpp:1284
Event: 2.513 Thread 0x00007ff4cc19e000 Implicit null exception at 0x00007ff4c908cca4 to 0x00007ff4c908e785
Event: 2.647 Thread 0x00007ff4cc00a800 Threw 0x00000000eb1ab420 at /build/openjdk-7-FO0dNI/openjdk-7-7u79-2.5.6/build/openjdk/hotspot/src/share/vm/prims/jvm.cpp:1284
Event: 5.890 Thread 0x00007ff4cc1b8800 Threw 0x00000000eb0a3508 at /build/openjdk-7-FO0dNI/openjdk-7-7u79-2.5.6/build/openjdk/hotspot/src/share/vm/prims/jvm.cpp:1284

Events (10 events):
Event: 4.940 Thread 0x00007ff4cc0ae800 flushing nmethod 0x00007ff4c9078a10
Event: 5.213 Thread 0x00007ff4cc1b8800 Uncommon trap: trap_request=0xffffffad fr.pc=0x00007ff4c90d1248
Event: 5.213 Thread 0x00007ff4cc1b8800 DEOPT PACKING pc=0x00007ff4c90d1248 sp=0x00007ff4bb69a1b0
Event: 5.228 Thread 0x00007ff4cc1b8800 DEOPT UNPACKING pc=0x00007ff4c9039445 sp=0x00007ff4bb699fa8 mode 2
Event: 5.461 Executing VM operation: ParallelGCFailedAllocation
Event: 5.506 Executing VM operation: ParallelGCFailedAllocation done
Event: 5.890 loading class 0x00007ff47c002dd0
Event: 5.890 loading class 0x00007ff47c002dd0 done
Event: 6.659 Thread 0x00007ff4cc0ae800 flushing nmethod 0x00007ff4c908c610
Event: 7.399 Executing VM operation: ParallelGCFailedAllocation


Dynamic libraries:
00400000-00401000 r-xp 00000000 08:05 1068837                            /usr/lib/jvm/java-7-openjdk-amd64/jre/bin/java
00600000-00601000 r--p 00000000 08:05 1068837                            /usr/lib/jvm/java-7-openjdk-amd64/jre/bin/java
00601000-00602000 rw-p 00001000 08:05 1068837                            /usr/lib/jvm/java-7-openjdk-amd64/jre/bin/java
00d1a000-00d3b000 rw-p 00000000 00:00 0                                  [heap]
b5a00000-b6f00000 rw-p 00000000 00:00 0 
b6f00000-c0000000 rw-p 00000000 00:00 0 
c0000000-c2800000 rw-p 00000000 00:00 0 
c2800000-eaa80000 rw-p 00000000 00:00 0 
eaa80000-ece80000 rw-p 00000000 00:00 0 
ef780000-100000000 rw-p 00000000 00:00 0 
7ff47c000000-7ff47c021000 rw-p 00000000 00:00 0 
7ff47c021000-7ff480000000 ---p 00000000 00:00 0 
7ff480000000-7ff480021000 rw-p 00000000 00:00 0 
7ff480021000-7ff484000000 ---p 00000000 00:00 0 
7ff484000000-7ff484021000 rw-p 00000000 00:00 0 
7ff484021000-7ff488000000 ---p 00000000 00:00 0 
7ff488000000-7ff488026000 rw-p 00000000 00:00 0 
7ff488026000-7ff48c000000 ---p 00000000 00:00 0 
7ff48c000000-7ff48c021000 rw-p 00000000 00:00 0 
7ff48c021000-7ff490000000 ---p 00000000 00:00 0 
7ff490000000-7ff49002a000 rw-p 00000000 00:00 0 
7ff49002a000-7ff494000000 ---p 00000000 00:00 0 
7ff494000000-7ff494bb4000 rw-p 00000000 00:00 0 
7ff494bb4000-7ff498000000 ---p 00000000 00:00 0 
7ff498000000-7ff498021000 rw-p 00000000 00:00 0 
7ff498021000-7ff49c000000 ---p 00000000 00:00 0 
7ff49c000000-7ff49c021000 rw-p 00000000 00:00 0 
7ff49c021000-7ff4a0000000 ---p 00000000 00:00 0 
7ff4a0000000-7ff4a0913000 rw-p 00000000 00:00 0 
7ff4a0913000-7ff4a4000000 ---p 00000000 00:00 0 
7ff4a4000000-7ff4a4021000 rw-p 00000000 00:00 0 
7ff4a4021000-7ff4a8000000 ---p 00000000 00:00 0 
7ff4a8000000-7ff4a8021000 rw-p 00000000 00:00 0 
7ff4a8021000-7ff4ac000000 ---p 00000000 00:00 0 
7ff4ac000000-7ff4ac021000 rw-p 00000000 00:00 0 
7ff4ac021000-7ff4b0000000 ---p 00000000 00:00 0 
7ff4b0000000-7ff4b0241000 rw-p 00000000 00:00 0 
7ff4b0241000-7ff4b4000000 ---p 00000000 00:00 0 
7ff4b4000000-7ff4b4021000 rw-p 00000000 00:00 0 
7ff4b4021000-7ff4b8000000 ---p 00000000 00:00 0 
7ff4bb59b000-7ff4bb59e000 ---p 00000000 00:00 0 
7ff4bb59e000-7ff4bb69c000 rw-p 00000000 00:00 0                          [stack:11102]
7ff4bb69c000-7ff4bb69f000 ---p 00000000 00:00 0 
7ff4bb69f000-7ff4bb79d000 rw-p 00000000 00:00 0                          [stack:11101]
7ff4bb79d000-7ff4bb7a0000 ---p 00000000 00:00 0 
7ff4bb7a0000-7ff4bb89e000 rw-p 00000000 00:00 0                          [stack:11100]
7ff4bb89e000-7ff4bb8a1000 ---p 00000000 00:00 0 
7ff4bb8a1000-7ff4bb99f000 rw-p 00000000 00:00 0                          [stack:11097]
7ff4bb99f000-7ff4bb9dc000 r-xp 00000000 08:05 2645095                    /lib/x86_64-linux-gnu/libpcre.so.3.13.1
7ff4bb9dc000-7ff4bbbdb000 ---p 0003d000 08:05 2645095                    /lib/x86_64-linux-gnu/libpcre.so.3.13.1
7ff4bbbdb000-7ff4bbbdc000 r--p 0003c000 08:05 2645095                    /lib/x86_64-linux-gnu/libpcre.so.3.13.1
7ff4bbbdc000-7ff4bbbdd000 rw-p 0003d000 08:05 2645095                    /lib/x86_64-linux-gnu/libpcre.so.3.13.1
7ff4bbbdd000-7ff4bbbe4000 r-xp 00000000 08:05 140488                     /usr/lib/x86_64-linux-gnu/libffi.so.6.0.1
7ff4bbbe4000-7ff4bbde3000 ---p 00007000 08:05 140488                     /usr/lib/x86_64-linux-gnu/libffi.so.6.0.1
7ff4bbde3000-7ff4bbde4000 r--p 00006000 08:05 140488                     /usr/lib/x86_64-linux-gnu/libffi.so.6.0.1
7ff4bbde4000-7ff4bbde5000 rw-p 00007000 08:05 140488                     /usr/lib/x86_64-linux-gnu/libffi.so.6.0.1
7ff4bbde5000-7ff4bbdfc000 r-xp 00000000 08:05 2625561                    /lib/x86_64-linux-gnu/libresolv-2.19.so
7ff4bbdfc000-7ff4bbffc000 ---p 00017000 08:05 2625561                    /lib/x86_64-linux-gnu/libresolv-2.19.so
7ff4bbffc000-7ff4bbffd000 r--p 00017000 08:05 2625561                    /lib/x86_64-linux-gnu/libresolv-2.19.so
7ff4bbffd000-7ff4bbffe000 rw-p 00018000 08:05 2625561                    /lib/x86_64-linux-gnu/libresolv-2.19.so
7ff4bbffe000-7ff4bc000000 rw-p 00000000 00:00 0 
7ff4bc000000-7ff4bc021000 rw-p 00000000 00:00 0 
7ff4bc021000-7ff4c0000000 ---p 00000000 00:00 0 
7ff4c00cf000-7ff4c00d2000 ---p 00000000 00:00 0 
7ff4c00d2000-7ff4c01d0000 rw-p 00000000 00:00 0                          [stack:11095]
7ff4c01d0000-7ff4c01f0000 r-xp 00000000 08:05 2625686                    /lib/x86_64-linux-gnu/libselinux.so.1
7ff4c01f0000-7ff4c03ef000 ---p 00020000 08:05 2625686                    /lib/x86_64-linux-gnu/libselinux.so.1
7ff4c03ef000-7ff4c03f0000 r--p 0001f000 08:05 2625686                    /lib/x86_64-linux-gnu/libselinux.so.1
7ff4c03f0000-7ff4c03f1000 rw-p 00020000 08:05 2625686                    /lib/x86_64-linux-gnu/libselinux.so.1
7ff4c03f1000-7ff4c03f3000 rw-p 00000000 00:00 0 
7ff4c03f3000-7ff4c03f6000 r-xp 00000000 08:05 131436                     /usr/lib/x86_64-linux-gnu/libgmodule-2.0.so.0.4002.0
7ff4c03f6000-7ff4c05f5000 ---p 00003000 08:05 131436                     /usr/lib/x86_64-linux-gnu/libgmodule-2.0.so.0.4002.0
7ff4c05f5000-7ff4c05f6000 r--p 00002000 08:05 131436                     /usr/lib/x86_64-linux-gnu/libgmodule-2.0.so.0.4002.0
7ff4c05f6000-7ff4c05f7000 rw-p 00003000 08:05 131436                     /usr/lib/x86_64-linux-gnu/libgmodule-2.0.so.0.4002.0
7ff4c05f7000-7ff4c06fd000 r-xp 00000000 08:05 2625714                    /lib/x86_64-linux-gnu/libglib-2.0.so.0.4002.0
7ff4c06fd000-7ff4c08fc000 ---p 00106000 08:05 2625714                    /lib/x86_64-linux-gnu/libglib-2.0.so.0.4002.0
7ff4c08fc000-7ff4c08fd000 r--p 00105000 08:05 2625714                    /lib/x86_64-linux-gnu/libglib-2.0.so.0.4002.0
7ff4c08fd000-7ff4c08fe000 rw-p 00106000 08:05 2625714                    /lib/x86_64-linux-gnu/libglib-2.0.so.0.4002.0
7ff4c08fe000-7ff4c08ff000 rw-p 00000000 00:00 0 
7ff4c08ff000-7ff4c094e000 r-xp 00000000 08:05 131454                     /usr/lib/x86_64-linux-gnu/libgobject-2.0.so.0.4002.0
7ff4c094e000-7ff4c0b4e000 ---p 0004f000 08:05 131454                     /usr/lib/x86_64-linux-gnu/libgobject-2.0.so.0.4002.0
7ff4c0b4e000-7ff4c0b4f000 r--p 0004f000 08:05 131454                     /usr/lib/x86_64-linux-gnu/libgobject-2.0.so.0.4002.0
7ff4c0b4f000-7ff4c0b50000 rw-p 00050000 08:05 131454                     /usr/lib/x86_64-linux-gnu/libgobject-2.0.so.0.4002.0
7ff4c0b50000-7ff4c0cbc000 r-xp 00000000 08:05 131458                     /usr/lib/x86_64-linux-gnu/libgio-2.0.so.0.4002.0
7ff4c0cbc000-7ff4c0ebb000 ---p 0016c000 08:05 131458                     /usr/lib/x86_64-linux-gnu/libgio-2.0.so.0.4002.0
7ff4c0ebb000-7ff4c0ebf000 r--p 0016b000 08:05 131458                     /usr/lib/x86_64-linux-gnu/libgio-2.0.so.0.4002.0
7ff4c0ebf000-7ff4c0ec1000 rw-p 0016f000 08:05 131458                     /usr/lib/x86_64-linux-gnu/libgio-2.0.so.0.4002.0
7ff4c0ec1000-7ff4c0ec3000 rw-p 00000000 00:00 0 
7ff4c0ec3000-7ff4c0eda000 r-xp 00000000 08:05 1061257                    /usr/lib/jvm/java-7-openjdk-amd64/jre/lib/amd64/libnet.so
7ff4c0eda000-7ff4c10d9000 ---p 00017000 08:05 1061257                    /usr/lib/jvm/java-7-openjdk-amd64/jre/lib/amd64/libnet.so
7ff4c10d9000-7ff4c10da000 r--p 00016000 08:05 1061257                    /usr/lib/jvm/java-7-openjdk-amd64/jre/lib/amd64/libnet.so
7ff4c10da000-7ff4c10db000 rw-p 00017000 08:05 1061257                    /usr/lib/jvm/java-7-openjdk-amd64/jre/lib/amd64/libnet.so
7ff4c10db000-7ff4c10eb000 r-xp 00000000 08:05 1061262                    /usr/lib/jvm/java-7-openjdk-amd64/jre/lib/amd64/libnio.so
7ff4c10eb000-7ff4c12eb000 ---p 00010000 08:05 1061262                    /usr/lib/jvm/java-7-openjdk-amd64/jre/lib/amd64/libnio.so
7ff4c12eb000-7ff4c12ec000 r--p 00010000 08:05 1061262                    /usr/lib/jvm/java-7-openjdk-amd64/jre/lib/amd64/libnio.so
7ff4c12ec000-7ff4c12ed000 rw-p 00011000 08:05 1061262                    /usr/lib/jvm/java-7-openjdk-amd64/jre/lib/amd64/libnio.so
7ff4c12ed000-7ff4c12ee000 ---p 00000000 00:00 0 
7ff4c12ee000-7ff4c13ee000 rw-p 00000000 00:00 0                          [stack:11092]
7ff4c13ee000-7ff4c1ad0000 r--p 00000000 08:05 139074                     /usr/lib/locale/locale-archive
7ff4c1ad0000-7ff4c4000000 rw-p 00000000 00:00 0 
7ff4c4000000-7ff4c4021000 rw-p 00000000 00:00 0 
7ff4c4021000-7ff4c8000000 ---p 00000000 00:00 0 
7ff4c8035000-7ff4c8066000 rw-p 00000000 00:00 0 
7ff4c8082000-7ff4c808e000 r--s 00068000 08:05 1730158                    /home/lord_tyler/.gradle/caches/modules-2/files-2.1/com.github.bumptech.glide/glide/3.6.0/a7537446a030da8eb0da4c71424d16c2589f6c4a/glide-3.6.0.jar
7ff4c808e000-7ff4c8091000 ---p 00000000 00:00 0 
7ff4c8091000-7ff4c818f000 rw-p 00000000 00:00 0                          [stack:11091]
7ff4c818f000-7ff4c8192000 ---p 00000000 00:00 0 
7ff4c8192000-7ff4c8290000 rw-p 00000000 00:00 0                          [stack:11090]
7ff4c8290000-7ff4c8293000 ---p 00000000 00:00 0 
7ff4c8293000-7ff4c8391000 rw-p 00000000 00:00 0                          [stack:11088]
7ff4c8391000-7ff4c8394000 ---p 00000000 00:00 0 
7ff4c8394000-7ff4c8492000 rw-p 00000000 00:00 0                          [stack:11086]
7ff4c8492000-7ff4c8495000 ---p 00000000 00:00 0 
7ff4c8495000-7ff4c8593000 rw-p 00000000 00:00 0                          [stack:11082]
7ff4c8593000-7ff4c8596000 ---p 00000000 00:00 0 
7ff4c8596000-7ff4c8694000 rw-p 00000000 00:00 0                          [stack:11081]
7ff4c8694000-7ff4c8695000 ---p 00000000 00:00 0 
7ff4c8695000-7ff4c9000000 rw-p 00000000 00:00 0                          [stack:11080]
7ff4c9000000-7ff4c9270000 rwxp 00000000 00:00 0 
7ff4c9270000-7ff4cc1e6000 rw-p 00000000 00:00 0 
7ff4cc1e6000-7ff4d0000000 ---p 00000000 00:00 0 
7ff4d0008000-7ff4d0017000 r--s 000df000 08:05 409110                     /home/lord_tyler/Android/Sdk/build-tools/23.0.1/lib/dx.jar
7ff4d0017000-7ff4d07a9000 rw-p 00000000 00:00 0 
7ff4d07a9000-7ff4d095a000 r--s 01d29000 08:05 1060481                    /usr/lib/jvm/java-7-openjdk-amd64/jre/lib/rt.jar
7ff4d095a000-7ff4d0ca6000 rw-p 00000000 00:00 0 
7ff4d0ca6000-7ff4d0ca7000 ---p 00000000 00:00 0 
7ff4d0ca7000-7ff4d0da7000 rw-p 00000000 00:00 0                          [stack:11078]
7ff4d0da7000-7ff4d0da8000 ---p 00000000 00:00 0 
7ff4d0da8000-7ff4d0ea8000 rw-p 00000000 00:00 0                          [stack:11076]
7ff4d0ea8000-7ff4d0ea9000 ---p 00000000 00:00 0 
7ff4d0ea9000-7ff4d0fa9000 rw-p 00000000 00:00 0                          [stack:11074]
7ff4d0fa9000-7ff4d0faa000 ---p 00000000 00:00 0 
7ff4d0faa000-7ff4d10b5000 rw-p 00000000 00:00 0                          [stack:11073]
7ff4d10b5000-7ff4d10fd000 rw-p 00000000 00:00 0 
7ff4d10fd000-7ff4d1111000 rw-p 00000000 00:00 0 
7ff4d1111000-7ff4d1253000 rw-p 00000000 00:00 0 
7ff4d1253000-7ff4d125e000 rw-p 00000000 00:00 0 
7ff4d125e000-7ff4d12a6000 rw-p 00000000 00:00 0 
7ff4d12a6000-7ff4d12ba000 rw-p 00000000 00:00 0 
7ff4d12ba000-7ff4d13fb000 rw-p 00000000 00:00 0 
7ff4d13fb000-7ff4d140e000 rw-p 00000000 00:00 0 
7ff4d140e000-7ff4d14a6000 rw-p 00000000 00:00 0 
7ff4d14a6000-7ff4d14a7000 rw-p 00000000 00:00 0 
7ff4d14a7000-7ff4d14af000 r-xp 00000000 08:05 1061232                    /usr/lib/jvm/java-7-openjdk-amd64/jre/lib/amd64/libzip.so
7ff4d14af000-7ff4d16ae000 ---p 00008000 08:05 1061232                    /usr/lib/jvm/java-7-openjdk-amd64/jre/lib/amd64/libzip.so
7ff4d16ae000-7ff4d16af000 r--p 00007000 08:05 1061232                    /usr/lib/jvm/java-7-openjdk-amd64/jre/lib/amd64/libzip.so
7ff4d16af000-7ff4d16b0000 rw-p 00008000 08:05 1061232                    /usr/lib/jvm/java-7-openjdk-amd64/jre/lib/amd64/libzip.so
7ff4d16b0000-7ff4d16bb000 r-xp 00000000 08:05 2637386                    /lib/x86_64-linux-gnu/libnss_files-2.19.so
7ff4d16bb000-7ff4d18ba000 ---p 0000b000 08:05 2637386                    /lib/x86_64-linux-gnu/libnss_files-2.19.so
7ff4d18ba000-7ff4d18bb000 r--p 0000a000 08:05 2637386                    /lib/x86_64-linux-gnu/libnss_files-2.19.so
7ff4d18bb000-7ff4d18bc000 rw-p 0000b000 08:05 2637386                    /lib/x86_64-linux-gnu/libnss_files-2.19.so
7ff4d18bc000-7ff4d18c7000 r-xp 00000000 08:05 2637424                    /lib/x86_64-linux-gnu/libnss_nis-2.19.so
7ff4d18c7000-7ff4d1ac6000 ---p 0000b000 08:05 2637424                    /lib/x86_64-linux-gnu/libnss_nis-2.19.so
7ff4d1ac6000-7ff4d1ac7000 r--p 0000a000 08:05 2637424                    /lib/x86_64-linux-gnu/libnss_nis-2.19.so
7ff4d1ac7000-7ff4d1ac8000 rw-p 0000b000 08:05 2637424                    /lib/x86_64-linux-gnu/libnss_nis-2.19.so
7ff4d1ac8000-7ff4d1adf000 r-xp 00000000 08:05 2637401                    /lib/x86_64-linux-gnu/libnsl-2.19.so
7ff4d1adf000-7ff4d1cde000 ---p 00017000 08:05 2637401                    /lib/x86_64-linux-gnu/libnsl-2.19.so
7ff4d1cde000-7ff4d1cdf000 r--p 00016000 08:05 2637401                    /lib/x86_64-linux-gnu/libnsl-2.19.so
7ff4d1cdf000-7ff4d1ce0000 rw-p 00017000 08:05 2637401                    /lib/x86_64-linux-gnu/libnsl-2.19.so
7ff4d1ce0000-7ff4d1ce2000 rw-p 00000000 00:00 0 
7ff4d1ce2000-7ff4d1ceb000 r-xp 00000000 08:05 2637400                    /lib/x86_64-linux-gnu/libnss_compat-2.19.so
7ff4d1ceb000-7ff4d1eea000 ---p 00009000 08:05 2637400                    /lib/x86_64-linux-gnu/libnss_compat-2.19.so
7ff4d1eea000-7ff4d1eeb000 r--p 00008000 08:05 2637400                    /lib/x86_64-linux-gnu/libnss_compat-2.19.so
7ff4d1eeb000-7ff4d1eec000 rw-p 00009000 08:05 2637400                    /lib/x86_64-linux-gnu/libnss_compat-2.19.so
7ff4d1eec000-7ff4d1f17000 r-xp 00000000 08:05 1061265                    /usr/lib/jvm/java-7-openjdk-amd64/jre/lib/amd64/libjava.so
7ff4d1f17000-7ff4d2116000 ---p 0002b000 08:05 1061265                    /usr/lib/jvm/java-7-openjdk-amd64/jre/lib/amd64/libjava.so
7ff4d2116000-7ff4d2117000 r--p 0002a000 08:05 1061265                    /usr/lib/jvm/java-7-openjdk-amd64/jre/lib/amd64/libjava.so
7ff4d2117000-7ff4d2119000 rw-p 0002b000 08:05 1061265                    /usr/lib/jvm/java-7-openjdk-amd64/jre/lib/amd64/libjava.so
7ff4d2119000-7ff4d2129000 r-xp 00000000 08:05 1061247                    /usr/lib/jvm/java-7-openjdk-amd64/jre/lib/amd64/libverify.so
7ff4d2129000-7ff4d2328000 ---p 00010000 08:05 1061247                    /usr/lib/jvm/java-7-openjdk-amd64/jre/lib/amd64/libverify.so
7ff4d2328000-7ff4d232a000 r--p 0000f000 08:05 1061247                    /usr/lib/jvm/java-7-openjdk-amd64/jre/lib/amd64/libverify.so
7ff4d232a000-7ff4d232b000 rw-p 00011000 08:05 1061247                    /usr/lib/jvm/java-7-openjdk-amd64/jre/lib/amd64/libverify.so
7ff4d232b000-7ff4d2332000 r-xp 00000000 08:05 2637418                    /lib/x86_64-linux-gnu/librt-2.19.so
7ff4d2332000-7ff4d2531000 ---p 00007000 08:05 2637418                    /lib/x86_64-linux-gnu/librt-2.19.so
7ff4d2531000-7ff4d2532000 r--p 00006000 08:05 2637418                    /lib/x86_64-linux-gnu/librt-2.19.so
7ff4d2532000-7ff4d2533000 rw-p 00007000 08:05 2637418                    /lib/x86_64-linux-gnu/librt-2.19.so
7ff4d2533000-7ff4d2549000 r-xp 00000000 08:05 2625485                    /lib/x86_64-linux-gnu/libgcc_s.so.1
7ff4d2549000-7ff4d2748000 ---p 00016000 08:05 2625485                    /lib/x86_64-linux-gnu/libgcc_s.so.1
7ff4d2748000-7ff4d2749000 rw-p 00015000 08:05 2625485                    /lib/x86_64-linux-gnu/libgcc_s.so.1
7ff4d2749000-7ff4d284e000 r-xp 00000000 08:05 2628562                    /lib/x86_64-linux-gnu/libm-2.19.so
7ff4d284e000-7ff4d2a4d000 ---p 00105000 08:05 2628562                    /lib/x86_64-linux-gnu/libm-2.19.so
7ff4d2a4d000-7ff4d2a4e000 r--p 00104000 08:05 2628562                    /lib/x86_64-linux-gnu/libm-2.19.so
7ff4d2a4e000-7ff4d2a4f000 rw-p 00105000 08:05 2628562                    /lib/x86_64-linux-gnu/libm-2.19.so
7ff4d2a4f000-7ff4d2b35000 r-xp 00000000 08:05 135324                     /usr/lib/x86_64-linux-gnu/libstdc++.so.6.0.19
7ff4d2b35000-7ff4d2d34000 ---p 000e6000 08:05 135324                     /usr/lib/x86_64-linux-gnu/libstdc++.so.6.0.19
7ff4d2d34000-7ff4d2d3c000 r--p 000e5000 08:05 135324                     /usr/lib/x86_64-linux-gnu/libstdc++.so.6.0.19
7ff4d2d3c000-7ff4d2d3e000 rw-p 000ed000 08:05 135324                     /usr/lib/x86_64-linux-gnu/libstdc++.so.6.0.19
7ff4d2d3e000-7ff4d2d53000 rw-p 00000000 00:00 0 
7ff4d2d53000-7ff4d386c000 r-xp 00000000 08:05 1061235                    /usr/lib/jvm/java-7-openjdk-amd64/jre/lib/amd64/server/libjvm.so
7ff4d386c000-7ff4d3a6c000 ---p 00b19000 08:05 1061235                    /usr/lib/jvm/java-7-openjdk-amd64/jre/lib/amd64/server/libjvm.so
7ff4d3a6c000-7ff4d3b06000 r--p 00b19000 08:05 1061235                    /usr/lib/jvm/java-7-openjdk-amd64/jre/lib/amd64/server/libjvm.so
7ff4d3b06000-7ff4d3b29000 rw-p 00bb3000 08:05 1061235                    /usr/lib/jvm/java-7-openjdk-amd64/jre/lib/amd64/server/libjvm.so
7ff4d3b29000-7ff4d3b57000 rw-p 00000000 00:00 0 
7ff4d3b57000-7ff4d3b6f000 r-xp 00000000 08:05 2625719                    /lib/x86_64-linux-gnu/libz.so.1.2.8
7ff4d3b6f000-7ff4d3d6e000 ---p 00018000 08:05 2625719                    /lib/x86_64-linux-gnu/libz.so.1.2.8
7ff4d3d6e000-7ff4d3d6f000 r--p 00017000 08:05 2625719                    /lib/x86_64-linux-gnu/libz.so.1.2.8
7ff4d3d6f000-7ff4d3d70000 rw-p 00018000 08:05 2625719                    /lib/x86_64-linux-gnu/libz.so.1.2.8
7ff4d3d70000-7ff4d3d89000 r-xp 00000000 08:05 2637414                    /lib/x86_64-linux-gnu/libpthread-2.19.so
7ff4d3d89000-7ff4d3f88000 ---p 00019000 08:05 2637414                    /lib/x86_64-linux-gnu/libpthread-2.19.so
7ff4d3f88000-7ff4d3f89000 r--p 00018000 08:05 2637414                    /lib/x86_64-linux-gnu/libpthread-2.19.so
7ff4d3f89000-7ff4d3f8a000 rw-p 00019000 08:05 2637414                    /lib/x86_64-linux-gnu/libpthread-2.19.so
7ff4d3f8a000-7ff4d3f8e000 rw-p 00000000 00:00 0 
7ff4d3f8e000-7ff4d3f91000 r-xp 00000000 08:05 2637394                    /lib/x86_64-linux-gnu/libdl-2.19.so
7ff4d3f91000-7ff4d4190000 ---p 00003000 08:05 2637394                    /lib/x86_64-linux-gnu/libdl-2.19.so
7ff4d4190000-7ff4d4191000 r--p 00002000 08:05 2637394                    /lib/x86_64-linux-gnu/libdl-2.19.so
7ff4d4191000-7ff4d4192000 rw-p 00003000 08:05 2637394                    /lib/x86_64-linux-gnu/libdl-2.19.so
7ff4d4192000-7ff4d434d000 r-xp 00000000 08:05 2637412                    /lib/x86_64-linux-gnu/libc-2.19.so
7ff4d434d000-7ff4d454c000 ---p 001bb000 08:05 2637412                    /lib/x86_64-linux-gnu/libc-2.19.so
7ff4d454c000-7ff4d4550000 r--p 001ba000 08:05 2637412                    /lib/x86_64-linux-gnu/libc-2.19.so
7ff4d4550000-7ff4d4552000 rw-p 001be000 08:05 2637412                    /lib/x86_64-linux-gnu/libc-2.19.so
7ff4d4552000-7ff4d4557000 rw-p 00000000 00:00 0 
7ff4d4557000-7ff4d4564000 r-xp 00000000 08:05 1442905                    /usr/lib/jvm/java-7-openjdk-amd64/jre/lib/amd64/jli/libjli.so
7ff4d4564000-7ff4d4763000 ---p 0000d000 08:05 1442905                    /usr/lib/jvm/java-7-openjdk-amd64/jre/lib/amd64/jli/libjli.so
7ff4d4763000-7ff4d4764000 r--p 0000c000 08:05 1442905                    /usr/lib/jvm/java-7-openjdk-amd64/jre/lib/amd64/jli/libjli.so
7ff4d4764000-7ff4d4765000 rw-p 0000d000 08:05 1442905                    /usr/lib/jvm/java-7-openjdk-amd64/jre/lib/amd64/jli/libjli.so
7ff4d4765000-7ff4d4788000 r-xp 00000000 08:05 2637406                    /lib/x86_64-linux-gnu/ld-2.19.so
7ff4d4788000-7ff4d4789000 rw-p 00000000 00:00 0 
7ff4d4789000-7ff4d478b000 r--s 00006000 08:05 540611                     /usr/share/java/java-atk-wrapper.jar
7ff4d478b000-7ff4d47ad000 rw-p 00000000 00:00 0 
7ff4d47ad000-7ff4d4863000 rw-p 00000000 00:00 0 
7ff4d4863000-7ff4d4866000 ---p 00000000 00:00 0 
7ff4d4866000-7ff4d4969000 rw-p 00000000 00:00 0                          [stack:11070]
7ff4d4969000-7ff4d496d000 r--s 0003c000 08:05 1061222                    /usr/lib/jvm/java-7-openjdk-amd64/jre/lib/ext/sunpkcs11.jar
7ff4d496d000-7ff4d4971000 r--s 00085000 08:05 1061219                    /usr/lib/jvm/java-7-openjdk-amd64/jre/lib/ext/localedata.jar
7ff4d4971000-7ff4d4972000 r--s 00002000 08:05 1061220                    /usr/lib/jvm/java-7-openjdk-amd64/jre/lib/ext/dnsns.jar
7ff4d4972000-7ff4d4975000 r--s 0000f000 08:05 1061223                    /usr/lib/jvm/java-7-openjdk-amd64/jre/lib/ext/icedtea-sound.jar
7ff4d4975000-7ff4d4979000 r--s 00034000 08:05 1061221                    /usr/lib/jvm/java-7-openjdk-amd64/jre/lib/ext/sunjce_provider.jar
7ff4d4979000-7ff4d497b000 r--s 00012000 08:05 1061224                    /usr/lib/jvm/java-7-openjdk-amd64/jre/lib/ext/zipfs.jar
7ff4d497b000-7ff4d4983000 rw-s 00000000 08:05 1733649                    /tmp/hsperfdata_lord_tyler/11068
7ff4d4983000-7ff4d4984000 rw-p 00000000 00:00 0 
7ff4d4984000-7ff4d4985000 ---p 00000000 00:00 0 
7ff4d4985000-7ff4d4987000 rw-p 00000000 00:00 0 
7ff4d4987000-7ff4d4988000 r--p 00022000 08:05 2637406                    /lib/x86_64-linux-gnu/ld-2.19.so
7ff4d4988000-7ff4d4989000 rw-p 00023000 08:05 2637406                    /lib/x86_64-linux-gnu/ld-2.19.so
7ff4d4989000-7ff4d498a000 rw-p 00000000 00:00 0 
7ffe85619000-7ffe8563a000 rw-p 00000000 00:00 0                          [stack]
7ffe8569d000-7ffe8569f000 r-xp 00000000 00:00 0                          [vdso]
ffffffffff600000-ffffffffff601000 r-xp 00000000 00:00 0                  [vsyscall]

VM Arguments:
jvm_args: -Xmx1024M -Dfile.encoding=UTF-8 -Duser.country=US -Duser.language=en -Duser.variant 
java_command: com.android.dx.command.Main --dex --num-threads=4 --output /home/lord_tyler/AndroidStudioProjects/TECB131-MeLotto/app/build/intermediates/pre-dexed/debug/glide-3.6.0-3ee34418448d96a1cacbd43bbd0ae87b0a31f51c.jar /home/lord_tyler/.gradle/caches/modules-2/files-2.1/com.github.bumptech.glide/glide/3.6.0/a7537446a030da8eb0da4c71424d16c2589f6c4a/glide-3.6.0.jar
Launcher Type: SUN_STANDARD

Environment Variables:
PATH=/usr/local/sbin:/usr/local/bin:/usr/sbin:/usr/bin:/sbin:/bin:/usr/games:/usr/local/games
LD_LIBRARY_PATH=/home/lord_tyler/android/android-studio/bin:
SHELL=/bin/bash
DISPLAY=:0

Signal Handlers:
SIGSEGV: [libjvm.so+0x94bab0], sa_mask[0]=0x7ffbfeff, sa_flags=0x10000004
SIGBUS: [libjvm.so+0x94bab0], sa_mask[0]=0x7ffbfeff, sa_flags=0x10000004
SIGFPE: [libjvm.so+0x7c38b0], sa_mask[0]=0x7ffbfeff, sa_flags=0x10000004
SIGPIPE: [libjvm.so+0x7c38b0], sa_mask[0]=0x7ffbfeff, sa_flags=0x10000004
SIGXFSZ: [libjvm.so+0x7c38b0], sa_mask[0]=0x7ffbfeff, sa_flags=0x10000004
SIGILL: [libjvm.so+0x7c38b0], sa_mask[0]=0x7ffbfeff, sa_flags=0x10000004
SIGUSR1: SIG_DFL, sa_mask[0]=0x00000000, sa_flags=0x00000000
SIGUSR2: [libjvm.so+0x7c3750], sa_mask[0]=0x00000004, sa_flags=0x10000004
SIGHUP: [libjvm.so+0x7c3930], sa_mask[0]=0x7ffbfeff, sa_flags=0x10000004
SIGINT: [libjvm.so+0x7c3930], sa_mask[0]=0x7ffbfeff, sa_flags=0x10000004
SIGTERM: [libjvm.so+0x7c3930], sa_mask[0]=0x7ffbfeff, sa_flags=0x10000004
SIGQUIT: [libjvm.so+0x7c3930], sa_mask[0]=0x7ffbfeff, sa_flags=0x10000004
SIGTRAP: SIG_DFL, sa_mask[0]=0x00000000, sa_flags=0x00000000


---------------  S Y S T E M  ---------------

OS:Ubuntu 14.04 (trusty)
uname:Linux 3.13.0-66-generic #108-Ubuntu SMP Wed Oct 7 15:20:27 UTC 2015 x86_64
libc:glibc 2.19 NPTL 2.19 
rlimit: STACK 8192k, CORE 0k, NPROC 30566, NOFILE 4096, AS infinity
load average:3.22 1.02 0.52

/proc/meminfo:
MemTotal:        3961256 kB
MemFree:           98480 kB
Buffers:            1296 kB
Cached:           834060 kB
SwapCached:            0 kB
Active:          2882088 kB
Inactive:         827020 kB
Active(anon):    2878712 kB
Inactive(anon):   795484 kB
Active(file):       3376 kB
Inactive(file):    31536 kB
Unevictable:          32 kB
Mlocked:              32 kB
SwapTotal:             0 kB
SwapFree:              0 kB
Dirty:               144 kB
Writeback:             0 kB
AnonPages:       2874724 kB
Mapped:           122752 kB
Shmem:            799420 kB
Slab:              58064 kB
SReclaimable:      26384 kB
SUnreclaim:        31680 kB
KernelStack:        4800 kB
PageTables:        31652 kB
NFS_Unstable:          0 kB
Bounce:                0 kB
WritebackTmp:          0 kB
CommitLimit:     1980628 kB
Committed_AS:    6561464 kB
VmallocTotal:   34359738367 kB
VmallocUsed:      366504 kB
VmallocChunk:   34359364120 kB
HardwareCorrupted:     0 kB
AnonHugePages:   1241088 kB
HugePages_Total:       0
HugePages_Free:        0
HugePages_Rsvd:        0
HugePages_Surp:        0
Hugepagesize:       2048 kB
DirectMap4k:       81140 kB
DirectMap2M:     2977792 kB
DirectMap1G:     1048576 kB


CPU:total 4 (2 cores per cpu, 2 threads per core) family 6 model 69 stepping 1, cmov, cx8, fxsr, mmx, sse, sse2, sse3, ssse3, sse4.1, sse4.2, popcnt, avx, avx2, aes, erms, ht, tsc, tscinvbit

/proc/cpuinfo:
processor	: 0
vendor_id	: GenuineIntel
cpu family	: 6
model		: 69
model name	: Intel(R) Core(TM) i5-4200U CPU @ 1.60GHz
stepping	: 1
microcode	: 0x15
cpu MHz		: 2301.000
cache size	: 3072 KB
physical id	: 0
siblings	: 4
core id		: 0
cpu cores	: 2
apicid		: 0
initial apicid	: 0
fpu		: yes
fpu_exception	: yes
cpuid level	: 13
wp		: yes
flags		: fpu vme de pse tsc msr pae mce cx8 apic sep mtrr pge mca cmov pat pse36 clflush dts acpi mmx fxsr sse sse2 ss ht tm pbe syscall nx pdpe1gb rdtscp lm constant_tsc arch_perfmon pebs bts rep_good nopl xtopology nonstop_tsc aperfmperf eagerfpu pni pclmulqdq dtes64 monitor ds_cpl vmx est tm2 ssse3 fma cx16 xtpr pdcm pcid sse4_1 sse4_2 movbe popcnt tsc_deadline_timer aes xsave avx f16c rdrand lahf_lm abm ida arat epb xsaveopt pln pts dtherm tpr_shadow vnmi flexpriority ept vpid fsgsbase tsc_adjust bmi1 avx2 smep bmi2 erms invpcid
bogomips	: 4589.29
clflush size	: 64
cache_alignment	: 64
address sizes	: 39 bits physical, 48 bits virtual
power management:

processor	: 1
vendor_id	: GenuineIntel
cpu family	: 6
model		: 69
model name	: Intel(R) Core(TM) i5-4200U CPU @ 1.60GHz
stepping	: 1
microcode	: 0x15
cpu MHz		: 2301.000
cache size	: 3072 KB
physical id	: 0
siblings	: 4
core id		: 1
cpu cores	: 2
apicid		: 2
initial apicid	: 2
fpu		: yes
fpu_exception	: yes
cpuid level	: 13
wp		: yes
flags		: fpu vme de pse tsc msr pae mce cx8 apic sep mtrr pge mca cmov pat pse36 clflush dts acpi mmx fxsr sse sse2 ss ht tm pbe syscall nx pdpe1gb rdtscp lm constant_tsc arch_perfmon pebs bts rep_good nopl xtopology nonstop_tsc aperfmperf eagerfpu pni pclmulqdq dtes64 monitor ds_cpl vmx est tm2 ssse3 fma cx16 xtpr pdcm pcid sse4_1 sse4_2 movbe popcnt tsc_deadline_timer aes xsave avx f16c rdrand lahf_lm abm ida arat epb xsaveopt pln pts dtherm tpr_shadow vnmi flexpriority ept vpid fsgsbase tsc_adjust bmi1 avx2 smep bmi2 erms invpcid
bogomips	: 4589.29
clflush size	: 64
cache_alignment	: 64
address sizes	: 39 bits physical, 48 bits virtual
power management:

processor	: 2
vendor_id	: GenuineIntel
cpu family	: 6
model		: 69
model name	: Intel(R) Core(TM) i5-4200U CPU @ 1.60GHz
stepping	: 1
microcode	: 0x15
cpu MHz		: 2301.000
cache size	: 3072 KB
physical id	: 0
siblings	: 4
core id		: 0
cpu cores	: 2
apicid		: 1
initial apicid	: 1
fpu		: yes
fpu_exception	: yes
cpuid level	: 13
wp		: yes
flags		: fpu vme de pse tsc msr pae mce cx8 apic sep mtrr pge mca cmov pat pse36 clflush dts acpi mmx fxsr sse sse2 ss ht tm pbe syscall nx pdpe1gb rdtscp lm constant_tsc arch_perfmon pebs bts rep_good nopl xtopology nonstop_tsc aperfmperf eagerfpu pni pclmulqdq dtes64 monitor ds_cpl vmx est tm2 ssse3 fma cx16 xtpr pdcm pcid sse4_1 sse4_2 movbe popcnt tsc_deadline_timer aes xsave avx f16c rdrand lahf_lm abm ida arat epb xsaveopt pln pts dtherm tpr_shadow vnmi flexpriority ept vpid fsgsbase tsc_adjust bmi1 avx2 smep bmi2 erms invpcid
bogomips	: 4589.29
clflush size	: 64
cache_alignment	: 64
address sizes	: 39 bits physical, 48 bits virtual
power management:

processor	: 3
vendor_id	: GenuineIntel
cpu family	: 6
model		: 69
model name	: Intel(R) Core(TM) i5-4200U CPU @ 1.60GHz
stepping	: 1
microcode	: 0x15
cpu MHz		: 2301.000
cache size	: 3072 KB
physical id	: 0
siblings	: 4
core id		: 1
cpu cores	: 2
apicid		: 3
initial apicid	: 3
fpu		: yes
fpu_exception	: yes
cpuid level	: 13
wp		: yes
flags		: fpu vme de pse tsc msr pae mce cx8 apic sep mtrr pge mca cmov pat pse36 clflush dts acpi mmx fxsr sse sse2 ss ht tm pbe syscall nx pdpe1gb rdtscp lm constant_tsc arch_perfmon pebs bts rep_good nopl xtopology nonstop_tsc aperfmperf eagerfpu pni pclmulqdq dtes64 monitor ds_cpl vmx est tm2 ssse3 fma cx16 xtpr pdcm pcid sse4_1 sse4_2 movbe popcnt tsc_deadline_timer aes xsave avx f16c rdrand lahf_lm abm ida arat epb xsaveopt pln pts dtherm tpr_shadow vnmi flexpriority ept vpid fsgsbase tsc_adjust bmi1 avx2 smep bmi2 erms invpcid
bogomips	: 4589.29
clflush size	: 64
cache_alignment	: 64
address sizes	: 39 bits physical, 48 bits virtual
power management:



Memory: 4k page, physical 3961256k(98232k free), swap 0k(0k free)

vm_info: OpenJDK 64-Bit Server VM (24.79-b02) for linux-amd64 JRE (1.7.0_79-b14), built on Jul 24 2015 08:15:54 by "buildd" with gcc 4.8.2

time: Fri Oct 23 17:20:57 2015
elapsed time: 7 seconds

