#
# There is insufficient memory for the Java Runtime Environment to continue.
# Native memory allocation (malloc) failed to allocate 152043520 bytes for committing reserved memory.
# Possible reasons:
#   The system is out of physical RAM or swap space
#   In 32 bit mode, the process size limit was hit
# Possible solutions:
#   Reduce memory load on the system
#   Increase physical memory or swap space
#   Check if swap backing store is full
#   Use 64 bit Java on a 64 bit OS
#   Decrease Java heap size (-Xmx/-Xms)
#   Decrease number of Java threads
#   Decrease Java thread stack sizes (-Xss)
#   Set larger code cache with -XX:ReservedCodeCacheSize=
# This output file may be truncated or incomplete.
#
#  Out of Memory Error (os_linux.cpp:2809), pid=10557, tid=140394052249344
#
# JRE version: OpenJDK Runtime Environment (7.0_79-b14) (build 1.7.0_79-b14)
# Java VM: OpenJDK 64-Bit Server VM (24.79-b02 mixed mode linux-amd64 compressed oops)
# Derivative: IcedTea 2.5.6
# Distribution: Ubuntu 14.04 LTS, package 7u79-2.5.6-0ubuntu1.14.04.1
# Failed to write core dump. Core dumps have been disabled. To enable core dumping, try "ulimit -c unlimited" before starting Java again
#

---------------  T H R E A D  ---------------

Current thread (0x00007fb014077000):  VMThread [stack: 0x00007fb0098ce000,0x00007fb0099cf000] [id=10568]

Stack: [0x00007fb0098ce000,0x00007fb0099cf000],  sp=0x00007fb0099cd490,  free space=1021k
Native frames: (J=compiled Java code, j=interpreted, Vv=VM code, C=native code)
V  [libjvm.so+0x94afd5]  VMError::report_and_die()+0x175
V  [libjvm.so+0x48b9f4]  report_vm_out_of_memory(char const*, int, unsigned long, char const*)+0x74
V  [libjvm.so+0x7c809b]  os::pd_commit_memory(char*, unsigned long, unsigned long, bool)+0xeb
V  [libjvm.so+0x7c2b3f]  os::commit_memory(char*, unsigned long, unsigned long, bool)+0x1f
V  [libjvm.so+0x83503b]  PSVirtualSpace::expand_by(unsigned long)+0x5b
V  [libjvm.so+0x835e90]  PSYoungGen::resize_generation(unsigned long, unsigned long)+0xb0
V  [libjvm.so+0x83657b]  PSYoungGen::resize(unsigned long, unsigned long)+0x1b
V  [libjvm.so+0x832860]  PSScavenge::invoke_no_policy()+0xde0
V  [libjvm.so+0x833038]  PSScavenge::invoke()+0x38
V  [libjvm.so+0x7e9723]  ParallelScavengeHeap::failed_mem_allocate(unsigned long)+0x63
V  [libjvm.so+0x94c9d4]  VM_ParallelGCFailedAllocation::doit()+0x84
V  [libjvm.so+0x950ed7]  VM_Operation::evaluate()+0x47
V  [libjvm.so+0x94f848]  VMThread::evaluate_operation(VM_Operation*)+0x318
V  [libjvm.so+0x94fca9]  VMThread::loop()+0x219
V  [libjvm.so+0x9500f2]  VMThread::run()+0x72
V  [libjvm.so+0x7c4f62]  java_start(Thread*)+0xf2

VM_Operation (0x00007fb01c0d8330): ParallelGCFailedAllocation, mode: safepoint, requested by thread 0x00007fb01400b800


---------------  P R O C E S S  ---------------

Java Threads: ( => current thread )
  0x00007fb0140af800 JavaThread "Service Thread" daemon [_thread_blocked, id=10574, stack(0x00007fb008be6000,0x00007fb008ce7000)]
  0x00007fb0140ad800 JavaThread "C2 CompilerThread1" daemon [_thread_blocked, id=10573, stack(0x00007fb008ce7000,0x00007fb008de8000)]
  0x00007fb0140aa800 JavaThread "C2 CompilerThread0" daemon [_thread_blocked, id=10572, stack(0x00007fb008de8000,0x00007fb008ee9000)]
  0x00007fb0140a8800 JavaThread "Signal Dispatcher" daemon [_thread_blocked, id=10571, stack(0x00007fb008ee9000,0x00007fb008fea000)]
  0x00007fb01407d000 JavaThread "Finalizer" daemon [_thread_blocked, id=10570, stack(0x00007fb0096cc000,0x00007fb0097cd000)]
  0x00007fb01407b000 JavaThread "Reference Handler" daemon [_thread_blocked, id=10569, stack(0x00007fb0097cd000,0x00007fb0098ce000)]
  0x00007fb01400b800 JavaThread "main" [_thread_blocked, id=10563, stack(0x00007fb01bfd9000,0x00007fb01c0da000)]

Other Threads:
=>0x00007fb014077000 VMThread [stack: 0x00007fb0098ce000,0x00007fb0099cf000] [id=10568]
  0x00007fb0140ba800 WatcherThread [stack: 0x00007fb008ae5000,0x00007fb008be6000] [id=10575]

VM state:at safepoint (normal execution)

VM Mutex/Monitor currently owned by a thread:  ([mutex/lock_event])
[0x00007fb014007990] Threads_lock - owner thread: 0x00007fb014077000
[0x00007fb014007e90] Heap_lock - owner thread: 0x00007fb01400b800

Heap
 PSYoungGen      total 137216K, used 10233K [0x00000000eaa80000, 0x00000000f3a80000, 0x0000000100000000)
  eden space 126976K, 0% used [0x00000000eaa80000,0x00000000eaa80000,0x00000000f2680000)
  from space 10240K, 99% used [0x00000000f2680000,0x00000000f307e7d0,0x00000000f3080000)
  to   space 9728K, 0% used [0x00000000f3100000,0x00000000f3100000,0x00000000f3a80000)
 ParOldGen       total 40960K, used 36617K [0x00000000c0000000, 0x00000000c2800000, 0x00000000eaa80000)
  object space 40960K, 89% used [0x00000000c0000000,0x00000000c23c2730,0x00000000c2800000)
 PSPermGen       total 21504K, used 7483K [0x00000000b5a00000, 0x00000000b6f00000, 0x00000000c0000000)
  object space 21504K, 34% used [0x00000000b5a00000,0x00000000b614ef78,0x00000000b6f00000)

Card table byte_map: [0x00007fb0189c9000,0x00007fb018c1d000] byte_map_base: 0x00007fb01841c000

Polling page: 0x00007fb01c0fa000

Code Cache  [0x00007fb011000000, 0x00007fb011270000, 0x00007fb014000000)
 total_blobs=996 nmethods=742 adapters=207 free_code_cache=47034Kb largest_free_block=48116928

Compilation events (10 events):
Event: 3.149 Thread 0x00007fb0140ad800  753             com.android.dx.merge.DexMerger::transformTries (61 bytes)
Event: 3.149 Thread 0x00007fb0140aa800  752             com.android.dex.Dex$Section::readTries (66 bytes)
Event: 3.161 Thread 0x00007fb0140ad800 nmethod 753 0x00007fb011203e50 code [0x00007fb011204020, 0x00007fb0112047e8]
Event: 3.161 Thread 0x00007fb0140ad800  754             com.android.dx.io.instructions.InstructionCodec$15::decode (54 bytes)
Event: 3.164 Thread 0x00007fb0140ad800 nmethod 754 0x00007fb011203910 code [0x00007fb011203a60, 0x00007fb011203c38]
Event: 3.164 Thread 0x00007fb0140ad800  755             com.android.dx.io.instructions.InstructionCodec$15::encode (29 bytes)
Event: 3.166 Thread 0x00007fb0140ad800 nmethod 755 0x00007fb0111fabd0 code [0x00007fb0111fad40, 0x00007fb0111faf78]
Event: 3.166 Thread 0x00007fb0140ad800  756             com.android.dx.io.instructions.DecodedInstruction::getLiteralByte (58 bytes)
Event: 3.167 Thread 0x00007fb0140ad800 nmethod 756 0x00007fb01113cb90 code [0x00007fb01113ccc0, 0x00007fb01113cd38]
Event: 3.167 Thread 0x00007fb0140aa800 nmethod 752 0x00007fb0111fb250 code [0x00007fb0111fb420, 0x00007fb0111fbc88]

GC Heap History (10 events):
Event: 0.939 GC heap after
Heap after GC invocations=2 (full 0):
 PSYoungGen      total 34304K, used 2539K [0x00000000eaa80000, 0x00000000ece80000, 0x0000000100000000)
  eden space 31744K, 0% used [0x00000000eaa80000,0x00000000eaa80000,0x00000000ec980000)
  from space 2560K, 99% used [0x00000000ecc00000,0x00000000ece7aeb0,0x00000000ece80000)
  to   space 2560K, 0% used [0x00000000ec980000,0x00000000ec980000,0x00000000ecc00000)
 ParOldGen       total 40960K, used 3778K [0x00000000c0000000, 0x00000000c2800000, 0x00000000eaa80000)
  object space 40960K, 9% used [0x00000000c0000000,0x00000000c03b0be0,0x00000000c2800000)
 PSPermGen       total 21504K, used 5461K [0x00000000b5a00000, 0x00000000b6f00000, 0x00000000c0000000)
  object space 21504K, 25% used [0x00000000b5a00000,0x00000000b5f554e0,0x00000000b6f00000)
}
Event: 1.836 GC heap before
{Heap before GC invocations=3 (full 0):
 PSYoungGen      total 34304K, used 34283K [0x00000000eaa80000, 0x00000000ece80000, 0x0000000100000000)
  eden space 31744K, 100% used [0x00000000eaa80000,0x00000000ec980000,0x00000000ec980000)
  from space 2560K, 99% used [0x00000000ecc00000,0x00000000ece7aeb0,0x00000000ece80000)
  to   space 2560K, 0% used [0x00000000ec980000,0x00000000ec980000,0x00000000ecc00000)
 ParOldGen       total 40960K, used 3778K [0x00000000c0000000, 0x00000000c2800000, 0x00000000eaa80000)
  object space 40960K, 9% used [0x00000000c0000000,0x00000000c03b0be0,0x00000000c2800000)
 PSPermGen       total 21504K, used 7282K [0x00000000b5a00000, 0x00000000b6f00000, 0x00000000c0000000)
  object space 21504K, 33% used [0x00000000b5a00000,0x00000000b611ca58,0x00000000b6f00000)
Event: 1.844 GC heap after
Heap after GC invocations=3 (full 0):
 PSYoungGen      total 34304K, used 2531K [0x00000000eaa80000, 0x00000000eed80000, 0x0000000100000000)
  eden space 31744K, 0% used [0x00000000eaa80000,0x00000000eaa80000,0x00000000ec980000)
  from space 2560K, 98% used [0x00000000ec980000,0x00000000ecbf8c38,0x00000000ecc00000)
  to   space 2560K, 0% used [0x00000000eeb00000,0x00000000eeb00000,0x00000000eed80000)
 ParOldGen       total 40960K, used 11232K [0x00000000c0000000, 0x00000000c2800000, 0x00000000eaa80000)
  object space 40960K, 27% used [0x00000000c0000000,0x00000000c0af8328,0x00000000c2800000)
 PSPermGen       total 21504K, used 7282K [0x00000000b5a00000, 0x00000000b6f00000, 0x00000000c0000000)
  object space 21504K, 33% used [0x00000000b5a00000,0x00000000b611ca58,0x00000000b6f00000)
}
Event: 2.148 GC heap before
{Heap before GC invocations=4 (full 0):
 PSYoungGen      total 34304K, used 33757K [0x00000000eaa80000, 0x00000000eed80000, 0x0000000100000000)
  eden space 31744K, 98% used [0x00000000eaa80000,0x00000000ec8fe8a8,0x00000000ec980000)
  from space 2560K, 98% used [0x00000000ec980000,0x00000000ecbf8c38,0x00000000ecc00000)
  to   space 2560K, 0% used [0x00000000eeb00000,0x00000000eeb00000,0x00000000eed80000)
 ParOldGen       total 40960K, used 11232K [0x00000000c0000000, 0x00000000c2800000, 0x00000000eaa80000)
  object space 40960K, 27% used [0x00000000c0000000,0x00000000c0af8328,0x00000000c2800000)
 PSPermGen       total 21504K, used 7339K [0x00000000b5a00000, 0x00000000b6f00000, 0x00000000c0000000)
  object space 21504K, 34% used [0x00000000b5a00000,0x00000000b612ac30,0x00000000b6f00000)
Event: 2.153 GC heap after
Heap after GC invocations=4 (full 0):
 PSYoungGen      total 66048K, used 2549K [0x00000000eaa80000, 0x00000000eed80000, 0x0000000100000000)
  eden space 63488K, 0% used [0x00000000eaa80000,0x00000000eaa80000,0x00000000ee880000)
  from space 2560K, 99% used [0x00000000eeb00000,0x00000000eed7d588,0x00000000eed80000)
  to   space 2560K, 0% used [0x00000000ee880000,0x00000000ee880000,0x00000000eeb00000)
 ParOldGen       total 40960K, used 12886K [0x00000000c0000000, 0x00000000c2800000, 0x00000000eaa80000)
  object space 40960K, 31% used [0x00000000c0000000,0x00000000c0c95b28,0x00000000c2800000)
 PSPermGen       total 21504K, used 7339K [0x00000000b5a00000, 0x00000000b6f00000, 0x00000000c0000000)
  object space 21504K, 34% used [0x00000000b5a00000,0x00000000b612ac30,0x00000000b6f00000)
}
Event: 2.566 GC heap before
{Heap before GC invocations=5 (full 0):
 PSYoungGen      total 66048K, used 66037K [0x00000000eaa80000, 0x00000000eed80000, 0x0000000100000000)
  eden space 63488K, 100% used [0x00000000eaa80000,0x00000000ee880000,0x00000000ee880000)
  from space 2560K, 99% used [0x00000000eeb00000,0x00000000eed7d588,0x00000000eed80000)
  to   space 2560K, 0% used [0x00000000ee880000,0x00000000ee880000,0x00000000eeb00000)
 ParOldGen       total 40960K, used 12886K [0x00000000c0000000, 0x00000000c2800000, 0x00000000eaa80000)
  object space 40960K, 31% used [0x00000000c0000000,0x00000000c0c95b28,0x00000000c2800000)
 PSPermGen       total 21504K, used 7376K [0x00000000b5a00000, 0x00000000b6f00000, 0x00000000c0000000)
  object space 21504K, 34% used [0x00000000b5a00000,0x00000000b6134200,0x00000000b6f00000)
Event: 2.575 GC heap after
Heap after GC invocations=5 (full 0):
 PSYoungGen      total 66048K, used 2544K [0x00000000eaa80000, 0x00000000f3b80000, 0x0000000100000000)
  eden space 63488K, 0% used [0x00000000eaa80000,0x00000000eaa80000,0x00000000ee880000)
  from space 2560K, 99% used [0x00000000ee880000,0x00000000eeafc068,0x00000000eeb00000)
  to   space 10752K, 0% used [0x00000000f3100000,0x00000000f3100000,0x00000000f3b80000)
 ParOldGen       total 40960K, used 18192K [0x00000000c0000000, 0x00000000c2800000, 0x00000000eaa80000)
  object space 40960K, 44% used [0x00000000c0000000,0x00000000c11c41f8,0x00000000c2800000)
 PSPermGen       total 21504K, used 7376K [0x00000000b5a00000, 0x00000000b6f00000, 0x00000000c0000000)
  object space 21504K, 34% used [0x00000000b5a00000,0x00000000b6134200,0x00000000b6f00000)
}
Event: 2.788 GC heap before
{Heap before GC invocations=6 (full 0):
 PSYoungGen      total 66048K, used 64074K [0x00000000eaa80000, 0x00000000f3b80000, 0x0000000100000000)
  eden space 63488K, 96% used [0x00000000eaa80000,0x00000000ee6967d8,0x00000000ee880000)
  from space 2560K, 99% used [0x00000000ee880000,0x00000000eeafc068,0x00000000eeb00000)
  to   space 10752K, 0% used [0x00000000f3100000,0x00000000f3100000,0x00000000f3b80000)
 ParOldGen       total 40960K, used 18192K [0x00000000c0000000, 0x00000000c2800000, 0x00000000eaa80000)
  object space 40960K, 44% used [0x00000000c0000000,0x00000000c11c41f8,0x00000000c2800000)
 PSPermGen       total 21504K, used 7477K [0x00000000b5a00000, 0x00000000b6f00000, 0x00000000c0000000)
  object space 21504K, 34% used [0x00000000b5a00000,0x00000000b614d460,0x00000000b6f00000)
Event: 2.796 GC heap after
Heap after GC invocations=6 (full 0):
 PSYoungGen      total 136704K, used 6512K [0x00000000eaa80000, 0x00000000f3a80000, 0x0000000100000000)
  eden space 126976K, 0% used [0x00000000eaa80000,0x00000000eaa80000,0x00000000f2680000)
  from space 9728K, 66% used [0x00000000f3100000,0x00000000f375c3b8,0x00000000f3a80000)
  to   space 10240K, 0% used [0x00000000f2680000,0x00000000f2680000,0x00000000f3080000)
 ParOldGen       total 40960K, used 18192K [0x00000000c0000000, 0x00000000c2800000, 0x00000000eaa80000)
  object space 40960K, 44% used [0x00000000c0000000,0x00000000c11c41f8,0x00000000c2800000)
 PSPermGen       total 21504K, used 7477K [0x00000000b5a00000, 0x00000000b6f00000, 0x00000000c0000000)
  object space 21504K, 34% used [0x00000000b5a00000,0x00000000b614d460,0x00000000b6f00000)
}
Event: 3.188 GC heap before
{Heap before GC invocations=7 (full 0):
 PSYoungGen      total 136704K, used 133488K [0x00000000eaa80000, 0x00000000f3a80000, 0x0000000100000000)
  eden space 126976K, 100% used [0x00000000eaa80000,0x00000000f2680000,0x00000000f2680000)
  from space 9728K, 66% used [0x00000000f3100000,0x00000000f375c3b8,0x00000000f3a80000)
  to   space 10240K, 0% used [0x00000000f2680000,0x00000000f2680000,0x00000000f3080000)
 ParOldGen       total 40960K, used 18192K [0x00000000c0000000, 0x00000000c2800000, 0x00000000eaa80000)
  object space 40960K, 44% used [0x00000000c0000000,0x00000000c11c41f8,0x00000000c2800000)
 PSPermGen       total 21504K, used 7483K [0x00000000b5a00000, 0x00000000b6f00000, 0x00000000c0000000)
  object space 21504K, 34% used [0x00000000b5a00000,0x00000000b614ef78,0x00000000b6f00000)

Deoptimization events (10 events):
Event: 2.620 Thread 0x00007fb01400b800 Uncommon trap: reason=array_check action=maybe_recompile pc=0x00007fb0111ebb48 method=java.util.TimSort.binarySort([Ljava/lang/Object;IIILjava/util/Comparator;)V @ 193
Event: 2.620 Thread 0x00007fb01400b800 Uncommon trap: reason=array_check action=maybe_recompile pc=0x00007fb0111ebb48 method=java.util.TimSort.binarySort([Ljava/lang/Object;IIILjava/util/Comparator;)V @ 193
Event: 2.620 Thread 0x00007fb01400b800 Uncommon trap: reason=array_check action=maybe_recompile pc=0x00007fb0111ebb48 method=java.util.TimSort.binarySort([Ljava/lang/Object;IIILjava/util/Comparator;)V @ 193
Event: 2.620 Thread 0x00007fb01400b800 Uncommon trap: reason=array_check action=maybe_recompile pc=0x00007fb0111ebb48 method=java.util.TimSort.binarySort([Ljava/lang/Object;IIILjava/util/Comparator;)V @ 193
Event: 2.735 Thread 0x00007fb01400b800 Uncommon trap: reason=array_check action=maybe_recompile pc=0x00007fb0111f3ef8 method=java.util.TimSort.binarySort([Ljava/lang/Object;IIILjava/util/Comparator;)V @ 215
Event: 2.735 Thread 0x00007fb01400b800 Uncommon trap: reason=array_check action=maybe_recompile pc=0x00007fb0111f3ef8 method=java.util.TimSort.binarySort([Ljava/lang/Object;IIILjava/util/Comparator;)V @ 215
Event: 2.788 Thread 0x00007fb01400b800 Uncommon trap: reason=array_check action=maybe_recompile pc=0x00007fb0111a4ca0 method=java.util.ComparableTimSort.binarySort([Ljava/lang/Object;III)V @ 193
Event: 2.817 Thread 0x00007fb01400b800 Uncommon trap: reason=array_check action=maybe_recompile pc=0x00007fb0110ac0ec method=java.util.TimSort.binarySort([Ljava/lang/Object;IIILjava/util/Comparator;)V @ 183
Event: 2.817 Thread 0x00007fb01400b800 Uncommon trap: reason=array_check action=maybe_recompile pc=0x00007fb0110ac0ec method=java.util.TimSort.binarySort([Ljava/lang/Object;IIILjava/util/Comparator;)V @ 183
Event: 2.932 Thread 0x00007fb01400b800 Uncommon trap: reason=array_check action=maybe_recompile pc=0x00007fb0111a4ca0 method=java.util.ComparableTimSort.binarySort([Ljava/lang/Object;III)V @ 193

Internal exceptions (10 events):
Event: 1.642 Thread 0x00007fb01400b800 Threw 0x00000000ec32d4b0 at /build/openjdk-7-FO0dNI/openjdk-7-7u79-2.5.6/build/openjdk/hotspot/src/share/vm/prims/jvm.cpp:1284
Event: 1.642 Thread 0x00007fb01400b800 Threw 0x00000000ec331188 at /build/openjdk-7-FO0dNI/openjdk-7-7u79-2.5.6/build/openjdk/hotspot/src/share/vm/prims/jvm.cpp:1284
Event: 1.642 Thread 0x00007fb01400b800 Threw 0x00000000ec334fb0 at /build/openjdk-7-FO0dNI/openjdk-7-7u79-2.5.6/build/openjdk/hotspot/src/share/vm/prims/jvm.cpp:1284
Event: 1.643 Thread 0x00007fb01400b800 Threw 0x00000000ec33afd8 at /build/openjdk-7-FO0dNI/openjdk-7-7u79-2.5.6/build/openjdk/hotspot/src/share/vm/prims/jvm.cpp:1284
Event: 1.643 Thread 0x00007fb01400b800 Threw 0x00000000ec33eb28 at /build/openjdk-7-FO0dNI/openjdk-7-7u79-2.5.6/build/openjdk/hotspot/src/share/vm/prims/jvm.cpp:1284
Event: 1.644 Thread 0x00007fb01400b800 Threw 0x00000000ec342870 at /build/openjdk-7-FO0dNI/openjdk-7-7u79-2.5.6/build/openjdk/hotspot/src/share/vm/prims/jvm.cpp:1284
Event: 1.644 Thread 0x00007fb01400b800 Threw 0x00000000ec346308 at /build/openjdk-7-FO0dNI/openjdk-7-7u79-2.5.6/build/openjdk/hotspot/src/share/vm/prims/jvm.cpp:1284
Event: 1.646 Thread 0x00007fb01400b800 Threw 0x00000000ec34dad8 at /build/openjdk-7-FO0dNI/openjdk-7-7u79-2.5.6/build/openjdk/hotspot/src/share/vm/prims/jvm.cpp:1284
Event: 1.646 Thread 0x00007fb01400b800 Threw 0x00000000ec3506d8 at /build/openjdk-7-FO0dNI/openjdk-7-7u79-2.5.6/build/openjdk/hotspot/src/share/vm/prims/jvm.cpp:1284
Event: 2.098 Thread 0x00007fb01400b800 Threw 0x00000000ec3edbe0 at /build/openjdk-7-FO0dNI/openjdk-7-7u79-2.5.6/build/openjdk/hotspot/src/share/vm/prims/jvm.cpp:1284

Events (10 events):
Event: 2.852 Thread 0x00007fb0140aa800 flushing nmethod 0x00007fb0110d99d0
Event: 2.852 Thread 0x00007fb0140aa800 flushing nmethod 0x00007fb0110ebfd0
Event: 2.863 Thread 0x00007fb0140aa800 flushing nmethod 0x00007fb0111297d0
Event: 2.864 Thread 0x00007fb0140aa800 flushing nmethod 0x00007fb01113ca50
Event: 2.866 Thread 0x00007fb0140ad800 flushing nmethod 0x00007fb01114bfd0
Event: 2.866 Thread 0x00007fb0140ad800 flushing nmethod 0x00007fb011153e10
Event: 2.932 Thread 0x00007fb01400b800 Uncommon trap: trap_request=0xffffffd6 fr.pc=0x00007fb0111a4ca0
Event: 2.932 Thread 0x00007fb01400b800 DEOPT PACKING pc=0x00007fb0111a4ca0 sp=0x00007fb01c0d8450
Event: 2.932 Thread 0x00007fb01400b800 DEOPT UNPACKING pc=0x00007fb011039445 sp=0x00007fb01c0d8418 mode 2
Event: 3.188 Executing VM operation: ParallelGCFailedAllocation


Dynamic libraries:
00400000-00401000 r-xp 00000000 08:05 1068837                            /usr/lib/jvm/java-7-openjdk-amd64/jre/bin/java
00600000-00601000 r--p 00000000 08:05 1068837                            /usr/lib/jvm/java-7-openjdk-amd64/jre/bin/java
00601000-00602000 rw-p 00001000 08:05 1068837                            /usr/lib/jvm/java-7-openjdk-amd64/jre/bin/java
018c1000-018e2000 rw-p 00000000 00:00 0                                  [heap]
b5a00000-b6f00000 rw-p 00000000 00:00 0 
b6f00000-c0000000 rw-p 00000000 00:00 0 
c0000000-c2800000 rw-p 00000000 00:00 0 
c2800000-eaa80000 rw-p 00000000 00:00 0 
eaa80000-f3a80000 rw-p 00000000 00:00 0 
fcb80000-100000000 rw-p 00000000 00:00 0 
7fafc6cac000-7fafc6ce9000 r-xp 00000000 08:05 2645095                    /lib/x86_64-linux-gnu/libpcre.so.3.13.1
7fafc6ce9000-7fafc6ee8000 ---p 0003d000 08:05 2645095                    /lib/x86_64-linux-gnu/libpcre.so.3.13.1
7fafc6ee8000-7fafc6ee9000 r--p 0003c000 08:05 2645095                    /lib/x86_64-linux-gnu/libpcre.so.3.13.1
7fafc6ee9000-7fafc6eea000 rw-p 0003d000 08:05 2645095                    /lib/x86_64-linux-gnu/libpcre.so.3.13.1
7fafc6eea000-7fafc6ef1000 r-xp 00000000 08:05 140488                     /usr/lib/x86_64-linux-gnu/libffi.so.6.0.1
7fafc6ef1000-7fafc70f0000 ---p 00007000 08:05 140488                     /usr/lib/x86_64-linux-gnu/libffi.so.6.0.1
7fafc70f0000-7fafc70f1000 r--p 00006000 08:05 140488                     /usr/lib/x86_64-linux-gnu/libffi.so.6.0.1
7fafc70f1000-7fafc70f2000 rw-p 00007000 08:05 140488                     /usr/lib/x86_64-linux-gnu/libffi.so.6.0.1
7fafc70f2000-7fafc7109000 r-xp 00000000 08:05 2625561                    /lib/x86_64-linux-gnu/libresolv-2.19.so
7fafc7109000-7fafc7309000 ---p 00017000 08:05 2625561                    /lib/x86_64-linux-gnu/libresolv-2.19.so
7fafc7309000-7fafc730a000 r--p 00017000 08:05 2625561                    /lib/x86_64-linux-gnu/libresolv-2.19.so
7fafc730a000-7fafc730b000 rw-p 00018000 08:05 2625561                    /lib/x86_64-linux-gnu/libresolv-2.19.so
7fafc730b000-7fafc730d000 rw-p 00000000 00:00 0 
7fafc730d000-7fafc732d000 r-xp 00000000 08:05 2625686                    /lib/x86_64-linux-gnu/libselinux.so.1
7fafc732d000-7fafc752c000 ---p 00020000 08:05 2625686                    /lib/x86_64-linux-gnu/libselinux.so.1
7fafc752c000-7fafc752d000 r--p 0001f000 08:05 2625686                    /lib/x86_64-linux-gnu/libselinux.so.1
7fafc752d000-7fafc752e000 rw-p 00020000 08:05 2625686                    /lib/x86_64-linux-gnu/libselinux.so.1
7fafc752e000-7fafc7530000 rw-p 00000000 00:00 0 
7fafc7530000-7fafc7533000 r-xp 00000000 08:05 131436                     /usr/lib/x86_64-linux-gnu/libgmodule-2.0.so.0.4002.0
7fafc7533000-7fafc7732000 ---p 00003000 08:05 131436                     /usr/lib/x86_64-linux-gnu/libgmodule-2.0.so.0.4002.0
7fafc7732000-7fafc7733000 r--p 00002000 08:05 131436                     /usr/lib/x86_64-linux-gnu/libgmodule-2.0.so.0.4002.0
7fafc7733000-7fafc7734000 rw-p 00003000 08:05 131436                     /usr/lib/x86_64-linux-gnu/libgmodule-2.0.so.0.4002.0
7fafc7734000-7fafc783a000 r-xp 00000000 08:05 2625714                    /lib/x86_64-linux-gnu/libglib-2.0.so.0.4002.0
7fafc783a000-7fafc7a39000 ---p 00106000 08:05 2625714                    /lib/x86_64-linux-gnu/libglib-2.0.so.0.4002.0
7fafc7a39000-7fafc7a3a000 r--p 00105000 08:05 2625714                    /lib/x86_64-linux-gnu/libglib-2.0.so.0.4002.0
7fafc7a3a000-7fafc7a3b000 rw-p 00106000 08:05 2625714                    /lib/x86_64-linux-gnu/libglib-2.0.so.0.4002.0
7fafc7a3b000-7fafc7a3c000 rw-p 00000000 00:00 0 
7fafc7a3c000-7fafc7a8b000 r-xp 00000000 08:05 131454                     /usr/lib/x86_64-linux-gnu/libgobject-2.0.so.0.4002.0
7fafc7a8b000-7fafc7c8b000 ---p 0004f000 08:05 131454                     /usr/lib/x86_64-linux-gnu/libgobject-2.0.so.0.4002.0
7fafc7c8b000-7fafc7c8c000 r--p 0004f000 08:05 131454                     /usr/lib/x86_64-linux-gnu/libgobject-2.0.so.0.4002.0
7fafc7c8c000-7fafc7c8d000 rw-p 00050000 08:05 131454                     /usr/lib/x86_64-linux-gnu/libgobject-2.0.so.0.4002.0
7fafc7c8d000-7fafc7df9000 r-xp 00000000 08:05 131458                     /usr/lib/x86_64-linux-gnu/libgio-2.0.so.0.4002.0
7fafc7df9000-7fafc7ff8000 ---p 0016c000 08:05 131458                     /usr/lib/x86_64-linux-gnu/libgio-2.0.so.0.4002.0
7fafc7ff8000-7fafc7ffc000 r--p 0016b000 08:05 131458                     /usr/lib/x86_64-linux-gnu/libgio-2.0.so.0.4002.0
7fafc7ffc000-7fafc7ffe000 rw-p 0016f000 08:05 131458                     /usr/lib/x86_64-linux-gnu/libgio-2.0.so.0.4002.0
7fafc7ffe000-7fafc8000000 rw-p 00000000 00:00 0 
7fafc8000000-7fafc802b000 rw-p 00000000 00:00 0 
7fafc802b000-7fafcc000000 ---p 00000000 00:00 0 
7fafcc000000-7fafcc021000 rw-p 00000000 00:00 0 
7fafcc021000-7fafd0000000 ---p 00000000 00:00 0 
7fafd0000000-7fafd0021000 rw-p 00000000 00:00 0 
7fafd0021000-7fafd4000000 ---p 00000000 00:00 0 
7fafd4000000-7fafd4030000 rw-p 00000000 00:00 0 
7fafd4030000-7fafd8000000 ---p 00000000 00:00 0 
7fafd8000000-7fafd8021000 rw-p 00000000 00:00 0 
7fafd8021000-7fafdc000000 ---p 00000000 00:00 0 
7fafdc000000-7fafdc031000 rw-p 00000000 00:00 0 
7fafdc031000-7fafe0000000 ---p 00000000 00:00 0 
7fafe0000000-7fafe0d92000 rw-p 00000000 00:00 0 
7fafe0d92000-7fafe4000000 ---p 00000000 00:00 0 
7fafe4000000-7fafe4021000 rw-p 00000000 00:00 0 
7fafe4021000-7fafe8000000 ---p 00000000 00:00 0 
7fafe8000000-7fafe8021000 rw-p 00000000 00:00 0 
7fafe8021000-7fafec000000 ---p 00000000 00:00 0 
7fafec000000-7fafec849000 rw-p 00000000 00:00 0 
7fafec849000-7faff0000000 ---p 00000000 00:00 0 
7faff0000000-7faff0021000 rw-p 00000000 00:00 0 
7faff0021000-7faff4000000 ---p 00000000 00:00 0 
7faff4000000-7faff4021000 rw-p 00000000 00:00 0 
7faff4021000-7faff8000000 ---p 00000000 00:00 0 
7faff8000000-7faff8021000 rw-p 00000000 00:00 0 
7faff8021000-7faffc000000 ---p 00000000 00:00 0 
7faffc000000-7faffc0e0000 rw-p 00000000 00:00 0 
7faffc0e0000-7fb000000000 ---p 00000000 00:00 0 
7fb000000000-7fb000021000 rw-p 00000000 00:00 0 
7fb000021000-7fb004000000 ---p 00000000 00:00 0 
7fb004000000-7fb004021000 rw-p 00000000 00:00 0 
7fb004021000-7fb008000000 ---p 00000000 00:00 0 
7fb008055000-7fb0081b6000 rw-p 00000000 00:00 0 
7fb0081b6000-7fb0081cd000 r-xp 00000000 08:05 1061257                    /usr/lib/jvm/java-7-openjdk-amd64/jre/lib/amd64/libnet.so
7fb0081cd000-7fb0083cc000 ---p 00017000 08:05 1061257                    /usr/lib/jvm/java-7-openjdk-amd64/jre/lib/amd64/libnet.so
7fb0083cc000-7fb0083cd000 r--p 00016000 08:05 1061257                    /usr/lib/jvm/java-7-openjdk-amd64/jre/lib/amd64/libnet.so
7fb0083cd000-7fb0083ce000 rw-p 00017000 08:05 1061257                    /usr/lib/jvm/java-7-openjdk-amd64/jre/lib/amd64/libnet.so
7fb0083ce000-7fb0083de000 r-xp 00000000 08:05 1061262                    /usr/lib/jvm/java-7-openjdk-amd64/jre/lib/amd64/libnio.so
7fb0083de000-7fb0085de000 ---p 00010000 08:05 1061262                    /usr/lib/jvm/java-7-openjdk-amd64/jre/lib/amd64/libnio.so
7fb0085de000-7fb0085df000 r--p 00010000 08:05 1061262                    /usr/lib/jvm/java-7-openjdk-amd64/jre/lib/amd64/libnio.so
7fb0085df000-7fb0085e0000 rw-p 00011000 08:05 1061262                    /usr/lib/jvm/java-7-openjdk-amd64/jre/lib/amd64/libnio.so
7fb0085e0000-7fb0085e3000 ---p 00000000 00:00 0 
7fb0085e3000-7fb0086e1000 rw-p 00000000 00:00 0 
7fb0086e1000-7fb0086e4000 ---p 00000000 00:00 0 
7fb0086e4000-7fb0087e2000 rw-p 00000000 00:00 0 
7fb0087e2000-7fb0087e5000 ---p 00000000 00:00 0 
7fb0087e5000-7fb0088e3000 rw-p 00000000 00:00 0 
7fb0088e3000-7fb0088e6000 ---p 00000000 00:00 0 
7fb0088e6000-7fb0089e4000 rw-p 00000000 00:00 0 
7fb0089e4000-7fb0089e7000 ---p 00000000 00:00 0 
7fb0089e7000-7fb008ae5000 rw-p 00000000 00:00 0 
7fb008ae5000-7fb008ae6000 ---p 00000000 00:00 0 
7fb008ae6000-7fb008be6000 rw-p 00000000 00:00 0                          [stack:10575]
7fb008be6000-7fb008be9000 ---p 00000000 00:00 0 
7fb008be9000-7fb008ce7000 rw-p 00000000 00:00 0                          [stack:10574]
7fb008ce7000-7fb008cea000 ---p 00000000 00:00 0 
7fb008cea000-7fb008de8000 rw-p 00000000 00:00 0                          [stack:10573]
7fb008de8000-7fb008deb000 ---p 00000000 00:00 0 
7fb008deb000-7fb008ee9000 rw-p 00000000 00:00 0                          [stack:10572]
7fb008ee9000-7fb008eec000 ---p 00000000 00:00 0 
7fb008eec000-7fb008fea000 rw-p 00000000 00:00 0                          [stack:10571]
7fb008fea000-7fb0096cc000 r--p 00000000 08:05 139074                     /usr/lib/locale/locale-archive
7fb0096cc000-7fb0096cf000 ---p 00000000 00:00 0 
7fb0096cf000-7fb0097cd000 rw-p 00000000 00:00 0                          [stack:10570]
7fb0097cd000-7fb0097d0000 ---p 00000000 00:00 0 
7fb0097d0000-7fb0098ce000 rw-p 00000000 00:00 0                          [stack:10569]
7fb0098ce000-7fb0098cf000 ---p 00000000 00:00 0 
7fb0098cf000-7fb00c000000 rw-p 00000000 00:00 0                          [stack:10568]
7fb00c000000-7fb00c021000 rw-p 00000000 00:00 0 
7fb00c021000-7fb010000000 ---p 00000000 00:00 0 
7fb01000c000-7fb010011000 r--s 0004d000 08:05 1061211                    /usr/lib/jvm/java-7-openjdk-amd64/jre/lib/jsse.jar
7fb010011000-7fb010020000 r--s 000df000 08:05 409110                     /home/lord_tyler/Android/Sdk/build-tools/23.0.1/lib/dx.jar
7fb010020000-7fb010e4f000 rw-p 00000000 00:00 0 
7fb010e4f000-7fb011000000 r--s 01d29000 08:05 1060481                    /usr/lib/jvm/java-7-openjdk-amd64/jre/lib/rt.jar
7fb011000000-7fb011270000 rwxp 00000000 00:00 0 
7fb011270000-7fb014233000 rw-p 00000000 00:00 0 
7fb014233000-7fb018000000 ---p 00000000 00:00 0 
7fb018003000-7fb01841c000 rw-p 00000000 00:00 0 
7fb01841c000-7fb01841d000 ---p 00000000 00:00 0 
7fb01841d000-7fb01851d000 rw-p 00000000 00:00 0                          [stack:10567]
7fb01851d000-7fb01851e000 ---p 00000000 00:00 0 
7fb01851e000-7fb01861e000 rw-p 00000000 00:00 0                          [stack:10566]
7fb01861e000-7fb01861f000 ---p 00000000 00:00 0 
7fb01861f000-7fb01871f000 rw-p 00000000 00:00 0                          [stack:10565]
7fb01871f000-7fb018720000 ---p 00000000 00:00 0 
7fb018720000-7fb01882b000 rw-p 00000000 00:00 0                          [stack:10564]
7fb01882b000-7fb018873000 rw-p 00000000 00:00 0 
7fb018873000-7fb018887000 rw-p 00000000 00:00 0 
7fb018887000-7fb0189c9000 rw-p 00000000 00:00 0 
7fb0189c9000-7fb0189d4000 rw-p 00000000 00:00 0 
7fb0189d4000-7fb018a1c000 rw-p 00000000 00:00 0 
7fb018a1c000-7fb018a30000 rw-p 00000000 00:00 0 
7fb018a30000-7fb018b71000 rw-p 00000000 00:00 0 
7fb018b71000-7fb018bba000 rw-p 00000000 00:00 0 
7fb018bba000-7fb018c1c000 rw-p 00000000 00:00 0 
7fb018c1c000-7fb018c1d000 rw-p 00000000 00:00 0 
7fb018c1d000-7fb018c25000 r-xp 00000000 08:05 1061232                    /usr/lib/jvm/java-7-openjdk-amd64/jre/lib/amd64/libzip.so
7fb018c25000-7fb018e24000 ---p 00008000 08:05 1061232                    /usr/lib/jvm/java-7-openjdk-amd64/jre/lib/amd64/libzip.so
7fb018e24000-7fb018e25000 r--p 00007000 08:05 1061232                    /usr/lib/jvm/java-7-openjdk-amd64/jre/lib/amd64/libzip.so
7fb018e25000-7fb018e26000 rw-p 00008000 08:05 1061232                    /usr/lib/jvm/java-7-openjdk-amd64/jre/lib/amd64/libzip.so
7fb018e26000-7fb018e31000 r-xp 00000000 08:05 2637386                    /lib/x86_64-linux-gnu/libnss_files-2.19.so
7fb018e31000-7fb019030000 ---p 0000b000 08:05 2637386                    /lib/x86_64-linux-gnu/libnss_files-2.19.so
7fb019030000-7fb019031000 r--p 0000a000 08:05 2637386                    /lib/x86_64-linux-gnu/libnss_files-2.19.so
7fb019031000-7fb019032000 rw-p 0000b000 08:05 2637386                    /lib/x86_64-linux-gnu/libnss_files-2.19.so
7fb019032000-7fb01903d000 r-xp 00000000 08:05 2637424                    /lib/x86_64-linux-gnu/libnss_nis-2.19.so
7fb01903d000-7fb01923c000 ---p 0000b000 08:05 2637424                    /lib/x86_64-linux-gnu/libnss_nis-2.19.so
7fb01923c000-7fb01923d000 r--p 0000a000 08:05 2637424                    /lib/x86_64-linux-gnu/libnss_nis-2.19.so
7fb01923d000-7fb01923e000 rw-p 0000b000 08:05 2637424                    /lib/x86_64-linux-gnu/libnss_nis-2.19.so
7fb01923e000-7fb019255000 r-xp 00000000 08:05 2637401                    /lib/x86_64-linux-gnu/libnsl-2.19.so
7fb019255000-7fb019454000 ---p 00017000 08:05 2637401                    /lib/x86_64-linux-gnu/libnsl-2.19.so
7fb019454000-7fb019455000 r--p 00016000 08:05 2637401                    /lib/x86_64-linux-gnu/libnsl-2.19.so
7fb019455000-7fb019456000 rw-p 00017000 08:05 2637401                    /lib/x86_64-linux-gnu/libnsl-2.19.so
7fb019456000-7fb019458000 rw-p 00000000 00:00 0 
7fb019458000-7fb019461000 r-xp 00000000 08:05 2637400                    /lib/x86_64-linux-gnu/libnss_compat-2.19.so
7fb019461000-7fb019660000 ---p 00009000 08:05 2637400                    /lib/x86_64-linux-gnu/libnss_compat-2.19.so
7fb019660000-7fb019661000 r--p 00008000 08:05 2637400                    /lib/x86_64-linux-gnu/libnss_compat-2.19.so
7fb019661000-7fb019662000 rw-p 00009000 08:05 2637400                    /lib/x86_64-linux-gnu/libnss_compat-2.19.so
7fb019662000-7fb01968d000 r-xp 00000000 08:05 1061265                    /usr/lib/jvm/java-7-openjdk-amd64/jre/lib/amd64/libjava.so
7fb01968d000-7fb01988c000 ---p 0002b000 08:05 1061265                    /usr/lib/jvm/java-7-openjdk-amd64/jre/lib/amd64/libjava.so
7fb01988c000-7fb01988d000 r--p 0002a000 08:05 1061265                    /usr/lib/jvm/java-7-openjdk-amd64/jre/lib/amd64/libjava.so
7fb01988d000-7fb01988f000 rw-p 0002b000 08:05 1061265                    /usr/lib/jvm/java-7-openjdk-amd64/jre/lib/amd64/libjava.so
7fb01988f000-7fb01989f000 r-xp 00000000 08:05 1061247                    /usr/lib/jvm/java-7-openjdk-amd64/jre/lib/amd64/libverify.so
7fb01989f000-7fb019a9e000 ---p 00010000 08:05 1061247                    /usr/lib/jvm/java-7-openjdk-amd64/jre/lib/amd64/libverify.so
7fb019a9e000-7fb019aa0000 r--p 0000f000 08:05 1061247                    /usr/lib/jvm/java-7-openjdk-amd64/jre/lib/amd64/libverify.so
7fb019aa0000-7fb019aa1000 rw-p 00011000 08:05 1061247                    /usr/lib/jvm/java-7-openjdk-amd64/jre/lib/amd64/libverify.so
7fb019aa1000-7fb019aa8000 r-xp 00000000 08:05 2637418                    /lib/x86_64-linux-gnu/librt-2.19.so
7fb019aa8000-7fb019ca7000 ---p 00007000 08:05 2637418                    /lib/x86_64-linux-gnu/librt-2.19.so
7fb019ca7000-7fb019ca8000 r--p 00006000 08:05 2637418                    /lib/x86_64-linux-gnu/librt-2.19.so
7fb019ca8000-7fb019ca9000 rw-p 00007000 08:05 2637418                    /lib/x86_64-linux-gnu/librt-2.19.so
7fb019ca9000-7fb019cbf000 r-xp 00000000 08:05 2625485                    /lib/x86_64-linux-gnu/libgcc_s.so.1
7fb019cbf000-7fb019ebe000 ---p 00016000 08:05 2625485                    /lib/x86_64-linux-gnu/libgcc_s.so.1
7fb019ebe000-7fb019ebf000 rw-p 00015000 08:05 2625485                    /lib/x86_64-linux-gnu/libgcc_s.so.1
7fb019ebf000-7fb019fc4000 r-xp 00000000 08:05 2628562                    /lib/x86_64-linux-gnu/libm-2.19.so
7fb019fc4000-7fb01a1c3000 ---p 00105000 08:05 2628562                    /lib/x86_64-linux-gnu/libm-2.19.so
7fb01a1c3000-7fb01a1c4000 r--p 00104000 08:05 2628562                    /lib/x86_64-linux-gnu/libm-2.19.so
7fb01a1c4000-7fb01a1c5000 rw-p 00105000 08:05 2628562                    /lib/x86_64-linux-gnu/libm-2.19.so
7fb01a1c5000-7fb01a2ab000 r-xp 00000000 08:05 135324                     /usr/lib/x86_64-linux-gnu/libstdc++.so.6.0.19
7fb01a2ab000-7fb01a4aa000 ---p 000e6000 08:05 135324                     /usr/lib/x86_64-linux-gnu/libstdc++.so.6.0.19
7fb01a4aa000-7fb01a4b2000 r--p 000e5000 08:05 135324                     /usr/lib/x86_64-linux-gnu/libstdc++.so.6.0.19
7fb01a4b2000-7fb01a4b4000 rw-p 000ed000 08:05 135324                     /usr/lib/x86_64-linux-gnu/libstdc++.so.6.0.19
7fb01a4b4000-7fb01a4c9000 rw-p 00000000 00:00 0 
7fb01a4c9000-7fb01afe2000 r-xp 00000000 08:05 1061235                    /usr/lib/jvm/java-7-openjdk-amd64/jre/lib/amd64/server/libjvm.so
7fb01afe2000-7fb01b1e2000 ---p 00b19000 08:05 1061235                    /usr/lib/jvm/java-7-openjdk-amd64/jre/lib/amd64/server/libjvm.so
7fb01b1e2000-7fb01b27c000 r--p 00b19000 08:05 1061235                    /usr/lib/jvm/java-7-openjdk-amd64/jre/lib/amd64/server/libjvm.so
7fb01b27c000-7fb01b29f000 rw-p 00bb3000 08:05 1061235                    /usr/lib/jvm/java-7-openjdk-amd64/jre/lib/amd64/server/libjvm.so
7fb01b29f000-7fb01b2cd000 rw-p 00000000 00:00 0 
7fb01b2cd000-7fb01b2e5000 r-xp 00000000 08:05 2625719                    /lib/x86_64-linux-gnu/libz.so.1.2.8
7fb01b2e5000-7fb01b4e4000 ---p 00018000 08:05 2625719                    /lib/x86_64-linux-gnu/libz.so.1.2.8
7fb01b4e4000-7fb01b4e5000 r--p 00017000 08:05 2625719                    /lib/x86_64-linux-gnu/libz.so.1.2.8
7fb01b4e5000-7fb01b4e6000 rw-p 00018000 08:05 2625719                    /lib/x86_64-linux-gnu/libz.so.1.2.8
7fb01b4e6000-7fb01b4ff000 r-xp 00000000 08:05 2637414                    /lib/x86_64-linux-gnu/libpthread-2.19.so
7fb01b4ff000-7fb01b6fe000 ---p 00019000 08:05 2637414                    /lib/x86_64-linux-gnu/libpthread-2.19.so
7fb01b6fe000-7fb01b6ff000 r--p 00018000 08:05 2637414                    /lib/x86_64-linux-gnu/libpthread-2.19.so
7fb01b6ff000-7fb01b700000 rw-p 00019000 08:05 2637414                    /lib/x86_64-linux-gnu/libpthread-2.19.so
7fb01b700000-7fb01b704000 rw-p 00000000 00:00 0 
7fb01b704000-7fb01b707000 r-xp 00000000 08:05 2637394                    /lib/x86_64-linux-gnu/libdl-2.19.so
7fb01b707000-7fb01b906000 ---p 00003000 08:05 2637394                    /lib/x86_64-linux-gnu/libdl-2.19.so
7fb01b906000-7fb01b907000 r--p 00002000 08:05 2637394                    /lib/x86_64-linux-gnu/libdl-2.19.so
7fb01b907000-7fb01b908000 rw-p 00003000 08:05 2637394                    /lib/x86_64-linux-gnu/libdl-2.19.so
7fb01b908000-7fb01bac3000 r-xp 00000000 08:05 2637412                    /lib/x86_64-linux-gnu/libc-2.19.so
7fb01bac3000-7fb01bcc2000 ---p 001bb000 08:05 2637412                    /lib/x86_64-linux-gnu/libc-2.19.so
7fb01bcc2000-7fb01bcc6000 r--p 001ba000 08:05 2637412                    /lib/x86_64-linux-gnu/libc-2.19.so
7fb01bcc6000-7fb01bcc8000 rw-p 001be000 08:05 2637412                    /lib/x86_64-linux-gnu/libc-2.19.so
7fb01bcc8000-7fb01bccd000 rw-p 00000000 00:00 0 
7fb01bccd000-7fb01bcda000 r-xp 00000000 08:05 1442905                    /usr/lib/jvm/java-7-openjdk-amd64/jre/lib/amd64/jli/libjli.so
7fb01bcda000-7fb01bed9000 ---p 0000d000 08:05 1442905                    /usr/lib/jvm/java-7-openjdk-amd64/jre/lib/amd64/jli/libjli.so
7fb01bed9000-7fb01beda000 r--p 0000c000 08:05 1442905                    /usr/lib/jvm/java-7-openjdk-amd64/jre/lib/amd64/jli/libjli.so
7fb01beda000-7fb01bedb000 rw-p 0000d000 08:05 1442905                    /usr/lib/jvm/java-7-openjdk-amd64/jre/lib/amd64/jli/libjli.so
7fb01bedb000-7fb01befe000 r-xp 00000000 08:05 2637406                    /lib/x86_64-linux-gnu/ld-2.19.so
7fb01befe000-7fb01beff000 rw-p 00000000 00:00 0 
7fb01beff000-7fb01bf01000 r--s 00006000 08:05 540611                     /usr/share/java/java-atk-wrapper.jar
7fb01bf01000-7fb01bf23000 rw-p 00000000 00:00 0 
7fb01bf23000-7fb01bfd9000 rw-p 00000000 00:00 0 
7fb01bfd9000-7fb01bfdc000 ---p 00000000 00:00 0 
7fb01bfdc000-7fb01c0df000 rw-p 00000000 00:00 0                          [stack:10563]
7fb01c0df000-7fb01c0e3000 r--s 0003c000 08:05 1061222                    /usr/lib/jvm/java-7-openjdk-amd64/jre/lib/ext/sunpkcs11.jar
7fb01c0e3000-7fb01c0e7000 r--s 00085000 08:05 1061219                    /usr/lib/jvm/java-7-openjdk-amd64/jre/lib/ext/localedata.jar
7fb01c0e7000-7fb01c0e8000 r--s 00002000 08:05 1061220                    /usr/lib/jvm/java-7-openjdk-amd64/jre/lib/ext/dnsns.jar
7fb01c0e8000-7fb01c0eb000 r--s 0000f000 08:05 1061223                    /usr/lib/jvm/java-7-openjdk-amd64/jre/lib/ext/icedtea-sound.jar
7fb01c0eb000-7fb01c0ef000 r--s 00034000 08:05 1061221                    /usr/lib/jvm/java-7-openjdk-amd64/jre/lib/ext/sunjce_provider.jar
7fb01c0ef000-7fb01c0f1000 r--s 00012000 08:05 1061224                    /usr/lib/jvm/java-7-openjdk-amd64/jre/lib/ext/zipfs.jar
7fb01c0f1000-7fb01c0f9000 rw-s 00000000 08:05 1733642                    /tmp/hsperfdata_lord_tyler/10557
7fb01c0f9000-7fb01c0fa000 rw-p 00000000 00:00 0 
7fb01c0fa000-7fb01c0fb000 ---p 00000000 00:00 0 
7fb01c0fb000-7fb01c0fd000 rw-p 00000000 00:00 0 
7fb01c0fd000-7fb01c0fe000 r--p 00022000 08:05 2637406                    /lib/x86_64-linux-gnu/ld-2.19.so
7fb01c0fe000-7fb01c0ff000 rw-p 00023000 08:05 2637406                    /lib/x86_64-linux-gnu/ld-2.19.so
7fb01c0ff000-7fb01c100000 rw-p 00000000 00:00 0 
7ffc02409000-7ffc0242b000 rw-p 00000000 00:00 0                          [stack]
7ffc025d7000-7ffc025d9000 r-xp 00000000 00:00 0                          [vdso]
ffffffffff600000-ffffffffff601000 r-xp 00000000 00:00 0                  [vsyscall]

VM Arguments:
jvm_args: -Xmx1024M -Dfile.encoding=UTF-8 -Duser.country=US -Duser.language=en -Duser.variant 
java_command: com.android.dx.command.Main --dex --num-threads=4 --output /home/lord_tyler/AndroidStudioProjects/TECB131-MeLotto/app/build/intermediates/dex/debug /home/lord_tyler/AndroidStudioProjects/TECB131-MeLotto/app/build/intermediates/classes/debug /home/lord_tyler/AndroidStudioProjects/TECB131-MeLotto/app/build/intermediates/pre-dexed/debug/support-annotations-23.1.0-bb82cb41b58ee7e14a004930a4e53a77ba994cb5.jar /home/lord_tyler/AndroidStudioProjects/TECB131-MeLotto/app/build/intermediates/pre-dexed/debug/classes-29fd9ebe8cb37f9676dbfd104825c39b166622f0.jar /home/lord_tyler/AndroidStudioProjects/TECB131-MeLotto/app/build/intermediates/pre-dexed/debug/classes-8da0f76a19831d48cbecb69c0044984ca1dea4b4.jar /home/lord_tyler/AndroidStudioProjects/TECB131-MeLotto/app/build/intermediates/pre-dexed/debug/classes-25219911bb143e3a78ebaa8cb4531b685df174ea.jar /home/lord_tyler/AndroidStudioProjects/TECB131-MeLotto/app/build/intermediates/pre-dexed/debug/classes-5823d8a56ae33680d22bac9b2014331004168e9b.jar /home/lord_tyler/AndroidStudioProjects/TECB131-MeLotto/app/build/intermediates/pre-dexed/debug/butterknife-6.1.0-79104571a47d997e97036e475db5f9a2845f5ab8.jar /home/lord_tyler/AndroidStudioProjects/TECB131-MeLotto/app/build/intermediates/pre-dexed/debug/bolts-android-1.2.1-42c94157dcd7fa9f296e1c407234ceb6f7f2d2ad.jar /home/lord_tyler/AndroidStudioProjects/TECB131-MeLotto/app/build/intermediates/pre-dexed/debug/classes-cf42f0a64161aad178119a67f38660f7a73771f7.jar /home/lord_tyler/AndroidStudioProjects/TECB131-MeLotto/app/build/intermediates/pre-dexed/debug/internal_impl-23.1.0-fc8e30e4c797945122f10df841b906c0319292be.jar /home/lord_tyler/AndroidStudioProjects/TECB131-MeLotto/app/build/intermediates/pre-dexed/debug/classes-9fdff58647f885606876be1efa1b80bfef24b340.jar /home/lord_tyler/AndroidStudioProjects/TECB131-MeLotto/app/build/intermediates/pre-dexed/debug/glide-3.6.0-3ee34418448d96a1cacbd43bbd0ae87b0a31f51c.jar /home/lord_tyler/AndroidStudioProjects/TECB131-MeLotto/ap
Launcher Type: SUN_STANDARD

Environment Variables:
PATH=/usr/local/sbin:/usr/local/bin:/usr/sbin:/usr/bin:/sbin:/bin:/usr/games:/usr/local/games
LD_LIBRARY_PATH=/home/lord_tyler/android/android-studio/bin:
SHELL=/bin/bash
DISPLAY=:0

Signal Handlers:
SIGSEGV: [libjvm.so+0x94bab0], sa_mask[0]=0x7ffbfeff, sa_flags=0x10000004
SIGBUS: [libjvm.so+0x94bab0], sa_mask[0]=0x7ffbfeff, sa_flags=0x10000004
SIGFPE: [libjvm.so+0x7c38b0], sa_mask[0]=0x7ffbfeff, sa_flags=0x10000004
SIGPIPE: [libjvm.so+0x7c38b0], sa_mask[0]=0x7ffbfeff, sa_flags=0x10000004
SIGXFSZ: [libjvm.so+0x7c38b0], sa_mask[0]=0x7ffbfeff, sa_flags=0x10000004
SIGILL: [libjvm.so+0x7c38b0], sa_mask[0]=0x7ffbfeff, sa_flags=0x10000004
SIGUSR1: SIG_DFL, sa_mask[0]=0x00000000, sa_flags=0x00000000
SIGUSR2: [libjvm.so+0x7c3750], sa_mask[0]=0x00000004, sa_flags=0x10000004
SIGHUP: [libjvm.so+0x7c3930], sa_mask[0]=0x7ffbfeff, sa_flags=0x10000004
SIGINT: [libjvm.so+0x7c3930], sa_mask[0]=0x7ffbfeff, sa_flags=0x10000004
SIGTERM: [libjvm.so+0x7c3930], sa_mask[0]=0x7ffbfeff, sa_flags=0x10000004
SIGQUIT: [libjvm.so+0x7c3930], sa_mask[0]=0x7ffbfeff, sa_flags=0x10000004
SIGTRAP: SIG_DFL, sa_mask[0]=0x00000000, sa_flags=0x00000000


---------------  S Y S T E M  ---------------

OS:Ubuntu 14.04 (trusty)
uname:Linux 3.13.0-66-generic #108-Ubuntu SMP Wed Oct 7 15:20:27 UTC 2015 x86_64
libc:glibc 2.19 NPTL 2.19 
rlimit: STACK 8192k, CORE 0k, NPROC 30566, NOFILE 4096, AS infinity
load average:0.46 0.37 0.29

/proc/meminfo:
MemTotal:        3961256 kB
MemFree:          117052 kB
Buffers:            1296 kB
Cached:           919440 kB
SwapCached:            0 kB
Active:          2826848 kB
Inactive:         862224 kB
Active(anon):    2772972 kB
Inactive(anon):   808272 kB
Active(file):      53876 kB
Inactive(file):    53952 kB
Unevictable:          32 kB
Mlocked:              32 kB
SwapTotal:             0 kB
SwapFree:              0 kB
Dirty:              2476 kB
Writeback:             0 kB
AnonPages:       2768788 kB
Mapped:           168296 kB
Shmem:            812536 kB
Slab:              62448 kB
SReclaimable:      31488 kB
SUnreclaim:        30960 kB
KernelStack:        4112 kB
PageTables:        30668 kB
NFS_Unstable:          0 kB
Bounce:                0 kB
WritebackTmp:          0 kB
CommitLimit:     1980628 kB
Committed_AS:    6239040 kB
VmallocTotal:   34359738367 kB
VmallocUsed:      366504 kB
VmallocChunk:   34359364120 kB
HardwareCorrupted:     0 kB
AnonHugePages:   1200128 kB
HugePages_Total:       0
HugePages_Free:        0
HugePages_Rsvd:        0
HugePages_Surp:        0
Hugepagesize:       2048 kB
DirectMap4k:       81140 kB
DirectMap2M:     2977792 kB
DirectMap1G:     1048576 kB


CPU:total 4 (2 cores per cpu, 2 threads per core) family 6 model 69 stepping 1, cmov, cx8, fxsr, mmx, sse, sse2, sse3, ssse3, sse4.1, sse4.2, popcnt, avx, avx2, aes, erms, ht, tsc, tscinvbit

/proc/cpuinfo:
processor	: 0
vendor_id	: GenuineIntel
cpu family	: 6
model		: 69
model name	: Intel(R) Core(TM) i5-4200U CPU @ 1.60GHz
stepping	: 1
microcode	: 0x15
cpu MHz		: 2301.000
cache size	: 3072 KB
physical id	: 0
siblings	: 4
core id		: 0
cpu cores	: 2
apicid		: 0
initial apicid	: 0
fpu		: yes
fpu_exception	: yes
cpuid level	: 13
wp		: yes
flags		: fpu vme de pse tsc msr pae mce cx8 apic sep mtrr pge mca cmov pat pse36 clflush dts acpi mmx fxsr sse sse2 ss ht tm pbe syscall nx pdpe1gb rdtscp lm constant_tsc arch_perfmon pebs bts rep_good nopl xtopology nonstop_tsc aperfmperf eagerfpu pni pclmulqdq dtes64 monitor ds_cpl vmx est tm2 ssse3 fma cx16 xtpr pdcm pcid sse4_1 sse4_2 movbe popcnt tsc_deadline_timer aes xsave avx f16c rdrand lahf_lm abm ida arat epb xsaveopt pln pts dtherm tpr_shadow vnmi flexpriority ept vpid fsgsbase tsc_adjust bmi1 avx2 smep bmi2 erms invpcid
bogomips	: 4589.29
clflush size	: 64
cache_alignment	: 64
address sizes	: 39 bits physical, 48 bits virtual
power management:

processor	: 1
vendor_id	: GenuineIntel
cpu family	: 6
model		: 69
model name	: Intel(R) Core(TM) i5-4200U CPU @ 1.60GHz
stepping	: 1
microcode	: 0x15
cpu MHz		: 2000.000
cache size	: 3072 KB
physical id	: 0
siblings	: 4
core id		: 1
cpu cores	: 2
apicid		: 2
initial apicid	: 2
fpu		: yes
fpu_exception	: yes
cpuid level	: 13
wp		: yes
flags		: fpu vme de pse tsc msr pae mce cx8 apic sep mtrr pge mca cmov pat pse36 clflush dts acpi mmx fxsr sse sse2 ss ht tm pbe syscall nx pdpe1gb rdtscp lm constant_tsc arch_perfmon pebs bts rep_good nopl xtopology nonstop_tsc aperfmperf eagerfpu pni pclmulqdq dtes64 monitor ds_cpl vmx est tm2 ssse3 fma cx16 xtpr pdcm pcid sse4_1 sse4_2 movbe popcnt tsc_deadline_timer aes xsave avx f16c rdrand lahf_lm abm ida arat epb xsaveopt pln pts dtherm tpr_shadow vnmi flexpriority ept vpid fsgsbase tsc_adjust bmi1 avx2 smep bmi2 erms invpcid
bogomips	: 4589.29
clflush size	: 64
cache_alignment	: 64
address sizes	: 39 bits physical, 48 bits virtual
power management:

processor	: 2
vendor_id	: GenuineIntel
cpu family	: 6
model		: 69
model name	: Intel(R) Core(TM) i5-4200U CPU @ 1.60GHz
stepping	: 1
microcode	: 0x15
cpu MHz		: 800.000
cache size	: 3072 KB
physical id	: 0
siblings	: 4
core id		: 0
cpu cores	: 2
apicid		: 1
initial apicid	: 1
fpu		: yes
fpu_exception	: yes
cpuid level	: 13
wp		: yes
flags		: fpu vme de pse tsc msr pae mce cx8 apic sep mtrr pge mca cmov pat pse36 clflush dts acpi mmx fxsr sse sse2 ss ht tm pbe syscall nx pdpe1gb rdtscp lm constant_tsc arch_perfmon pebs bts rep_good nopl xtopology nonstop_tsc aperfmperf eagerfpu pni pclmulqdq dtes64 monitor ds_cpl vmx est tm2 ssse3 fma cx16 xtpr pdcm pcid sse4_1 sse4_2 movbe popcnt tsc_deadline_timer aes xsave avx f16c rdrand lahf_lm abm ida arat epb xsaveopt pln pts dtherm tpr_shadow vnmi flexpriority ept vpid fsgsbase tsc_adjust bmi1 avx2 smep bmi2 erms invpcid
bogomips	: 4589.29
clflush size	: 64
cache_alignment	: 64
address sizes	: 39 bits physical, 48 bits virtual
power management:

processor	: 3
vendor_id	: GenuineIntel
cpu family	: 6
model		: 69
model name	: Intel(R) Core(TM) i5-4200U CPU @ 1.60GHz
stepping	: 1
microcode	: 0x15
cpu MHz		: 800.000
cache size	: 3072 KB
physical id	: 0
siblings	: 4
core id		: 1
cpu cores	: 2
apicid		: 3
initial apicid	: 3
fpu		: yes
fpu_exception	: yes
cpuid level	: 13
wp		: yes
flags		: fpu vme de pse tsc msr pae mce cx8 apic sep mtrr pge mca cmov pat pse36 clflush dts acpi mmx fxsr sse sse2 ss ht tm pbe syscall nx pdpe1gb rdtscp lm constant_tsc arch_perfmon pebs bts rep_good nopl xtopology nonstop_tsc aperfmperf eagerfpu pni pclmulqdq dtes64 monitor ds_cpl vmx est tm2 ssse3 fma cx16 xtpr pdcm pcid sse4_1 sse4_2 movbe popcnt tsc_deadline_timer aes xsave avx f16c rdrand lahf_lm abm ida arat epb xsaveopt pln pts dtherm tpr_shadow vnmi flexpriority ept vpid fsgsbase tsc_adjust bmi1 avx2 smep bmi2 erms invpcid
bogomips	: 4589.29
clflush size	: 64
cache_alignment	: 64
address sizes	: 39 bits physical, 48 bits virtual
power management:



Memory: 4k page, physical 3961256k(117072k free), swap 0k(0k free)

vm_info: OpenJDK 64-Bit Server VM (24.79-b02) for linux-amd64 JRE (1.7.0_79-b14), built on Jul 24 2015 08:15:54 by "buildd" with gcc 4.8.2

time: Fri Oct 23 17:19:08 2015
elapsed time: 3 seconds

